<?xml version="1.0" encoding="UTF-8"?>
<testsuite xmlns:xsi="http://www.w3.org/2001/XMLSchema-instance" xsi:noNamespaceSchemaLocation="https://maven.apache.org/surefire/maven-surefire-plugin/xsd/surefire-test-report.xsd" name="TestSuite" time="813.718" tests="35" errors="0" skipped="0" failures="0">
  <properties>
    <property name="sun.desktop" value="gnome"/>
    <property name="awt.toolkit" value="sun.awt.X11.XToolkit"/>
    <property name="java.specification.version" value="11"/>
    <property name="sun.cpu.isalist" value=""/>
    <property name="sun.jnu.encoding" value="UTF-8"/>
    <property name="java.class.path" value="/home/jl/Documents/ATL/AccessibleTodoList_End2endTests/target/test-classes:/home/jl/Documents/ATL/AccessibleTodoList_End2endTests/target/classes:/home/jl/.m2/repository/org/seleniumhq/selenium/selenium-java/3.13.0/selenium-java-3.13.0.jar:/home/jl/.m2/repository/org/seleniumhq/selenium/selenium-api/3.13.0/selenium-api-3.13.0.jar:/home/jl/.m2/repository/org/seleniumhq/selenium/selenium-chrome-driver/3.13.0/selenium-chrome-driver-3.13.0.jar:/home/jl/.m2/repository/org/seleniumhq/selenium/selenium-edge-driver/3.13.0/selenium-edge-driver-3.13.0.jar:/home/jl/.m2/repository/org/seleniumhq/selenium/selenium-firefox-driver/3.13.0/selenium-firefox-driver-3.13.0.jar:/home/jl/.m2/repository/org/seleniumhq/selenium/selenium-ie-driver/3.13.0/selenium-ie-driver-3.13.0.jar:/home/jl/.m2/repository/org/seleniumhq/selenium/selenium-opera-driver/3.13.0/selenium-opera-driver-3.13.0.jar:/home/jl/.m2/repository/org/seleniumhq/selenium/selenium-remote-driver/3.13.0/selenium-remote-driver-3.13.0.jar:/home/jl/.m2/repository/org/seleniumhq/selenium/selenium-safari-driver/3.13.0/selenium-safari-driver-3.13.0.jar:/home/jl/.m2/repository/org/seleniumhq/selenium/selenium-support/3.13.0/selenium-support-3.13.0.jar:/home/jl/.m2/repository/net/bytebuddy/byte-buddy/1.8.3/byte-buddy-1.8.3.jar:/home/jl/.m2/repository/org/apache/commons/commons-exec/1.3/commons-exec-1.3.jar:/home/jl/.m2/repository/commons-codec/commons-codec/1.10/commons-codec-1.10.jar:/home/jl/.m2/repository/commons-logging/commons-logging/1.2/commons-logging-1.2.jar:/home/jl/.m2/repository/com/google/code/gson/gson/2.8.4/gson-2.8.4.jar:/home/jl/.m2/repository/com/google/guava/guava/25.0-jre/guava-25.0-jre.jar:/home/jl/.m2/repository/com/google/code/findbugs/jsr305/1.3.9/jsr305-1.3.9.jar:/home/jl/.m2/repository/org/checkerframework/checker-compat-qual/2.0.0/checker-compat-qual-2.0.0.jar:/home/jl/.m2/repository/com/google/errorprone/error_prone_annotations/2.1.3/error_prone_annotations-2.1.3.jar:/home/jl/.m2/repository/com/google/j2objc/j2objc-annotations/1.1/j2objc-annotations-1.1.jar:/home/jl/.m2/repository/org/codehaus/mojo/animal-sniffer-annotations/1.14/animal-sniffer-annotations-1.14.jar:/home/jl/.m2/repository/org/apache/httpcomponents/httpclient/4.5.5/httpclient-4.5.5.jar:/home/jl/.m2/repository/org/apache/httpcomponents/httpcore/4.4.9/httpcore-4.4.9.jar:/home/jl/.m2/repository/com/squareup/okhttp3/okhttp/3.10.0/okhttp-3.10.0.jar:/home/jl/.m2/repository/com/squareup/okio/okio/1.14.1/okio-1.14.1.jar:/home/jl/.m2/repository/com/beust/jcommander/1.72/jcommander-1.72.jar:/home/jl/.m2/repository/org/testng/testng/6.13.1/testng-6.13.1.jar:/home/jl/.m2/repository/junit/junit/4.13.2/junit-4.13.2.jar:/home/jl/.m2/repository/org/hamcrest/hamcrest-core/1.3/hamcrest-core-1.3.jar:/home/jl/.m2/repository/org/assertj/assertj-core/3.8.0/assertj-core-3.8.0.jar:/home/jl/.m2/repository/com/itextpdf/pdfocr-tesseract4/1.0.2/pdfocr-tesseract4-1.0.2.jar:/home/jl/.m2/repository/com/itextpdf/pdfocr-api/1.0.2/pdfocr-api-1.0.2.jar:/home/jl/.m2/repository/com/itextpdf/layout/7.1.13/layout-7.1.13.jar:/home/jl/.m2/repository/com/itextpdf/pdfa/7.1.13/pdfa-7.1.13.jar:/home/jl/.m2/repository/org/apache/commons/commons-imaging/1.0-alpha1/commons-imaging-1.0-alpha1.jar:/home/jl/.m2/repository/com/itextpdf/styled-xml-parser/7.1.13/styled-xml-parser-7.1.13.jar:/home/jl/.m2/repository/com/itextpdf/io/7.1.13/io-7.1.13.jar:/home/jl/.m2/repository/com/itextpdf/kernel/7.1.13/kernel-7.1.13.jar:/home/jl/.m2/repository/org/bouncycastle/bcpkix-jdk15on/1.64/bcpkix-jdk15on-1.64.jar:/home/jl/.m2/repository/org/bouncycastle/bcprov-jdk15on/1.64/bcprov-jdk15on-1.64.jar:/home/jl/.m2/repository/net/sourceforge/tess4j/tess4j/4.5.1/tess4j-4.5.1.jar:/home/jl/.m2/repository/net/java/dev/jna/jna/5.5.0/jna-5.5.0.jar:/home/jl/.m2/repository/com/github/jai-imageio/jai-imageio-core/1.4.0/jai-imageio-core-1.4.0.jar:/home/jl/.m2/repository/org/apache/pdfbox/pdfbox/2.0.18/pdfbox-2.0.18.jar:/home/jl/.m2/repository/org/apache/pdfbox/fontbox/2.0.18/fontbox-2.0.18.jar:/home/jl/.m2/repository/org/apache/pdfbox/pdfbox-tools/2.0.18/pdfbox-tools-2.0.18.jar:/home/jl/.m2/repository/org/apache/pdfbox/pdfbox-debugger/2.0.18/pdfbox-debugger-2.0.18.jar:/home/jl/.m2/repository/org/apache/pdfbox/jbig2-imageio/3.0.3/jbig2-imageio-3.0.3.jar:/home/jl/.m2/repository/commons-io/commons-io/2.6/commons-io-2.6.jar:/home/jl/.m2/repository/net/sourceforge/lept4j/lept4j/1.13.0/lept4j-1.13.0.jar:/home/jl/.m2/repository/org/jboss/jboss-vfs/3.2.15.Final/jboss-vfs-3.2.15.Final.jar:/home/jl/.m2/repository/org/jboss/logging/jboss-logging/3.1.4.GA/jboss-logging-3.1.4.GA.jar:/home/jl/.m2/repository/ch/qos/logback/logback-classic/1.2.3/logback-classic-1.2.3.jar:/home/jl/.m2/repository/ch/qos/logback/logback-core/1.2.3/logback-core-1.2.3.jar:/home/jl/.m2/repository/org/slf4j/jul-to-slf4j/1.7.30/jul-to-slf4j-1.7.30.jar:/home/jl/.m2/repository/org/slf4j/jcl-over-slf4j/1.7.30/jcl-over-slf4j-1.7.30.jar:/home/jl/.m2/repository/org/slf4j/slf4j-api/1.7.13/slf4j-api-1.7.13.jar:/home/jl/.m2/repository/org/sonarsource/scanner/maven/sonar-maven-plugin/3.8.0.2131/sonar-maven-plugin-3.8.0.2131.jar:/home/jl/.m2/repository/org/sonatype/plexus/plexus-sec-dispatcher/1.4/plexus-sec-dispatcher-1.4.jar:/home/jl/.m2/repository/org/sonatype/plexus/plexus-cipher/1.4/plexus-cipher-1.4.jar:/home/jl/.m2/repository/org/codehaus/plexus/plexus-utils/3.2.1/plexus-utils-3.2.1.jar:/home/jl/.m2/repository/org/sonarsource/scanner/api/sonar-scanner-api/2.16.0.226/sonar-scanner-api-2.16.0.226.jar:/home/jl/.m2/repository/commons-lang/commons-lang/2.6/commons-lang-2.6.jar:/home/jl/.m2/repository/org/awaitility/awaitility/4.0.0/awaitility-4.0.0.jar:/home/jl/.m2/repository/org/hamcrest/hamcrest/2.1/hamcrest-2.1.jar:/home/jl/.m2/repository/org/objenesis/objenesis/2.6/objenesis-2.6.jar:/home/jl/.m2/repository/org/apache/maven/plugins/maven-compiler-plugin/3.8.1/maven-compiler-plugin-3.8.1.jar:/home/jl/.m2/repository/org/apache/maven/maven-plugin-api/3.0/maven-plugin-api-3.0.jar:/home/jl/.m2/repository/org/apache/maven/maven-model/3.0/maven-model-3.0.jar:/home/jl/.m2/repository/org/sonatype/sisu/sisu-inject-plexus/1.4.2/sisu-inject-plexus-1.4.2.jar:/home/jl/.m2/repository/org/sonatype/sisu/sisu-inject-bean/1.4.2/sisu-inject-bean-1.4.2.jar:/home/jl/.m2/repository/org/sonatype/sisu/sisu-guice/2.1.7/sisu-guice-2.1.7-noaop.jar:/home/jl/.m2/repository/org/apache/maven/maven-artifact/3.0/maven-artifact-3.0.jar:/home/jl/.m2/repository/org/apache/maven/maven-core/3.0/maven-core-3.0.jar:/home/jl/.m2/repository/org/apache/maven/maven-settings/3.0/maven-settings-3.0.jar:/home/jl/.m2/repository/org/apache/maven/maven-settings-builder/3.0/maven-settings-builder-3.0.jar:/home/jl/.m2/repository/org/apache/maven/maven-repository-metadata/3.0/maven-repository-metadata-3.0.jar:/home/jl/.m2/repository/org/apache/maven/maven-model-builder/3.0/maven-model-builder-3.0.jar:/home/jl/.m2/repository/org/apache/maven/maven-aether-provider/3.0/maven-aether-provider-3.0.jar:/home/jl/.m2/repository/org/sonatype/aether/aether-impl/1.7/aether-impl-1.7.jar:/home/jl/.m2/repository/org/sonatype/aether/aether-spi/1.7/aether-spi-1.7.jar:/home/jl/.m2/repository/org/sonatype/aether/aether-api/1.7/aether-api-1.7.jar:/home/jl/.m2/repository/org/sonatype/aether/aether-util/1.7/aether-util-1.7.jar:/home/jl/.m2/repository/org/codehaus/plexus/plexus-interpolation/1.14/plexus-interpolation-1.14.jar:/home/jl/.m2/repository/org/codehaus/plexus/plexus-classworlds/2.2.3/plexus-classworlds-2.2.3.jar:/home/jl/.m2/repository/org/codehaus/plexus/plexus-component-annotations/1.5.5/plexus-component-annotations-1.5.5.jar:/home/jl/.m2/repository/org/apache/maven/shared/maven-shared-utils/3.2.1/maven-shared-utils-3.2.1.jar:/home/jl/.m2/repository/org/apache/maven/shared/maven-shared-incremental/1.1/maven-shared-incremental-1.1.jar:/home/jl/.m2/repository/org/codehaus/plexus/plexus-java/0.9.10/plexus-java-0.9.10.jar:/home/jl/.m2/repository/org/ow2/asm/asm/6.2/asm-6.2.jar:/home/jl/.m2/repository/com/thoughtworks/qdox/qdox/2.0-M8/qdox-2.0-M8.jar:/home/jl/.m2/repository/org/codehaus/plexus/plexus-compiler-api/2.8.4/plexus-compiler-api-2.8.4.jar:/home/jl/.m2/repository/org/codehaus/plexus/plexus-compiler-manager/2.8.4/plexus-compiler-manager-2.8.4.jar:/home/jl/.m2/repository/org/codehaus/plexus/plexus-compiler-javac/2.8.4/plexus-compiler-javac-2.8.4.jar:"/>
    <property name="java.vm.vendor" value="Ubuntu"/>
    <property name="sun.arch.data.model" value="64"/>
    <property name="java.vendor.url" value="https://ubuntu.com/"/>
    <property name="user.timezone" value=""/>
    <property name="java.vm.specification.version" value="11"/>
    <property name="os.name" value="Linux"/>
    <property name="sun.java.launcher" value="SUN_STANDARD"/>
    <property name="user.country" value="US"/>
    <property name="sun.boot.library.path" value="/usr/lib/jvm/java-11-openjdk-amd64/lib"/>
    <property name="sun.java.command" value="/home/jl/Documents/ATL/AccessibleTodoList_End2endTests/target/surefire/surefirebooter601678287384395673.jar /home/jl/Documents/ATL/AccessibleTodoList_End2endTests/target/surefire 2021-04-02T18-07-49_467-jvmRun1 surefire11533617811790798134tmp surefire_018003973019780209356tmp"/>
    <property name="jdk.debug" value="release"/>
    <property name="surefire.test.class.path" value="/home/jl/Documents/ATL/AccessibleTodoList_End2endTests/target/test-classes:/home/jl/Documents/ATL/AccessibleTodoList_End2endTests/target/classes:/home/jl/.m2/repository/org/seleniumhq/selenium/selenium-java/3.13.0/selenium-java-3.13.0.jar:/home/jl/.m2/repository/org/seleniumhq/selenium/selenium-api/3.13.0/selenium-api-3.13.0.jar:/home/jl/.m2/repository/org/seleniumhq/selenium/selenium-chrome-driver/3.13.0/selenium-chrome-driver-3.13.0.jar:/home/jl/.m2/repository/org/seleniumhq/selenium/selenium-edge-driver/3.13.0/selenium-edge-driver-3.13.0.jar:/home/jl/.m2/repository/org/seleniumhq/selenium/selenium-firefox-driver/3.13.0/selenium-firefox-driver-3.13.0.jar:/home/jl/.m2/repository/org/seleniumhq/selenium/selenium-ie-driver/3.13.0/selenium-ie-driver-3.13.0.jar:/home/jl/.m2/repository/org/seleniumhq/selenium/selenium-opera-driver/3.13.0/selenium-opera-driver-3.13.0.jar:/home/jl/.m2/repository/org/seleniumhq/selenium/selenium-remote-driver/3.13.0/selenium-remote-driver-3.13.0.jar:/home/jl/.m2/repository/org/seleniumhq/selenium/selenium-safari-driver/3.13.0/selenium-safari-driver-3.13.0.jar:/home/jl/.m2/repository/org/seleniumhq/selenium/selenium-support/3.13.0/selenium-support-3.13.0.jar:/home/jl/.m2/repository/net/bytebuddy/byte-buddy/1.8.3/byte-buddy-1.8.3.jar:/home/jl/.m2/repository/org/apache/commons/commons-exec/1.3/commons-exec-1.3.jar:/home/jl/.m2/repository/commons-codec/commons-codec/1.10/commons-codec-1.10.jar:/home/jl/.m2/repository/commons-logging/commons-logging/1.2/commons-logging-1.2.jar:/home/jl/.m2/repository/com/google/code/gson/gson/2.8.4/gson-2.8.4.jar:/home/jl/.m2/repository/com/google/guava/guava/25.0-jre/guava-25.0-jre.jar:/home/jl/.m2/repository/com/google/code/findbugs/jsr305/1.3.9/jsr305-1.3.9.jar:/home/jl/.m2/repository/org/checkerframework/checker-compat-qual/2.0.0/checker-compat-qual-2.0.0.jar:/home/jl/.m2/repository/com/google/errorprone/error_prone_annotations/2.1.3/error_prone_annotations-2.1.3.jar:/home/jl/.m2/repository/com/google/j2objc/j2objc-annotations/1.1/j2objc-annotations-1.1.jar:/home/jl/.m2/repository/org/codehaus/mojo/animal-sniffer-annotations/1.14/animal-sniffer-annotations-1.14.jar:/home/jl/.m2/repository/org/apache/httpcomponents/httpclient/4.5.5/httpclient-4.5.5.jar:/home/jl/.m2/repository/org/apache/httpcomponents/httpcore/4.4.9/httpcore-4.4.9.jar:/home/jl/.m2/repository/com/squareup/okhttp3/okhttp/3.10.0/okhttp-3.10.0.jar:/home/jl/.m2/repository/com/squareup/okio/okio/1.14.1/okio-1.14.1.jar:/home/jl/.m2/repository/com/beust/jcommander/1.72/jcommander-1.72.jar:/home/jl/.m2/repository/org/testng/testng/6.13.1/testng-6.13.1.jar:/home/jl/.m2/repository/junit/junit/4.13.2/junit-4.13.2.jar:/home/jl/.m2/repository/org/hamcrest/hamcrest-core/1.3/hamcrest-core-1.3.jar:/home/jl/.m2/repository/org/assertj/assertj-core/3.8.0/assertj-core-3.8.0.jar:/home/jl/.m2/repository/com/itextpdf/pdfocr-tesseract4/1.0.2/pdfocr-tesseract4-1.0.2.jar:/home/jl/.m2/repository/com/itextpdf/pdfocr-api/1.0.2/pdfocr-api-1.0.2.jar:/home/jl/.m2/repository/com/itextpdf/layout/7.1.13/layout-7.1.13.jar:/home/jl/.m2/repository/com/itextpdf/pdfa/7.1.13/pdfa-7.1.13.jar:/home/jl/.m2/repository/org/apache/commons/commons-imaging/1.0-alpha1/commons-imaging-1.0-alpha1.jar:/home/jl/.m2/repository/com/itextpdf/styled-xml-parser/7.1.13/styled-xml-parser-7.1.13.jar:/home/jl/.m2/repository/com/itextpdf/io/7.1.13/io-7.1.13.jar:/home/jl/.m2/repository/com/itextpdf/kernel/7.1.13/kernel-7.1.13.jar:/home/jl/.m2/repository/org/bouncycastle/bcpkix-jdk15on/1.64/bcpkix-jdk15on-1.64.jar:/home/jl/.m2/repository/org/bouncycastle/bcprov-jdk15on/1.64/bcprov-jdk15on-1.64.jar:/home/jl/.m2/repository/net/sourceforge/tess4j/tess4j/4.5.1/tess4j-4.5.1.jar:/home/jl/.m2/repository/net/java/dev/jna/jna/5.5.0/jna-5.5.0.jar:/home/jl/.m2/repository/com/github/jai-imageio/jai-imageio-core/1.4.0/jai-imageio-core-1.4.0.jar:/home/jl/.m2/repository/org/apache/pdfbox/pdfbox/2.0.18/pdfbox-2.0.18.jar:/home/jl/.m2/repository/org/apache/pdfbox/fontbox/2.0.18/fontbox-2.0.18.jar:/home/jl/.m2/repository/org/apache/pdfbox/pdfbox-tools/2.0.18/pdfbox-tools-2.0.18.jar:/home/jl/.m2/repository/org/apache/pdfbox/pdfbox-debugger/2.0.18/pdfbox-debugger-2.0.18.jar:/home/jl/.m2/repository/org/apache/pdfbox/jbig2-imageio/3.0.3/jbig2-imageio-3.0.3.jar:/home/jl/.m2/repository/commons-io/commons-io/2.6/commons-io-2.6.jar:/home/jl/.m2/repository/net/sourceforge/lept4j/lept4j/1.13.0/lept4j-1.13.0.jar:/home/jl/.m2/repository/org/jboss/jboss-vfs/3.2.15.Final/jboss-vfs-3.2.15.Final.jar:/home/jl/.m2/repository/org/jboss/logging/jboss-logging/3.1.4.GA/jboss-logging-3.1.4.GA.jar:/home/jl/.m2/repository/ch/qos/logback/logback-classic/1.2.3/logback-classic-1.2.3.jar:/home/jl/.m2/repository/ch/qos/logback/logback-core/1.2.3/logback-core-1.2.3.jar:/home/jl/.m2/repository/org/slf4j/jul-to-slf4j/1.7.30/jul-to-slf4j-1.7.30.jar:/home/jl/.m2/repository/org/slf4j/jcl-over-slf4j/1.7.30/jcl-over-slf4j-1.7.30.jar:/home/jl/.m2/repository/org/slf4j/slf4j-api/1.7.13/slf4j-api-1.7.13.jar:/home/jl/.m2/repository/org/sonarsource/scanner/maven/sonar-maven-plugin/3.8.0.2131/sonar-maven-plugin-3.8.0.2131.jar:/home/jl/.m2/repository/org/sonatype/plexus/plexus-sec-dispatcher/1.4/plexus-sec-dispatcher-1.4.jar:/home/jl/.m2/repository/org/sonatype/plexus/plexus-cipher/1.4/plexus-cipher-1.4.jar:/home/jl/.m2/repository/org/codehaus/plexus/plexus-utils/3.2.1/plexus-utils-3.2.1.jar:/home/jl/.m2/repository/org/sonarsource/scanner/api/sonar-scanner-api/2.16.0.226/sonar-scanner-api-2.16.0.226.jar:/home/jl/.m2/repository/commons-lang/commons-lang/2.6/commons-lang-2.6.jar:/home/jl/.m2/repository/org/awaitility/awaitility/4.0.0/awaitility-4.0.0.jar:/home/jl/.m2/repository/org/hamcrest/hamcrest/2.1/hamcrest-2.1.jar:/home/jl/.m2/repository/org/objenesis/objenesis/2.6/objenesis-2.6.jar:/home/jl/.m2/repository/org/apache/maven/plugins/maven-compiler-plugin/3.8.1/maven-compiler-plugin-3.8.1.jar:/home/jl/.m2/repository/org/apache/maven/maven-plugin-api/3.0/maven-plugin-api-3.0.jar:/home/jl/.m2/repository/org/apache/maven/maven-model/3.0/maven-model-3.0.jar:/home/jl/.m2/repository/org/sonatype/sisu/sisu-inject-plexus/1.4.2/sisu-inject-plexus-1.4.2.jar:/home/jl/.m2/repository/org/sonatype/sisu/sisu-inject-bean/1.4.2/sisu-inject-bean-1.4.2.jar:/home/jl/.m2/repository/org/sonatype/sisu/sisu-guice/2.1.7/sisu-guice-2.1.7-noaop.jar:/home/jl/.m2/repository/org/apache/maven/maven-artifact/3.0/maven-artifact-3.0.jar:/home/jl/.m2/repository/org/apache/maven/maven-core/3.0/maven-core-3.0.jar:/home/jl/.m2/repository/org/apache/maven/maven-settings/3.0/maven-settings-3.0.jar:/home/jl/.m2/repository/org/apache/maven/maven-settings-builder/3.0/maven-settings-builder-3.0.jar:/home/jl/.m2/repository/org/apache/maven/maven-repository-metadata/3.0/maven-repository-metadata-3.0.jar:/home/jl/.m2/repository/org/apache/maven/maven-model-builder/3.0/maven-model-builder-3.0.jar:/home/jl/.m2/repository/org/apache/maven/maven-aether-provider/3.0/maven-aether-provider-3.0.jar:/home/jl/.m2/repository/org/sonatype/aether/aether-impl/1.7/aether-impl-1.7.jar:/home/jl/.m2/repository/org/sonatype/aether/aether-spi/1.7/aether-spi-1.7.jar:/home/jl/.m2/repository/org/sonatype/aether/aether-api/1.7/aether-api-1.7.jar:/home/jl/.m2/repository/org/sonatype/aether/aether-util/1.7/aether-util-1.7.jar:/home/jl/.m2/repository/org/codehaus/plexus/plexus-interpolation/1.14/plexus-interpolation-1.14.jar:/home/jl/.m2/repository/org/codehaus/plexus/plexus-classworlds/2.2.3/plexus-classworlds-2.2.3.jar:/home/jl/.m2/repository/org/codehaus/plexus/plexus-component-annotations/1.5.5/plexus-component-annotations-1.5.5.jar:/home/jl/.m2/repository/org/apache/maven/shared/maven-shared-utils/3.2.1/maven-shared-utils-3.2.1.jar:/home/jl/.m2/repository/org/apache/maven/shared/maven-shared-incremental/1.1/maven-shared-incremental-1.1.jar:/home/jl/.m2/repository/org/codehaus/plexus/plexus-java/0.9.10/plexus-java-0.9.10.jar:/home/jl/.m2/repository/org/ow2/asm/asm/6.2/asm-6.2.jar:/home/jl/.m2/repository/com/thoughtworks/qdox/qdox/2.0-M8/qdox-2.0-M8.jar:/home/jl/.m2/repository/org/codehaus/plexus/plexus-compiler-api/2.8.4/plexus-compiler-api-2.8.4.jar:/home/jl/.m2/repository/org/codehaus/plexus/plexus-compiler-manager/2.8.4/plexus-compiler-manager-2.8.4.jar:/home/jl/.m2/repository/org/codehaus/plexus/plexus-compiler-javac/2.8.4/plexus-compiler-javac-2.8.4.jar:"/>
    <property name="sun.cpu.endian" value="little"/>
    <property name="user.home" value="/home/jl"/>
    <property name="user.language" value="en"/>
    <property name="java.specification.vendor" value="Oracle Corporation"/>
    <property name="java.version.date" value="2021-01-19"/>
    <property name="java.home" value="/usr/lib/jvm/java-11-openjdk-amd64"/>
    <property name="file.separator" value="/"/>
    <property name="basedir" value="/home/jl/Documents/ATL/AccessibleTodoList_End2endTests"/>
    <property name="java.vm.compressedOopsMode" value="32-bit"/>
    <property name="line.separator" value="&#10;"/>
    <property name="java.specification.name" value="Java Platform API Specification"/>
    <property name="java.vm.specification.vendor" value="Oracle Corporation"/>
    <property name="java.awt.graphicsenv" value="sun.awt.X11GraphicsEnvironment"/>
    <property name="surefire.real.class.path" value="/home/jl/Documents/ATL/AccessibleTodoList_End2endTests/target/surefire/surefirebooter601678287384395673.jar"/>
    <property name="sun.management.compiler" value="HotSpot 64-Bit Tiered Compilers"/>
    <property name="java.runtime.version" value="11.0.10+9-Ubuntu-0ubuntu1.18.04"/>
    <property name="user.name" value="jl"/>
    <property name="path.separator" value=":"/>
    <property name="os.version" value="5.4.0-70-generic"/>
    <property name="java.runtime.name" value="OpenJDK Runtime Environment"/>
    <property name="file.encoding" value="UTF-8"/>
    <property name="java.vm.name" value="OpenJDK 64-Bit Server VM"/>
    <property name="localRepository" value="/home/jl/.m2/repository"/>
    <property name="java.vendor.url.bug" value="https://bugs.launchpad.net/ubuntu/+source/openjdk-lts"/>
    <property name="java.io.tmpdir" value="/tmp"/>
    <property name="java.version" value="11.0.10"/>
    <property name="user.dir" value="/home/jl/Documents/ATL/AccessibleTodoList_End2endTests"/>
    <property name="os.arch" value="amd64"/>
    <property name="java.vm.specification.name" value="Java Virtual Machine Specification"/>
    <property name="java.awt.printerjob" value="sun.print.PSPrinterJob"/>
    <property name="sun.os.patch.level" value="unknown"/>
    <property name="java.library.path" value="/usr/java/packages/lib:/usr/lib/x86_64-linux-gnu/jni:/lib/x86_64-linux-gnu:/usr/lib/x86_64-linux-gnu:/usr/lib/jni:/lib:/usr/lib"/>
    <property name="java.vm.info" value="mixed mode, sharing"/>
    <property name="java.vendor" value="Ubuntu"/>
    <property name="java.vm.version" value="11.0.10+9-Ubuntu-0ubuntu1.18.04"/>
    <property name="sun.io.unicode.encoding" value="UnicodeLittle"/>
    <property name="java.class.version" value="55.0"/>
  </properties>
  <testcase name="createCategory" classname="jl.project.ChromeTests.UserRequirement1_Test" time="1.015"/>
  <testcase name="deleteCategory" classname="jl.project.ChromeTests.UserRequirement1_Test" time="0.625"/>
  <testcase name="createItem" classname="jl.project.ChromeTests.UserRequirement2_Test" time="0.818"/>
  <testcase name="deleteItem" classname="jl.project.ChromeTests.UserRequirement2_Test" time="0.434"/>
  <testcase name="hideAndDisplayItem" classname="jl.project.ChromeTests.UserRequirement3_Test" time="13.637"/>
  <testcase name="createAndDeleteACategoryWithKeyboardOnly_EnterKey" classname="jl.project.ChromeTests.UserRequirement4_1_Test" time="20.939"/>
  <testcase name="createAndDeleteItemWithKeyboardOnly_EnterKey" classname="jl.project.ChromeTests.UserRequirement4_1_Test" time="18.636"/>
  <testcase name="HideAndDisplayItemsWithKeyboardOnly_EnterKey" classname="jl.project.ChromeTests.UserRequirement4_1_Test" time="40.36"/>
  <testcase name="createAndDeleteACategoryWithKeyboardOnly_SpaceKey" classname="jl.project.ChromeTests.UserRequirement4_2_Test" time="21.887"/>
  <testcase name="createAndDeleteItemWithKeyboardOnly_SpaceKey" classname="jl.project.ChromeTests.UserRequirement4_2_Test" time="17.905"/>
  <testcase name="HideAndDisplayItemsWithKeyboardOnly_SpaceKey" classname="jl.project.ChromeTests.UserRequirement4_2_Test" time="49.647"/>
  <testcase name="createCategory" classname="jl.project.EdgeTests.UserRequirement1_Test" time="0.903"/>
  <testcase name="deleteCategory" classname="jl.project.EdgeTests.UserRequirement1_Test" time="0.55"/>
  <testcase name="createItem" classname="jl.project.EdgeTests.UserRequirement2_Test" time="0.911"/>
  <testcase name="deleteItem" classname="jl.project.EdgeTests.UserRequirement2_Test" time="0.456"/>
  <testcase name="hideAndDisplayItem" classname="jl.project.EdgeTests.UserRequirement3_Test" time="13.729"/>
  <testcase name="createAndDeleteACategoryWithKeyboardOnly_EnterKey" classname="jl.project.EdgeTests.UserRequirement4_1_Test" time="20.673"/>
  <testcase name="createAndDeleteItemWithKeyboardOnly_EnterKey" classname="jl.project.EdgeTests.UserRequirement4_1_Test" time="17.911"/>
  <testcase name="HideAndDisplayItemsWithKeyboardOnly_EnterKey" classname="jl.project.EdgeTests.UserRequirement4_1_Test" time="41.395"/>
  <testcase name="createAndDeleteACategoryWithKeyboardOnly_SpaceKey" classname="jl.project.EdgeTests.UserRequirement4_2_Test" time="22.127"/>
  <testcase name="createAndDeleteItemWithKeyboardOnly_SpaceKey" classname="jl.project.EdgeTests.UserRequirement4_2_Test" time="17.903"/>
  <testcase name="HideAndDisplayItemsWithKeyboardOnly_SpaceKey" classname="jl.project.EdgeTests.UserRequirement4_2_Test" time="47.858"/>
  <testcase name="createCategory" classname="jl.project.FirefoxTests.UserRequirement1_Test" time="2.33"/>
  <testcase name="deleteCategory" classname="jl.project.FirefoxTests.UserRequirement1_Test" time="1.418"/>
  <testcase name="createItem" classname="jl.project.FirefoxTests.UserRequirement2_Test" time="1.612"/>
  <testcase name="deleteItem" classname="jl.project.FirefoxTests.UserRequirement2_Test" time="1.442"/>
  <testcase name="hideAndDisplayItem" classname="jl.project.FirefoxTests.UserRequirement3_Test" time="19.298"/>
  <testcase name="createAndDeleteACategoryWithKeyboardOnly_EnterKey" classname="jl.project.FirefoxTests.UserRequirement4_1_Test" time="23.871"/>
  <testcase name="createAndDeleteItemWithKeyboardOnly_EnterKey" classname="jl.project.FirefoxTests.UserRequirement4_1_Test" time="18.942"/>
  <testcase name="HideAndDisplayItemsWithKeyboardOnly_EnterKey" classname="jl.project.FirefoxTests.UserRequirement4_1_Test" time="48.217"/>
  <testcase name="createAndDeleteACategoryWithKeyboardOnly_SpaceKey" classname="jl.project.FirefoxTests.UserRequirement4_2_Test" time="24.892"/>
  <testcase name="createAndDeleteItemWithKeyboardOnly_SpaceKey" classname="jl.project.FirefoxTests.UserRequirement4_2_Test" time="18.905"/>
  <testcase name="HideAndDisplayItemsWithKeyboardOnly_SpaceKey" classname="jl.project.FirefoxTests.UserRequirement4_2_Test" time="49.591"/>
  <testcase name="pa11yTest" classname="jl.project.Pa11yTest.UserRequirement5_Pa11yTest" time="0.004"/>
  <testcase name="convertAudioToTextTest" classname="jl.project.ScreenReadersTests.SpeechToTextConverterIBMTest" time="15.033"/>
</testsuite>