<?xml version="1.0" encoding="UTF-8"?>
<testsuite xmlns:xsi="http://www.w3.org/2001/XMLSchema-instance" xsi:noNamespaceSchemaLocation="https://maven.apache.org/surefire/maven-surefire-plugin/xsd/surefire-test-report.xsd" name="TestSuite" time="629.394" tests="23" errors="0" skipped="1" failures="1">
  <properties>
    <property name="gopherProxySet" value="false"/>
    <property name="awt.toolkit" value="sun.lwawt.macosx.LWCToolkit"/>
    <property name="java.specification.version" value="11"/>
    <property name="sun.cpu.isalist" value=""/>
    <property name="sun.jnu.encoding" value="UTF-8"/>
    <property name="java.class.path" value="/Users/jean-louis/Desktop/AccessibleTodoList_End2endTests/target/test-classes:/Users/jean-louis/Desktop/AccessibleTodoList_End2endTests/target/classes:/Users/jean-louis/.m2/repository/org/seleniumhq/selenium/selenium-java/3.13.0/selenium-java-3.13.0.jar:/Users/jean-louis/.m2/repository/org/seleniumhq/selenium/selenium-api/3.13.0/selenium-api-3.13.0.jar:/Users/jean-louis/.m2/repository/org/seleniumhq/selenium/selenium-chrome-driver/3.13.0/selenium-chrome-driver-3.13.0.jar:/Users/jean-louis/.m2/repository/org/seleniumhq/selenium/selenium-edge-driver/3.13.0/selenium-edge-driver-3.13.0.jar:/Users/jean-louis/.m2/repository/org/seleniumhq/selenium/selenium-firefox-driver/3.13.0/selenium-firefox-driver-3.13.0.jar:/Users/jean-louis/.m2/repository/org/seleniumhq/selenium/selenium-ie-driver/3.13.0/selenium-ie-driver-3.13.0.jar:/Users/jean-louis/.m2/repository/org/seleniumhq/selenium/selenium-opera-driver/3.13.0/selenium-opera-driver-3.13.0.jar:/Users/jean-louis/.m2/repository/org/seleniumhq/selenium/selenium-remote-driver/3.13.0/selenium-remote-driver-3.13.0.jar:/Users/jean-louis/.m2/repository/org/seleniumhq/selenium/selenium-safari-driver/3.13.0/selenium-safari-driver-3.13.0.jar:/Users/jean-louis/.m2/repository/org/seleniumhq/selenium/selenium-support/3.13.0/selenium-support-3.13.0.jar:/Users/jean-louis/.m2/repository/net/bytebuddy/byte-buddy/1.8.3/byte-buddy-1.8.3.jar:/Users/jean-louis/.m2/repository/org/apache/commons/commons-exec/1.3/commons-exec-1.3.jar:/Users/jean-louis/.m2/repository/commons-codec/commons-codec/1.10/commons-codec-1.10.jar:/Users/jean-louis/.m2/repository/commons-logging/commons-logging/1.2/commons-logging-1.2.jar:/Users/jean-louis/.m2/repository/com/google/code/gson/gson/2.8.4/gson-2.8.4.jar:/Users/jean-louis/.m2/repository/com/google/guava/guava/25.0-jre/guava-25.0-jre.jar:/Users/jean-louis/.m2/repository/com/google/code/findbugs/jsr305/1.3.9/jsr305-1.3.9.jar:/Users/jean-louis/.m2/repository/org/checkerframework/checker-compat-qual/2.0.0/checker-compat-qual-2.0.0.jar:/Users/jean-louis/.m2/repository/com/google/errorprone/error_prone_annotations/2.1.3/error_prone_annotations-2.1.3.jar:/Users/jean-louis/.m2/repository/com/google/j2objc/j2objc-annotations/1.1/j2objc-annotations-1.1.jar:/Users/jean-louis/.m2/repository/org/codehaus/mojo/animal-sniffer-annotations/1.14/animal-sniffer-annotations-1.14.jar:/Users/jean-louis/.m2/repository/org/apache/httpcomponents/httpclient/4.5.5/httpclient-4.5.5.jar:/Users/jean-louis/.m2/repository/org/apache/httpcomponents/httpcore/4.4.9/httpcore-4.4.9.jar:/Users/jean-louis/.m2/repository/com/squareup/okhttp3/okhttp/3.10.0/okhttp-3.10.0.jar:/Users/jean-louis/.m2/repository/com/squareup/okio/okio/1.14.1/okio-1.14.1.jar:/Users/jean-louis/.m2/repository/com/beust/jcommander/1.72/jcommander-1.72.jar:/Users/jean-louis/.m2/repository/org/testng/testng/6.13.1/testng-6.13.1.jar:/Users/jean-louis/.m2/repository/junit/junit/4.13.2/junit-4.13.2.jar:/Users/jean-louis/.m2/repository/org/hamcrest/hamcrest-core/1.3/hamcrest-core-1.3.jar:/Users/jean-louis/.m2/repository/org/assertj/assertj-core/3.8.0/assertj-core-3.8.0.jar:/Users/jean-louis/.m2/repository/com/itextpdf/pdfocr-tesseract4/1.0.2/pdfocr-tesseract4-1.0.2.jar:/Users/jean-louis/.m2/repository/com/itextpdf/pdfocr-api/1.0.2/pdfocr-api-1.0.2.jar:/Users/jean-louis/.m2/repository/com/itextpdf/layout/7.1.13/layout-7.1.13.jar:/Users/jean-louis/.m2/repository/com/itextpdf/pdfa/7.1.13/pdfa-7.1.13.jar:/Users/jean-louis/.m2/repository/org/apache/commons/commons-imaging/1.0-alpha1/commons-imaging-1.0-alpha1.jar:/Users/jean-louis/.m2/repository/com/itextpdf/styled-xml-parser/7.1.13/styled-xml-parser-7.1.13.jar:/Users/jean-louis/.m2/repository/com/itextpdf/io/7.1.13/io-7.1.13.jar:/Users/jean-louis/.m2/repository/com/itextpdf/kernel/7.1.13/kernel-7.1.13.jar:/Users/jean-louis/.m2/repository/org/bouncycastle/bcpkix-jdk15on/1.64/bcpkix-jdk15on-1.64.jar:/Users/jean-louis/.m2/repository/org/bouncycastle/bcprov-jdk15on/1.64/bcprov-jdk15on-1.64.jar:/Users/jean-louis/.m2/repository/net/sourceforge/tess4j/tess4j/4.5.1/tess4j-4.5.1.jar:/Users/jean-louis/.m2/repository/net/java/dev/jna/jna/5.5.0/jna-5.5.0.jar:/Users/jean-louis/.m2/repository/com/github/jai-imageio/jai-imageio-core/1.4.0/jai-imageio-core-1.4.0.jar:/Users/jean-louis/.m2/repository/org/apache/pdfbox/pdfbox/2.0.18/pdfbox-2.0.18.jar:/Users/jean-louis/.m2/repository/org/apache/pdfbox/fontbox/2.0.18/fontbox-2.0.18.jar:/Users/jean-louis/.m2/repository/org/apache/pdfbox/pdfbox-tools/2.0.18/pdfbox-tools-2.0.18.jar:/Users/jean-louis/.m2/repository/org/apache/pdfbox/pdfbox-debugger/2.0.18/pdfbox-debugger-2.0.18.jar:/Users/jean-louis/.m2/repository/org/apache/pdfbox/jbig2-imageio/3.0.3/jbig2-imageio-3.0.3.jar:/Users/jean-louis/.m2/repository/commons-io/commons-io/2.6/commons-io-2.6.jar:/Users/jean-louis/.m2/repository/net/sourceforge/lept4j/lept4j/1.13.0/lept4j-1.13.0.jar:/Users/jean-louis/.m2/repository/org/jboss/jboss-vfs/3.2.15.Final/jboss-vfs-3.2.15.Final.jar:/Users/jean-louis/.m2/repository/org/jboss/logging/jboss-logging/3.1.4.GA/jboss-logging-3.1.4.GA.jar:/Users/jean-louis/.m2/repository/ch/qos/logback/logback-classic/1.2.3/logback-classic-1.2.3.jar:/Users/jean-louis/.m2/repository/ch/qos/logback/logback-core/1.2.3/logback-core-1.2.3.jar:/Users/jean-louis/.m2/repository/org/slf4j/jul-to-slf4j/1.7.30/jul-to-slf4j-1.7.30.jar:/Users/jean-louis/.m2/repository/org/slf4j/jcl-over-slf4j/1.7.30/jcl-over-slf4j-1.7.30.jar:/Users/jean-louis/.m2/repository/org/slf4j/slf4j-api/1.7.13/slf4j-api-1.7.13.jar:/Users/jean-louis/.m2/repository/org/sonarsource/scanner/maven/sonar-maven-plugin/3.8.0.2131/sonar-maven-plugin-3.8.0.2131.jar:/Users/jean-louis/.m2/repository/org/sonatype/plexus/plexus-sec-dispatcher/1.4/plexus-sec-dispatcher-1.4.jar:/Users/jean-louis/.m2/repository/org/sonatype/plexus/plexus-cipher/1.4/plexus-cipher-1.4.jar:/Users/jean-louis/.m2/repository/org/codehaus/plexus/plexus-utils/3.2.1/plexus-utils-3.2.1.jar:/Users/jean-louis/.m2/repository/org/sonarsource/scanner/api/sonar-scanner-api/2.16.0.226/sonar-scanner-api-2.16.0.226.jar:/Users/jean-louis/.m2/repository/commons-lang/commons-lang/2.6/commons-lang-2.6.jar:/Users/jean-louis/.m2/repository/org/apache/maven/plugins/maven-compiler-plugin/3.8.1/maven-compiler-plugin-3.8.1.jar:/Users/jean-louis/.m2/repository/org/apache/maven/maven-plugin-api/3.0/maven-plugin-api-3.0.jar:/Users/jean-louis/.m2/repository/org/apache/maven/maven-model/3.0/maven-model-3.0.jar:/Users/jean-louis/.m2/repository/org/sonatype/sisu/sisu-inject-plexus/1.4.2/sisu-inject-plexus-1.4.2.jar:/Users/jean-louis/.m2/repository/org/sonatype/sisu/sisu-inject-bean/1.4.2/sisu-inject-bean-1.4.2.jar:/Users/jean-louis/.m2/repository/org/sonatype/sisu/sisu-guice/2.1.7/sisu-guice-2.1.7-noaop.jar:/Users/jean-louis/.m2/repository/org/apache/maven/maven-artifact/3.0/maven-artifact-3.0.jar:/Users/jean-louis/.m2/repository/org/apache/maven/maven-core/3.0/maven-core-3.0.jar:/Users/jean-louis/.m2/repository/org/apache/maven/maven-settings/3.0/maven-settings-3.0.jar:/Users/jean-louis/.m2/repository/org/apache/maven/maven-settings-builder/3.0/maven-settings-builder-3.0.jar:/Users/jean-louis/.m2/repository/org/apache/maven/maven-repository-metadata/3.0/maven-repository-metadata-3.0.jar:/Users/jean-louis/.m2/repository/org/apache/maven/maven-model-builder/3.0/maven-model-builder-3.0.jar:/Users/jean-louis/.m2/repository/org/apache/maven/maven-aether-provider/3.0/maven-aether-provider-3.0.jar:/Users/jean-louis/.m2/repository/org/sonatype/aether/aether-impl/1.7/aether-impl-1.7.jar:/Users/jean-louis/.m2/repository/org/sonatype/aether/aether-spi/1.7/aether-spi-1.7.jar:/Users/jean-louis/.m2/repository/org/sonatype/aether/aether-api/1.7/aether-api-1.7.jar:/Users/jean-louis/.m2/repository/org/sonatype/aether/aether-util/1.7/aether-util-1.7.jar:/Users/jean-louis/.m2/repository/org/codehaus/plexus/plexus-interpolation/1.14/plexus-interpolation-1.14.jar:/Users/jean-louis/.m2/repository/org/codehaus/plexus/plexus-classworlds/2.2.3/plexus-classworlds-2.2.3.jar:/Users/jean-louis/.m2/repository/org/codehaus/plexus/plexus-component-annotations/1.5.5/plexus-component-annotations-1.5.5.jar:/Users/jean-louis/.m2/repository/org/apache/maven/shared/maven-shared-utils/3.2.1/maven-shared-utils-3.2.1.jar:/Users/jean-louis/.m2/repository/org/apache/maven/shared/maven-shared-incremental/1.1/maven-shared-incremental-1.1.jar:/Users/jean-louis/.m2/repository/org/codehaus/plexus/plexus-java/0.9.10/plexus-java-0.9.10.jar:/Users/jean-louis/.m2/repository/org/ow2/asm/asm/6.2/asm-6.2.jar:/Users/jean-louis/.m2/repository/com/thoughtworks/qdox/qdox/2.0-M8/qdox-2.0-M8.jar:/Users/jean-louis/.m2/repository/org/codehaus/plexus/plexus-compiler-api/2.8.4/plexus-compiler-api-2.8.4.jar:/Users/jean-louis/.m2/repository/org/codehaus/plexus/plexus-compiler-manager/2.8.4/plexus-compiler-manager-2.8.4.jar:/Users/jean-louis/.m2/repository/org/codehaus/plexus/plexus-compiler-javac/2.8.4/plexus-compiler-javac-2.8.4.jar:"/>
    <property name="java.vm.vendor" value="Oracle Corporation"/>
    <property name="sun.arch.data.model" value="64"/>
    <property name="java.vendor.url" value="https://openjdk.java.net/"/>
    <property name="user.timezone" value=""/>
    <property name="java.vm.specification.version" value="11"/>
    <property name="os.name" value="Mac OS X"/>
    <property name="sun.java.launcher" value="SUN_STANDARD"/>
    <property name="user.country" value="US"/>
    <property name="sun.boot.library.path" value="/Library/Java/JavaVirtualMachines/jdk-11.0.10.jdk/Contents/Home/lib"/>
    <property name="sun.java.command" value="/Users/jean-louis/Desktop/AccessibleTodoList_End2endTests/target/surefire/surefirebooter10054802882437345661.jar /Users/jean-louis/Desktop/AccessibleTodoList_End2endTests/target/surefire 2021-04-16T16-52-21_660-jvmRun1 surefire5132567891769528367tmp surefire_015171703497193793453tmp"/>
    <property name="http.nonProxyHosts" value="local|*.local|169.254/16|*.169.254/16"/>
    <property name="jdk.debug" value="release"/>
    <property name="surefire.test.class.path" value="/Users/jean-louis/Desktop/AccessibleTodoList_End2endTests/target/test-classes:/Users/jean-louis/Desktop/AccessibleTodoList_End2endTests/target/classes:/Users/jean-louis/.m2/repository/org/seleniumhq/selenium/selenium-java/3.13.0/selenium-java-3.13.0.jar:/Users/jean-louis/.m2/repository/org/seleniumhq/selenium/selenium-api/3.13.0/selenium-api-3.13.0.jar:/Users/jean-louis/.m2/repository/org/seleniumhq/selenium/selenium-chrome-driver/3.13.0/selenium-chrome-driver-3.13.0.jar:/Users/jean-louis/.m2/repository/org/seleniumhq/selenium/selenium-edge-driver/3.13.0/selenium-edge-driver-3.13.0.jar:/Users/jean-louis/.m2/repository/org/seleniumhq/selenium/selenium-firefox-driver/3.13.0/selenium-firefox-driver-3.13.0.jar:/Users/jean-louis/.m2/repository/org/seleniumhq/selenium/selenium-ie-driver/3.13.0/selenium-ie-driver-3.13.0.jar:/Users/jean-louis/.m2/repository/org/seleniumhq/selenium/selenium-opera-driver/3.13.0/selenium-opera-driver-3.13.0.jar:/Users/jean-louis/.m2/repository/org/seleniumhq/selenium/selenium-remote-driver/3.13.0/selenium-remote-driver-3.13.0.jar:/Users/jean-louis/.m2/repository/org/seleniumhq/selenium/selenium-safari-driver/3.13.0/selenium-safari-driver-3.13.0.jar:/Users/jean-louis/.m2/repository/org/seleniumhq/selenium/selenium-support/3.13.0/selenium-support-3.13.0.jar:/Users/jean-louis/.m2/repository/net/bytebuddy/byte-buddy/1.8.3/byte-buddy-1.8.3.jar:/Users/jean-louis/.m2/repository/org/apache/commons/commons-exec/1.3/commons-exec-1.3.jar:/Users/jean-louis/.m2/repository/commons-codec/commons-codec/1.10/commons-codec-1.10.jar:/Users/jean-louis/.m2/repository/commons-logging/commons-logging/1.2/commons-logging-1.2.jar:/Users/jean-louis/.m2/repository/com/google/code/gson/gson/2.8.4/gson-2.8.4.jar:/Users/jean-louis/.m2/repository/com/google/guava/guava/25.0-jre/guava-25.0-jre.jar:/Users/jean-louis/.m2/repository/com/google/code/findbugs/jsr305/1.3.9/jsr305-1.3.9.jar:/Users/jean-louis/.m2/repository/org/checkerframework/checker-compat-qual/2.0.0/checker-compat-qual-2.0.0.jar:/Users/jean-louis/.m2/repository/com/google/errorprone/error_prone_annotations/2.1.3/error_prone_annotations-2.1.3.jar:/Users/jean-louis/.m2/repository/com/google/j2objc/j2objc-annotations/1.1/j2objc-annotations-1.1.jar:/Users/jean-louis/.m2/repository/org/codehaus/mojo/animal-sniffer-annotations/1.14/animal-sniffer-annotations-1.14.jar:/Users/jean-louis/.m2/repository/org/apache/httpcomponents/httpclient/4.5.5/httpclient-4.5.5.jar:/Users/jean-louis/.m2/repository/org/apache/httpcomponents/httpcore/4.4.9/httpcore-4.4.9.jar:/Users/jean-louis/.m2/repository/com/squareup/okhttp3/okhttp/3.10.0/okhttp-3.10.0.jar:/Users/jean-louis/.m2/repository/com/squareup/okio/okio/1.14.1/okio-1.14.1.jar:/Users/jean-louis/.m2/repository/com/beust/jcommander/1.72/jcommander-1.72.jar:/Users/jean-louis/.m2/repository/org/testng/testng/6.13.1/testng-6.13.1.jar:/Users/jean-louis/.m2/repository/junit/junit/4.13.2/junit-4.13.2.jar:/Users/jean-louis/.m2/repository/org/hamcrest/hamcrest-core/1.3/hamcrest-core-1.3.jar:/Users/jean-louis/.m2/repository/org/assertj/assertj-core/3.8.0/assertj-core-3.8.0.jar:/Users/jean-louis/.m2/repository/com/itextpdf/pdfocr-tesseract4/1.0.2/pdfocr-tesseract4-1.0.2.jar:/Users/jean-louis/.m2/repository/com/itextpdf/pdfocr-api/1.0.2/pdfocr-api-1.0.2.jar:/Users/jean-louis/.m2/repository/com/itextpdf/layout/7.1.13/layout-7.1.13.jar:/Users/jean-louis/.m2/repository/com/itextpdf/pdfa/7.1.13/pdfa-7.1.13.jar:/Users/jean-louis/.m2/repository/org/apache/commons/commons-imaging/1.0-alpha1/commons-imaging-1.0-alpha1.jar:/Users/jean-louis/.m2/repository/com/itextpdf/styled-xml-parser/7.1.13/styled-xml-parser-7.1.13.jar:/Users/jean-louis/.m2/repository/com/itextpdf/io/7.1.13/io-7.1.13.jar:/Users/jean-louis/.m2/repository/com/itextpdf/kernel/7.1.13/kernel-7.1.13.jar:/Users/jean-louis/.m2/repository/org/bouncycastle/bcpkix-jdk15on/1.64/bcpkix-jdk15on-1.64.jar:/Users/jean-louis/.m2/repository/org/bouncycastle/bcprov-jdk15on/1.64/bcprov-jdk15on-1.64.jar:/Users/jean-louis/.m2/repository/net/sourceforge/tess4j/tess4j/4.5.1/tess4j-4.5.1.jar:/Users/jean-louis/.m2/repository/net/java/dev/jna/jna/5.5.0/jna-5.5.0.jar:/Users/jean-louis/.m2/repository/com/github/jai-imageio/jai-imageio-core/1.4.0/jai-imageio-core-1.4.0.jar:/Users/jean-louis/.m2/repository/org/apache/pdfbox/pdfbox/2.0.18/pdfbox-2.0.18.jar:/Users/jean-louis/.m2/repository/org/apache/pdfbox/fontbox/2.0.18/fontbox-2.0.18.jar:/Users/jean-louis/.m2/repository/org/apache/pdfbox/pdfbox-tools/2.0.18/pdfbox-tools-2.0.18.jar:/Users/jean-louis/.m2/repository/org/apache/pdfbox/pdfbox-debugger/2.0.18/pdfbox-debugger-2.0.18.jar:/Users/jean-louis/.m2/repository/org/apache/pdfbox/jbig2-imageio/3.0.3/jbig2-imageio-3.0.3.jar:/Users/jean-louis/.m2/repository/commons-io/commons-io/2.6/commons-io-2.6.jar:/Users/jean-louis/.m2/repository/net/sourceforge/lept4j/lept4j/1.13.0/lept4j-1.13.0.jar:/Users/jean-louis/.m2/repository/org/jboss/jboss-vfs/3.2.15.Final/jboss-vfs-3.2.15.Final.jar:/Users/jean-louis/.m2/repository/org/jboss/logging/jboss-logging/3.1.4.GA/jboss-logging-3.1.4.GA.jar:/Users/jean-louis/.m2/repository/ch/qos/logback/logback-classic/1.2.3/logback-classic-1.2.3.jar:/Users/jean-louis/.m2/repository/ch/qos/logback/logback-core/1.2.3/logback-core-1.2.3.jar:/Users/jean-louis/.m2/repository/org/slf4j/jul-to-slf4j/1.7.30/jul-to-slf4j-1.7.30.jar:/Users/jean-louis/.m2/repository/org/slf4j/jcl-over-slf4j/1.7.30/jcl-over-slf4j-1.7.30.jar:/Users/jean-louis/.m2/repository/org/slf4j/slf4j-api/1.7.13/slf4j-api-1.7.13.jar:/Users/jean-louis/.m2/repository/org/sonarsource/scanner/maven/sonar-maven-plugin/3.8.0.2131/sonar-maven-plugin-3.8.0.2131.jar:/Users/jean-louis/.m2/repository/org/sonatype/plexus/plexus-sec-dispatcher/1.4/plexus-sec-dispatcher-1.4.jar:/Users/jean-louis/.m2/repository/org/sonatype/plexus/plexus-cipher/1.4/plexus-cipher-1.4.jar:/Users/jean-louis/.m2/repository/org/codehaus/plexus/plexus-utils/3.2.1/plexus-utils-3.2.1.jar:/Users/jean-louis/.m2/repository/org/sonarsource/scanner/api/sonar-scanner-api/2.16.0.226/sonar-scanner-api-2.16.0.226.jar:/Users/jean-louis/.m2/repository/commons-lang/commons-lang/2.6/commons-lang-2.6.jar:/Users/jean-louis/.m2/repository/org/apache/maven/plugins/maven-compiler-plugin/3.8.1/maven-compiler-plugin-3.8.1.jar:/Users/jean-louis/.m2/repository/org/apache/maven/maven-plugin-api/3.0/maven-plugin-api-3.0.jar:/Users/jean-louis/.m2/repository/org/apache/maven/maven-model/3.0/maven-model-3.0.jar:/Users/jean-louis/.m2/repository/org/sonatype/sisu/sisu-inject-plexus/1.4.2/sisu-inject-plexus-1.4.2.jar:/Users/jean-louis/.m2/repository/org/sonatype/sisu/sisu-inject-bean/1.4.2/sisu-inject-bean-1.4.2.jar:/Users/jean-louis/.m2/repository/org/sonatype/sisu/sisu-guice/2.1.7/sisu-guice-2.1.7-noaop.jar:/Users/jean-louis/.m2/repository/org/apache/maven/maven-artifact/3.0/maven-artifact-3.0.jar:/Users/jean-louis/.m2/repository/org/apache/maven/maven-core/3.0/maven-core-3.0.jar:/Users/jean-louis/.m2/repository/org/apache/maven/maven-settings/3.0/maven-settings-3.0.jar:/Users/jean-louis/.m2/repository/org/apache/maven/maven-settings-builder/3.0/maven-settings-builder-3.0.jar:/Users/jean-louis/.m2/repository/org/apache/maven/maven-repository-metadata/3.0/maven-repository-metadata-3.0.jar:/Users/jean-louis/.m2/repository/org/apache/maven/maven-model-builder/3.0/maven-model-builder-3.0.jar:/Users/jean-louis/.m2/repository/org/apache/maven/maven-aether-provider/3.0/maven-aether-provider-3.0.jar:/Users/jean-louis/.m2/repository/org/sonatype/aether/aether-impl/1.7/aether-impl-1.7.jar:/Users/jean-louis/.m2/repository/org/sonatype/aether/aether-spi/1.7/aether-spi-1.7.jar:/Users/jean-louis/.m2/repository/org/sonatype/aether/aether-api/1.7/aether-api-1.7.jar:/Users/jean-louis/.m2/repository/org/sonatype/aether/aether-util/1.7/aether-util-1.7.jar:/Users/jean-louis/.m2/repository/org/codehaus/plexus/plexus-interpolation/1.14/plexus-interpolation-1.14.jar:/Users/jean-louis/.m2/repository/org/codehaus/plexus/plexus-classworlds/2.2.3/plexus-classworlds-2.2.3.jar:/Users/jean-louis/.m2/repository/org/codehaus/plexus/plexus-component-annotations/1.5.5/plexus-component-annotations-1.5.5.jar:/Users/jean-louis/.m2/repository/org/apache/maven/shared/maven-shared-utils/3.2.1/maven-shared-utils-3.2.1.jar:/Users/jean-louis/.m2/repository/org/apache/maven/shared/maven-shared-incremental/1.1/maven-shared-incremental-1.1.jar:/Users/jean-louis/.m2/repository/org/codehaus/plexus/plexus-java/0.9.10/plexus-java-0.9.10.jar:/Users/jean-louis/.m2/repository/org/ow2/asm/asm/6.2/asm-6.2.jar:/Users/jean-louis/.m2/repository/com/thoughtworks/qdox/qdox/2.0-M8/qdox-2.0-M8.jar:/Users/jean-louis/.m2/repository/org/codehaus/plexus/plexus-compiler-api/2.8.4/plexus-compiler-api-2.8.4.jar:/Users/jean-louis/.m2/repository/org/codehaus/plexus/plexus-compiler-manager/2.8.4/plexus-compiler-manager-2.8.4.jar:/Users/jean-louis/.m2/repository/org/codehaus/plexus/plexus-compiler-javac/2.8.4/plexus-compiler-javac-2.8.4.jar:"/>
    <property name="sun.cpu.endian" value="little"/>
    <property name="user.home" value="/Users/jean-louis"/>
    <property name="user.language" value="en"/>
    <property name="java.specification.vendor" value="Oracle Corporation"/>
    <property name="java.version.date" value="2021-01-19"/>
    <property name="java.home" value="/Library/Java/JavaVirtualMachines/jdk-11.0.10.jdk/Contents/Home"/>
    <property name="file.separator" value="/"/>
    <property name="basedir" value="/Users/jean-louis/Desktop/AccessibleTodoList_End2endTests"/>
    <property name="java.vm.compressedOopsMode" value="Zero based"/>
    <property name="line.separator" value="&#10;"/>
    <property name="java.specification.name" value="Java Platform API Specification"/>
    <property name="java.vm.specification.vendor" value="Oracle Corporation"/>
    <property name="java.awt.graphicsenv" value="sun.awt.CGraphicsEnvironment"/>
    <property name="surefire.real.class.path" value="/Users/jean-louis/Desktop/AccessibleTodoList_End2endTests/target/surefire/surefirebooter10054802882437345661.jar"/>
    <property name="sun.management.compiler" value="HotSpot 64-Bit Tiered Compilers"/>
    <property name="ftp.nonProxyHosts" value="local|*.local|169.254/16|*.169.254/16"/>
    <property name="java.runtime.version" value="11.0.10+8-LTS-162"/>
    <property name="user.name" value="jean-louis"/>
    <property name="path.separator" value=":"/>
    <property name="os.version" value="10.16"/>
    <property name="java.runtime.name" value="Java(TM) SE Runtime Environment"/>
    <property name="file.encoding" value="UTF-8"/>
    <property name="java.vm.name" value="Java HotSpot(TM) 64-Bit Server VM"/>
    <property name="java.vendor.version" value="18.9"/>
    <property name="localRepository" value="/Users/jean-louis/.m2/repository"/>
    <property name="java.vendor.url.bug" value="https://bugreport.java.com/bugreport/"/>
    <property name="java.io.tmpdir" value="/var/folders/21/lxnq_qvx12l7ymdvmf6rlmkr0000gp/T/"/>
    <property name="java.version" value="11.0.10"/>
    <property name="user.dir" value="/Users/jean-louis/Desktop/AccessibleTodoList_End2endTests"/>
    <property name="os.arch" value="x86_64"/>
    <property name="java.vm.specification.name" value="Java Virtual Machine Specification"/>
    <property name="java.awt.printerjob" value="sun.lwawt.macosx.CPrinterJob"/>
    <property name="sun.os.patch.level" value="unknown"/>
    <property name="java.library.path" value="/Users/jean-louis/Library/Java/Extensions:/Library/Java/Extensions:/Network/Library/Java/Extensions:/System/Library/Java/Extensions:/usr/lib/java:."/>
    <property name="java.vendor" value="Oracle Corporation"/>
    <property name="java.vm.info" value="mixed mode"/>
    <property name="java.vm.version" value="11.0.10+8-LTS-162"/>
    <property name="sun.io.unicode.encoding" value="UnicodeBig"/>
    <property name="java.class.version" value="55.0"/>
    <property name="socksNonProxyHosts" value="local|*.local|169.254/16|*.169.254/16"/>
  </properties>
  <testcase name="createCategory" classname="jl.project.chrometests.UserRequirement1_Test" time="7.425"/>
  <testcase name="deleteCategory" classname="jl.project.chrometests.UserRequirement1_Test" time="8.42"/>
  <testcase name="createItem" classname="jl.project.chrometests.UserRequirement2_Test" time="8.499"/>
  <testcase name="deleteItem" classname="jl.project.chrometests.UserRequirement2_Test" time="11.263"/>
  <testcase name="hideAndDisplayItem" classname="jl.project.chrometests.UserRequirement3_Test" time="18.476"/>
  <testcase name="createAndDeleteACategoryWithKeyboardOnly_EnterKey" classname="jl.project.chrometests.UserRequirement4_1_Test" time="25.823"/>
  <testcase name="createAndDeleteItemWithKeyboardOnly_EnterKey" classname="jl.project.chrometests.UserRequirement4_1_Test" time="31.624"/>
  <testcase name="HideAndDisplayItemsWithKeyboardOnly_EnterKey" classname="jl.project.chrometests.UserRequirement4_1_Test" time="42.084"/>
  <testcase name="createAndDeleteACategoryWithKeyboardOnly_SpaceKey" classname="jl.project.chrometests.UserRequirement4_2_Test" time="23.735"/>
  <testcase name="createAndDeleteItemWithKeyboardOnly_SpaceKey" classname="jl.project.chrometests.UserRequirement4_2_Test" time="31.677"/>
  <testcase name="HideAndDisplayItemsWithKeyboardOnly_SpaceKey" classname="jl.project.chrometests.UserRequirement4_2_Test" time="53.242"/>
  <testcase name="createCategory" classname="jl.project.edgetests.UserRequirement1_Test" time="10.33"/>
  <testcase name="deleteCategory" classname="jl.project.edgetests.UserRequirement1_Test" time="12.416"/>
  <testcase name="createItem" classname="jl.project.edgetests.UserRequirement2_Test" time="8.454"/>
  <testcase name="deleteItem" classname="jl.project.edgetests.UserRequirement2_Test" time="11.283"/>
  <testcase name="hideAndDisplayItem" classname="jl.project.edgetests.UserRequirement3_Test" time="21.335"/>
  <testcase name="createAndDeleteACategoryWithKeyboardOnly_EnterKey" classname="jl.project.edgetests.UserRequirement4_1_Test" time="28.84"/>
  <testcase name="createAndDeleteItemWithKeyboardOnly_EnterKey" classname="jl.project.edgetests.UserRequirement4_1_Test" time="29.754"/>
  <testcase name="HideAndDisplayItemsWithKeyboardOnly_EnterKey" classname="jl.project.edgetests.UserRequirement4_1_Test" time="46.129"/>
  <testcase name="createAndDeleteACategoryWithKeyboardOnly_SpaceKey" classname="jl.project.edgetests.UserRequirement4_2_Test" time="28.81"/>
  <testcase name="createAndDeleteItemWithKeyboardOnly_SpaceKey" classname="jl.project.edgetests.UserRequirement4_2_Test" time="29.651">
    <failure message="Error: the test item label has been found. The test is failed." type="java.lang.AssertionError">java.lang.AssertionError: Error: the test item label has been found. The test is failed.
	at jl.project.edgetests.UserRequirement4_2_Test.createAndDeleteItemWithKeyboardOnly_SpaceKey(UserRequirement4_2_Test.java:312)
</failure>
  </testcase>
  <testcase name="HideAndDisplayItemsWithKeyboardOnly_SpaceKey" classname="jl.project.edgetests.UserRequirement4_2_Test" time="0">
    <skipped message="Method UserRequirement4_2_Test.HideAndDisplayItemsWithKeyboardOnly_SpaceKey()[pri:0, instance:jl.project.edgetests.UserRequirement4_2_Test@70325e14] depends on not successfully finished methods in group &quot;creation_deletion_edge_2&quot;"/>
  </testcase>
  <testcase name="pa11yTest" classname="jl.project.pa11ytest.UserRequirement5_Pa11yTest" time="0.004"/>
</testsuite>