<?xml version="1.0" encoding="UTF-8"?>
<!-- Generated by org.testng.reporters.JUnitReportReporter -->
<testsuite hostname="LAPTOP-43HQCE5G" failures="0" tests="2" name="jl.project.UserRequirement4" time="2.600" errors="0" timestamp="02 Feb 2021 10:37:51 GMT" skipped="1">
  <testcase classname="jl.project.UserRequirement4" name="deleteCategoryWithKeyboard" time="2.600"/>
  <testcase classname="jl.project.UserRequirement4" name="createACategoryWithKeyboard">
    <skipped/>
  </testcase> <!-- createACategoryWithKeyboard -->
</testsuite> <!-- jl.project.UserRequirement4 -->
