<?xml version="1.0" encoding="UTF-8"?>
<!-- Generated by org.testng.reporters.JUnitReportReporter -->
<testsuite hostname="LAPTOP-43HQCE5G" failures="0" tests="3" name="jl.project.UserRequirement4_1" time="63.945" errors="0" timestamp="06 Feb 2021 19:16:14 GMT" skipped="0">
  <testcase classname="jl.project.UserRequirement4_1" name="createAndDeleteItemWithKeyboardOnly_EnterKey" time="13.776"/>
  <testcase classname="jl.project.UserRequirement4_1" name="HideAndDisplayItemsWithKeyboardOnly_EnterKey" time="33.933"/>
  <testcase classname="jl.project.UserRequirement4_1" name="createAndDeleteACategoryWithKeyboardOnly_EnterKey" time="16.236"/>
</testsuite> <!-- jl.project.UserRequirement4_1 -->
