<?xml version="1.0" encoding="UTF-8"?>
<!-- Generated by org.testng.reporters.JUnitReportReporter -->
<testsuite hostname="DESKTOP-CL5VKH3" failures="0" tests="2" name="jl.project.EdgeTests.UserRequirement2" time="2.448" errors="0" timestamp="23 Feb 2021 09:19:17 GMT" skipped="0">
  <testcase classname="jl.project.EdgeTests.UserRequirement2" name="deleteItem" time="1.887"/>
  <testcase classname="jl.project.EdgeTests.UserRequirement2" name="createItem" time="0.561"/>
</testsuite> <!-- jl.project.EdgeTests.UserRequirement2 -->
