<?xml version="1.0" encoding="UTF-8"?>
<!-- Generated by org.testng.reporters.JUnitReportReporter -->
<testsuite hostname="DESKTOP-CL5VKH3" failures="0" tests="2" name="jl.project.ChromeTests.UserRequirement2" time="2.644" errors="0" timestamp="26 Feb 2021 14:39:34 GMT" skipped="0">
  <testcase classname="jl.project.ChromeTests.UserRequirement2" name="createItem" time="0.541"/>
  <testcase classname="jl.project.ChromeTests.UserRequirement2" name="deleteItem" time="2.103"/>
</testsuite> <!-- jl.project.ChromeTests.UserRequirement2 -->
