<?xml version="1.0" encoding="UTF-8"?>
<!-- Generated by org.testng.reporters.JUnitReportReporter -->
<<<<<<< HEAD
<testsuite hostname="LAPTOP-43HQCE5G" failures="0" tests="2" name="jl.project.FirefoxTests.UserRequirement1" time="2.440" errors="0" timestamp="15 Feb 2021 14:37:15 GMT" skipped="0">
  <testcase classname="jl.project.FirefoxTests.UserRequirement1" name="createCategory" time="1.424"/>
  <testcase classname="jl.project.FirefoxTests.UserRequirement1" name="deleteCategory" time="1.016"/>
=======
<testsuite hostname="jl-Ubuntu" failures="0" tests="2" name="jl.project.FirefoxTests.UserRequirement1" time="6.957" errors="0" timestamp="22 Feb 2021 15:39:15 GMT" skipped="0">
  <testcase classname="jl.project.FirefoxTests.UserRequirement1" name="deleteCategory" time="3.262"/>
  <testcase classname="jl.project.FirefoxTests.UserRequirement1" name="createCategory" time="3.695"/>
>>>>>>> 8b36af090b00923fd554604136fc4e3c54213da4
</testsuite> <!-- jl.project.FirefoxTests.UserRequirement1 -->
