<?xml version="1.0" encoding="UTF-8"?>
<!-- Generated by org.testng.reporters.JUnitReportReporter -->
<testsuite hostname="DESKTOP-CL5VKH3" failures="0" tests="3" name="jl.project.EdgeTests.UserRequirement4_2" time="127.471" errors="0" timestamp="28 Feb 2021 17:47:07 GMT" skipped="0">
  <testcase classname="jl.project.EdgeTests.UserRequirement4_2" name="HideAndDisplayItemsWithKeyboardOnly_SpaceKey" time="83.960"/>
  <testcase classname="jl.project.EdgeTests.UserRequirement4_2" name="createAndDeleteACategoryWithKeyboardOnly_SpaceKey" time="22.170"/>
  <testcase classname="jl.project.EdgeTests.UserRequirement4_2" name="createAndDeleteItemWithKeyboardOnly_SpaceKey" time="21.341"/>
</testsuite> <!-- jl.project.EdgeTests.UserRequirement4_2 -->
