<?xml version="1.0" encoding="UTF-8"?>
<!-- Generated by org.testng.reporters.JUnitReportReporter -->
<testsuite hostname="DESKTOP-CL5VKH3" failures="0" tests="2" name="jl.project.ChromeTests.UserRequirement1_Test" time="3.734" errors="0" timestamp="20 Mar 2021 23:37:38 GMT" skipped="0">
  <testcase classname="jl.project.ChromeTests.UserRequirement1_Test" name="deleteCategory" time="0.462"/>
  <testcase classname="jl.project.ChromeTests.UserRequirement1_Test" name="createCategory" time="3.272"/>
</testsuite> <!-- jl.project.ChromeTests.UserRequirement1_Test -->
