<?xml version="1.0" encoding="UTF-8"?>
<!-- Generated by org.testng.reporters.JUnitReportReporter -->
<testsuite hostname="DESKTOP-CL5VKH3" failures="0" tests="2" name="jl.project.ChromeTests.UserRequirement1_Test" time="2.818" errors="0" timestamp="10 Mar 2021 12:13:37 GMT" skipped="0">
  <testcase classname="jl.project.ChromeTests.UserRequirement1_Test" name="deleteCategory" time="0.372"/>
  <testcase classname="jl.project.ChromeTests.UserRequirement1_Test" name="createCategory" time="2.446"/>
</testsuite> <!-- jl.project.ChromeTests.UserRequirement1_Test -->
