<?xml version="1.0" encoding="UTF-8"?>
<!-- Generated by org.testng.reporters.JUnitReportReporter -->
<testsuite hostname="DESKTOP-CL5VKH3" failures="0" tests="2" name="jl.project._edgetests.UserRequirement1_Test" time="20.004" errors="0" timestamp="18 Apr 2021 15:50:30 GMT" skipped="0">
  <testcase classname="jl.project._edgetests.UserRequirement1_Test" name="createCategory" time="8.007"/>
  <testcase classname="jl.project._edgetests.UserRequirement1_Test" name="deleteCategory" time="11.997"/>
</testsuite> <!-- jl.project._edgetests.UserRequirement1_Test -->
