<?xml version="1.0" encoding="UTF-8"?>
<!-- Generated by org.testng.reporters.JUnitReportReporter -->
<testsuite hostname="jl-Ubuntu" failures="0" tests="2" name="jl.project.FirefoxTests.UserRequirement2" time="7.980" errors="0" timestamp="24 Feb 2021 10:59:22 GMT" skipped="0">
  <testcase classname="jl.project.FirefoxTests.UserRequirement2" name="createItem" time="3.881"/>
  <testcase classname="jl.project.FirefoxTests.UserRequirement2" name="deleteItem" time="4.099"/>
</testsuite> <!-- jl.project.FirefoxTests.UserRequirement2 -->
