<?xml version="1.0" encoding="UTF-8"?>
<!-- Generated by org.testng.reporters.JUnitReportReporter -->
<testsuite hostname="mm.home" failures="0" tests="1" name="jl.project.coverage.ConfigurationUtilityTest" time="0.039" errors="0" timestamp="13 Apr 2021 14:12:01 GMT" skipped="0">
  <testcase classname="jl.project.coverage.ConfigurationUtilityTest" name="replaceTagByDataTest" time="0.039"/>
</testsuite> <!-- jl.project.coverage.ConfigurationUtilityTest -->
