<?xml version="1.0" encoding="UTF-8"?>
<!-- Generated by org.testng.reporters.JUnitReportReporter -->
<testsuite hostname="jl-Ubuntu" failures="0" tests="1" name="jl.project.coverage.SpeechToTextConverterIBMTest" time="19.228" errors="0" timestamp="14 Apr 2021 09:19:09 GMT" skipped="0">
  <testcase classname="jl.project.coverage.SpeechToTextConverterIBMTest" name="convertAudioToTextTest" time="19.228"/>
</testsuite> <!-- jl.project.coverage.SpeechToTextConverterIBMTest -->
