<?xml version="1.0" encoding="UTF-8"?>
<!-- Generated by org.testng.reporters.JUnitReportReporter -->
<<<<<<< HEAD
<testsuite hostname="mm.home" failures="0" tests="2" name="jl.project.EdgeTests.UserRequirement1_Test" time="13.546" errors="0" timestamp="05 Apr 2021 10:43:44 GMT" skipped="0">
  <testcase classname="jl.project.EdgeTests.UserRequirement1_Test" name="deleteCategory" time="6.913"/>
  <testcase classname="jl.project.EdgeTests.UserRequirement1_Test" name="createCategory" time="6.633"/>
=======
<testsuite hostname="mm.home" failures="0" tests="2" name="jl.project.EdgeTests.UserRequirement1_Test" time="1.726" errors="0" timestamp="02 Apr 2021 14:01:11 GMT" skipped="0">
  <testcase classname="jl.project.EdgeTests.UserRequirement1_Test" name="createCategory" time="0.685"/>
  <testcase classname="jl.project.EdgeTests.UserRequirement1_Test" name="deleteCategory" time="1.041"/>
>>>>>>> parent of 18309756... Test of the end-to-end testing script on Windows.
</testsuite> <!-- jl.project.EdgeTests.UserRequirement1_Test -->
