<?xml version="1.0" encoding="UTF-8"?>
<!-- Generated by org.testng.reporters.JUnitReportReporter -->
<testsuite hostname="mm.home" failures="0" tests="2" name="jl.project.ChromeTests.UserRequirement2" time="1.237" errors="0" timestamp="25 Feb 2021 11:11:54 GMT" skipped="0">
  <testcase classname="jl.project.ChromeTests.UserRequirement2" name="deleteItem" time="0.357"/>
  <testcase classname="jl.project.ChromeTests.UserRequirement2" name="createItem" time="0.880"/>
</testsuite> <!-- jl.project.ChromeTests.UserRequirement2 -->
