<?xml version="1.0" encoding="UTF-8"?>
<!-- Generated by org.testng.reporters.JUnitReportReporter -->
<testsuite skipped="0" hostname="jl-Ubuntu" name="jl.project.pa11yTest.UserRequirement5_Pa11yTest" tests="1" failures="0" timestamp="19 Mar 2021 14:25:54 GMT" time="0.028" errors="0">
  <testcase name="pa11yTest" time="0.028" classname="jl.project.pa11yTest.UserRequirement5_Pa11yTest"/>
</testsuite> <!-- jl.project.pa11yTest.UserRequirement5_Pa11yTest -->
