<?xml version="1.0" encoding="UTF-8"?>
<!-- Generated by org.testng.reporters.JUnitReportReporter -->
<testsuite hostname="LAPTOP-43HQCE5G" failures="0" tests="3" name="jl.project.EdgeTests.UserRequirement4_2" time="69.694" errors="0" timestamp="10 Feb 2021 05:28:25 GMT" skipped="0">
  <testcase classname="jl.project.EdgeTests.UserRequirement4_2" name="createAndDeleteItemWithKeyboardOnly_SpaceKey" time="15.350"/>
  <testcase classname="jl.project.EdgeTests.UserRequirement4_2" name="HideAndDisplayItemsWithKeyboardOnly_SpaceKey" time="38.746"/>
  <testcase classname="jl.project.EdgeTests.UserRequirement4_2" name="createAndDeleteACategoryWithKeyboardOnly_SpaceKey" time="15.598"/>
</testsuite> <!-- jl.project.EdgeTests.UserRequirement4_2 -->
