<?xml version="1.0" encoding="UTF-8"?>
<!-- Generated by org.testng.reporters.JUnitReportReporter -->
<testsuite hostname="mm.home" failures="0" tests="2" name="jl.project.EdgeTests.UserRequirement1" time="2.190" errors="0" timestamp="25 Feb 2021 13:39:13 GMT" skipped="0">
  <testcase classname="jl.project.EdgeTests.UserRequirement1" name="createCategory" time="1.782"/>
  <testcase classname="jl.project.EdgeTests.UserRequirement1" name="deleteCategory" time="0.408"/>
</testsuite> <!-- jl.project.EdgeTests.UserRequirement1 -->
