<?xml version="1.0" encoding="UTF-8"?>
<!-- Generated by org.testng.reporters.JUnitReportReporter -->
<testsuite hostname="DESKTOP-CL5VKH3" failures="0" tests="3" name="jl.project.ChromeTests.UserRequirement4_1" time="83.868" errors="0" timestamp="23 Feb 2021 09:23:16 GMT" skipped="0">
  <testcase classname="jl.project.ChromeTests.UserRequirement4_1" name="HideAndDisplayItemsWithKeyboardOnly_EnterKey" time="39.882"/>
  <testcase classname="jl.project.ChromeTests.UserRequirement4_1" name="createAndDeleteItemWithKeyboardOnly_EnterKey" time="19.568"/>
  <testcase classname="jl.project.ChromeTests.UserRequirement4_1" name="createAndDeleteACategoryWithKeyboardOnly_EnterKey" time="24.418"/>
</testsuite> <!-- jl.project.ChromeTests.UserRequirement4_1 -->
