<?xml version="1.0" encoding="UTF-8"?>
<!-- Generated by org.testng.reporters.JUnitReportReporter -->
<testsuite hostname="DESKTOP-CL5VKH3" failures="0" tests="2" name="jl.project.ChromeTests.UserRequirement1_Test" time="4.879" errors="0" timestamp="04 Apr 2021 11:11:30 GMT" skipped="0">
  <testcase classname="jl.project.ChromeTests.UserRequirement1_Test" name="deleteCategory" time="0.696"/>
  <testcase classname="jl.project.ChromeTests.UserRequirement1_Test" name="createCategory" time="4.183"/>
</testsuite> <!-- jl.project.ChromeTests.UserRequirement1_Test -->
