<?xml version="1.0" encoding="UTF-8"?>
<!-- Generated by org.testng.reporters.JUnitReportReporter -->
<testsuite hostname="LAPTOP-43HQCE5G" failures="0" tests="1" name="jl.project.ChromeTests.UserRequirement3" time="6.486" errors="0" timestamp="15 Feb 2021 14:15:29 GMT" skipped="0">
  <testcase classname="jl.project.ChromeTests.UserRequirement3" name="hideAndDisplayItem" time="6.486"/>
</testsuite> <!-- jl.project.ChromeTests.UserRequirement3 -->
