<?xml version="1.0" encoding="UTF-8"?>
<!-- Generated by org.testng.reporters.JUnitReportReporter -->
<testsuite hostname="DESKTOP-CL5VKH3" failures="0" tests="3" name="jl.project.FirefoxTests.UserRequirement4_2_Test" time="95.333" errors="0" timestamp="20 Mar 2021 23:48:05 GMT" skipped="0">
  <testcase classname="jl.project.FirefoxTests.UserRequirement4_2_Test" name="createAndDeleteACategoryWithKeyboardOnly_SpaceKey" time="23.012"/>
  <testcase classname="jl.project.FirefoxTests.UserRequirement4_2_Test" name="HideAndDisplayItemsWithKeyboardOnly_SpaceKey" time="53.966"/>
  <testcase classname="jl.project.FirefoxTests.UserRequirement4_2_Test" name="createAndDeleteItemWithKeyboardOnly_SpaceKey" time="18.355"/>
</testsuite> <!-- jl.project.FirefoxTests.UserRequirement4_2_Test -->
