<?xml version="1.0" encoding="UTF-8"?>
<!-- Generated by org.testng.reporters.JUnitReportReporter -->
<testsuite hostname="DESKTOP-CL5VKH3" failures="0" tests="2" name="jl.project.FirefoxTests.UserRequirement1" time="1.967" errors="0" timestamp="23 Feb 2021 10:10:51 GMT" skipped="0">
  <testcase classname="jl.project.FirefoxTests.UserRequirement1" name="createCategory" time="1.168"/>
  <testcase classname="jl.project.FirefoxTests.UserRequirement1" name="deleteCategory" time="0.799"/>
</testsuite> <!-- jl.project.FirefoxTests.UserRequirement1 -->
