<?xml version="1.0" encoding="UTF-8"?>
<!-- Generated by org.testng.reporters.JUnitReportReporter -->
<testsuite skipped="0" hostname="jl-Ubuntu" name="jl.project.FirefoxTests.UserRequirement2_Test" tests="2" failures="0" timestamp="12 Mar 2021 17:54:41 GMT" time="5.507" errors="0">
  <testcase name="createItem" time="2.824" classname="jl.project.FirefoxTests.UserRequirement2_Test"/>
  <testcase name="deleteItem" time="2.683" classname="jl.project.FirefoxTests.UserRequirement2_Test"/>
</testsuite> <!-- jl.project.FirefoxTests.UserRequirement2_Test -->
