<?xml version="1.0" encoding="UTF-8"?>
<!-- Generated by org.testng.reporters.JUnitReportReporter -->
<testsuite hostname="LAPTOP-43HQCE5G" failures="0" tests="3" name="jl.project.EdgeTests.UserRequirement4_1" time="90.031" errors="0" timestamp="15 Feb 2021 06:05:17 GMT" skipped="0">
  <testcase classname="jl.project.EdgeTests.UserRequirement4_1" name="createAndDeleteACategoryWithKeyboardOnly_EnterKey" time="23.021"/>
  <testcase classname="jl.project.EdgeTests.UserRequirement4_1" name="HideAndDisplayItemsWithKeyboardOnly_EnterKey" time="47.326"/>
  <testcase classname="jl.project.EdgeTests.UserRequirement4_1" name="createAndDeleteItemWithKeyboardOnly_EnterKey" time="19.684"/>
</testsuite> <!-- jl.project.EdgeTests.UserRequirement4_1 -->
