<?xml version="1.0" encoding="UTF-8"?>
<!-- Generated by org.testng.reporters.JUnitReportReporter -->
<testsuite hostname="jl-Ubuntu" failures="0" tests="2" name="jl.project.FirefoxTests.UserRequirement2" time="7.779" errors="0" timestamp="26 Feb 2021 09:54:44 GMT" skipped="0">
  <testcase classname="jl.project.FirefoxTests.UserRequirement2" name="createItem" time="3.808"/>
  <testcase classname="jl.project.FirefoxTests.UserRequirement2" name="deleteItem" time="3.971"/>
</testsuite> <!-- jl.project.FirefoxTests.UserRequirement2 -->
