<?xml version="1.0" encoding="UTF-8"?>
<!-- Generated by org.testng.reporters.JUnitReportReporter -->
<testsuite hostname="DESKTOP-CL5VKH3" failures="0" tests="1" name="jl.project.coverage.AudioSystemInformationTest" time="0.017" errors="0" timestamp="13 Apr 2021 16:23:16 GMT" skipped="0">
  <testcase classname="jl.project.coverage.AudioSystemInformationTest" name="mainTest" time="0.017"/>
</testsuite> <!-- jl.project.coverage.AudioSystemInformationTest -->
