<?xml version="1.0" encoding="UTF-8"?>
<!-- Generated by org.testng.reporters.JUnitReportReporter -->
<testsuite hostname="mm.home" failures="0" tests="1" name="jl.project.EdgeTests.UserRequirement3_Test" time="20.119" errors="0" timestamp="05 Apr 2021 14:02:37 GMT" skipped="0">
  <testcase classname="jl.project.EdgeTests.UserRequirement3_Test" name="hideAndDisplayItem" time="20.119"/>
</testsuite> <!-- jl.project.EdgeTests.UserRequirement3_Test -->
