<?xml version="1.0" encoding="UTF-8"?>
<!-- Generated by org.testng.reporters.JUnitReportReporter -->
<testsuite hostname="LAPTOP-43HQCE5G" failures="0" tests="3" name="jl.project.FirefoxTests.UserRequirement4_2" time="70.515" errors="0" timestamp="10 Feb 2021 05:38:57 GMT" skipped="0">
  <testcase classname="jl.project.FirefoxTests.UserRequirement4_2" name="HideAndDisplayItemsWithKeyboardOnly_SpaceKey" time="38.216"/>
  <testcase classname="jl.project.FirefoxTests.UserRequirement4_2" name="createAndDeleteACategoryWithKeyboardOnly_SpaceKey" time="17.013"/>
  <testcase classname="jl.project.FirefoxTests.UserRequirement4_2" name="createAndDeleteItemWithKeyboardOnly_SpaceKey" time="15.286"/>
</testsuite> <!-- jl.project.FirefoxTests.UserRequirement4_2 -->
