<?xml version="1.0" encoding="UTF-8"?>
<!-- Generated by org.testng.reporters.JUnitReportReporter -->
<testsuite hostname="mm.home" failures="0" tests="2" name="jl.project.FirefoxTests.UserRequirement1" time="3.898" errors="0" timestamp="25 Feb 2021 13:36:17 GMT" skipped="0">
  <testcase classname="jl.project.FirefoxTests.UserRequirement1" name="createCategory" time="3.011"/>
  <testcase classname="jl.project.FirefoxTests.UserRequirement1" name="deleteCategory" time="0.887"/>
</testsuite> <!-- jl.project.FirefoxTests.UserRequirement1 -->
