<?xml version="1.0" encoding="UTF-8"?>
<!-- Generated by org.testng.reporters.JUnitReportReporter -->
<testsuite hostname="LAPTOP-43HQCE5G" failures="0" tests="3" name="jl.project.ChromeTests.UserRequirement4_1" time="76.134" errors="0" timestamp="13 Feb 2021 21:16:15 GMT" skipped="0">
  <testcase classname="jl.project.ChromeTests.UserRequirement4_1" name="createAndDeleteACategoryWithKeyboardOnly_EnterKey" time="18.981"/>
  <testcase classname="jl.project.ChromeTests.UserRequirement4_1" name="createAndDeleteItemWithKeyboardOnly_EnterKey" time="16.902"/>
  <testcase classname="jl.project.ChromeTests.UserRequirement4_1" name="HideAndDisplayItemsWithKeyboardOnly_EnterKey" time="40.251"/>
</testsuite> <!-- jl.project.ChromeTests.UserRequirement4_1 -->
