<?xml version="1.0" encoding="UTF-8"?>
<!-- Generated by org.testng.reporters.JUnitReportReporter -->
<testsuite hostname="DESKTOP-CL5VKH3" failures="0" tests="2" name="jl.project.FirefoxTests.UserRequirement1_Test" time="7.105" errors="0" timestamp="12 Mar 2021 18:29:26 GMT" skipped="0">
  <testcase classname="jl.project.FirefoxTests.UserRequirement1_Test" name="createCategory" time="4.432"/>
  <testcase classname="jl.project.FirefoxTests.UserRequirement1_Test" name="deleteCategory" time="2.673"/>
</testsuite> <!-- jl.project.FirefoxTests.UserRequirement1_Test -->
