<?xml version="1.0" encoding="UTF-8"?>
<!-- Generated by org.testng.reporters.JUnitReportReporter -->
<testsuite hostname="mm.home" failures="0" tests="2" name="jl.project.EdgeTests.UserRequirement2" time="1.867" errors="0" timestamp="25 Feb 2021 13:39:13 GMT" skipped="0">
  <testcase classname="jl.project.EdgeTests.UserRequirement2" name="deleteItem" time="0.371"/>
  <testcase classname="jl.project.EdgeTests.UserRequirement2" name="createItem" time="1.496"/>
</testsuite> <!-- jl.project.EdgeTests.UserRequirement2 -->
