<?xml version="1.0" encoding="UTF-8"?>
<!-- Generated by org.testng.reporters.JUnitReportReporter -->
<testsuite hostname="jl-Ubuntu" failures="0" tests="2" name="jl.project._chrometests.UserRequirement2_Test" time="24.043" errors="0" timestamp="23 Apr 2021 10:42:26 GMT" skipped="0">
  <testcase classname="jl.project._chrometests.UserRequirement2_Test" name="deleteItem" time="12.256"/>
  <testcase classname="jl.project._chrometests.UserRequirement2_Test" name="createItem" time="11.787"/>
</testsuite> <!-- jl.project._chrometests.UserRequirement2_Test -->
