<?xml version="1.0" encoding="UTF-8"?>
<!-- Generated by org.testng.reporters.JUnitReportReporter -->
<<<<<<< HEAD
<testsuite hostname="LAPTOP-43HQCE5G" failures="0" tests="1" name="jl.project.ChromeTests.UserRequirement3" time="6.486" errors="0" timestamp="15 Feb 2021 14:15:29 GMT" skipped="0">
  <testcase classname="jl.project.ChromeTests.UserRequirement3" name="hideAndDisplayItem" time="6.486"/>
=======
<testsuite hostname="jl-Ubuntu" failures="0" tests="1" name="jl.project.ChromeTests.UserRequirement3" time="3.154" errors="1" timestamp="22 Feb 2021 16:25:36 GMT" skipped="0">
  <testcase classname="jl.project.ChromeTests.UserRequirement3" name="hideAndDisplayItem" time="3.154">
    <error message="Unable to load library &#039;tesseract&#039;:
libtesseract.so: cannot open shared object file: No such file or directory
libtesseract.so: cannot open shared object file: No such file or directory
Native library (linux-x86-64/libtesseract.so) not found in resource path (/home/jl/Documents/ACL/sts-4.9.0.RELEASE/configuration/org.eclipse.osgi/596/0/.cp/lib/testng-remote.jar:/home/jl/Documents/ACL/AccessibleTodoList_End2endTests/target/test-classes:/home/jl/Documents/ACL/AccessibleTodoList_End2endTests/target/classes:/home/jl/Documents/ACL/sts-4.9.0.RELEASE/plugins/org.junit_4.13.0.v20200204-1500.jar:/home/jl/Documents/ACL/sts-4.9.0.RELEASE/plugins/org.hamcrest.core_1.3.0.v20180420-1519.jar:/home/jl/.m2/repository/org/seleniumhq/selenium/selenium-java/3.13.0/selenium-java-3.13.0.jar:/home/jl/.m2/repository/org/seleniumhq/selenium/selenium-api/3.13.0/selenium-api-3.13.0.jar:/home/jl/.m2/repository/org/seleniumhq/selenium/selenium-chrome-driver/3.13.0/selenium-chrome-driver-3.13.0.jar:/home/jl/.m2/repository/org/seleniumhq/selenium/selenium-edge-driver/3.13.0/selenium-edge-driver-3.13.0.jar:/home/jl/.m2/repository/org/seleniumhq/selenium/selenium-firefox-driver/3.13.0/selenium-firefox-driver-3.13.0.jar:/home/jl/.m2/repository/org/seleniumhq/selenium/selenium-ie-driver/3.13.0/selenium-ie-driver-3.13.0.jar:/home/jl/.m2/repository/org/seleniumhq/selenium/selenium-opera-driver/3.13.0/selenium-opera-driver-3.13.0.jar:/home/jl/.m2/repository/org/seleniumhq/selenium/selenium-remote-driver/3.13.0/selenium-remote-driver-3.13.0.jar:/home/jl/.m2/repository/org/seleniumhq/selenium/selenium-safari-driver/3.13.0/selenium-safari-driver-3.13.0.jar:/home/jl/.m2/repository/org/seleniumhq/selenium/selenium-support/3.13.0/selenium-support-3.13.0.jar:/home/jl/.m2/repository/net/bytebuddy/byte-buddy/1.8.3/byte-buddy-1.8.3.jar:/home/jl/.m2/repository/org/apache/commons/commons-exec/1.3/commons-exec-1.3.jar:/home/jl/.m2/repository/commons-codec/commons-codec/1.10/commons-codec-1.10.jar:/home/jl/.m2/repository/commons-logging/commons-logging/1.2/commons-logging-1.2.jar:/home/jl/.m2/repository/com/google/code/gson/gson/2.8.4/gson-2.8.4.jar:/home/jl/.m2/repository/com/google/guava/guava/25.0-jre/guava-25.0-jre.jar:/home/jl/.m2/repository/com/google/code/findbugs/jsr305/1.3.9/jsr305-1.3.9.jar:/home/jl/.m2/repository/org/checkerframework/checker-compat-qual/2.0.0/checker-compat-qual-2.0.0.jar:/home/jl/.m2/repository/com/google/errorprone/error_prone_annotations/2.1.3/error_prone_annotations-2.1.3.jar:/home/jl/.m2/repository/com/google/j2objc/j2objc-annotations/1.1/j2objc-annotations-1.1.jar:/home/jl/.m2/repository/org/codehaus/mojo/animal-sniffer-annotations/1.14/animal-sniffer-annotations-1.14.jar:/home/jl/.m2/repository/org/apache/httpcomponents/httpclient/4.5.5/httpclient-4.5.5.jar:/home/jl/.m2/repository/org/apache/httpcomponents/httpcore/4.4.9/httpcore-4.4.9.jar:/home/jl/.m2/repository/com/squareup/okhttp3/okhttp/3.10.0/okhttp-3.10.0.jar:/home/jl/.m2/repository/com/squareup/okio/okio/1.14.1/okio-1.14.1.jar:/home/jl/.m2/repository/org/testng/testng/6.13.1/testng-6.13.1.jar:/home/jl/.m2/repository/com/beust/jcommander/1.72/jcommander-1.72.jar:/home/jl/.m2/repository/org/assertj/assertj-core/3.8.0/assertj-core-3.8.0.jar:/home/jl/.m2/repository/com/itextpdf/pdfocr-tesseract4/1.0.2/pdfocr-tesseract4-1.0.2.jar:/home/jl/.m2/repository/com/itextpdf/pdfocr-api/1.0.2/pdfocr-api-1.0.2.jar:/home/jl/.m2/repository/com/itextpdf/layout/7.1.13/layout-7.1.13.jar:/home/jl/.m2/repository/com/itextpdf/pdfa/7.1.13/pdfa-7.1.13.jar:/home/jl/.m2/repository/org/apache/commons/commons-imaging/1.0-alpha1/commons-imaging-1.0-alpha1.jar:/home/jl/.m2/repository/com/itextpdf/styled-xml-parser/7.1.13/styled-xml-parser-7.1.13.jar:/home/jl/.m2/repository/com/itextpdf/io/7.1.13/io-7.1.13.jar:/home/jl/.m2/repository/com/itextpdf/kernel/7.1.13/kernel-7.1.13.jar:/home/jl/.m2/repository/org/bouncycastle/bcpkix-jdk15on/1.64/bcpkix-jdk15on-1.64.jar:/home/jl/.m2/repository/org/bouncycastle/bcprov-jdk15on/1.64/bcprov-jdk15on-1.64.jar:/home/jl/.m2/repository/net/sourceforge/tess4j/tess4j/4.5.1/tess4j-4.5.1.jar:/home/jl/.m2/repository/net/java/dev/jna/jna/5.5.0/jna-5.5.0.jar:/home/jl/.m2/repository/com/github/jai-imageio/jai-imageio-core/1.4.0/jai-imageio-core-1.4.0.jar:/home/jl/.m2/repository/org/apache/pdfbox/pdfbox/2.0.18/pdfbox-2.0.18.jar:/home/jl/.m2/repository/org/apache/pdfbox/fontbox/2.0.18/fontbox-2.0.18.jar:/home/jl/.m2/repository/org/apache/pdfbox/pdfbox-tools/2.0.18/pdfbox-tools-2.0.18.jar:/home/jl/.m2/repository/org/apache/pdfbox/pdfbox-debugger/2.0.18/pdfbox-debugger-2.0.18.jar:/home/jl/.m2/repository/org/apache/pdfbox/jbig2-imageio/3.0.3/jbig2-imageio-3.0.3.jar:/home/jl/.m2/repository/commons-io/commons-io/2.6/commons-io-2.6.jar:/home/jl/.m2/repository/net/sourceforge/lept4j/lept4j/1.13.0/lept4j-1.13.0.jar:/home/jl/.m2/repository/org/jboss/jboss-vfs/3.2.15.Final/jboss-vfs-3.2.15.Final.jar:/home/jl/.m2/repository/org/jboss/logging/jboss-logging/3.1.4.GA/jboss-logging-3.1.4.GA.jar:/home/jl/.m2/repository/ch/qos/logback/logback-classic/1.2.3/logback-classic-1.2.3.jar:/home/jl/.m2/repository/ch/qos/logback/logback-core/1.2.3/logback-core-1.2.3.jar:/home/jl/.m2/repository/org/slf4j/jul-to-slf4j/1.7.30/jul-to-slf4j-1.7.30.jar:/home/jl/.m2/repository/org/slf4j/jcl-over-slf4j/1.7.30/jcl-over-slf4j-1.7.30.jar:/home/jl/.m2/repository/org/slf4j/slf4j-api/1.7.13/slf4j-api-1.7.13.jar)" type="java.lang.UnsatisfiedLinkError">
      <![CDATA[java.lang.UnsatisfiedLinkError: Unable to load library 'tesseract':libtesseract.so: cannot open shared object file: No such file or directorylibtesseract.so: cannot open shared object file: No such file or directoryNative library (linux-x86-64/libtesseract.so) not found in resource path (/home/jl/Documents/ACL/sts-4.9.0.RELEASE/configuration/org.eclipse.osgi/596/0/.cp/lib/testng-remote.jar:/home/jl/Documents/ACL/AccessibleTodoList_End2endTests/target/test-classes:/home/jl/Documents/ACL/AccessibleTodoList_End2endTests/target/classes:/home/jl/Documents/ACL/sts-4.9.0.RELEASE/plugins/org.junit_4.13.0.v20200204-1500.jar:/home/jl/Documents/ACL/sts-4.9.0.RELEASE/plugins/org.hamcrest.core_1.3.0.v20180420-1519.jar:/home/jl/.m2/repository/org/seleniumhq/selenium/selenium-java/3.13.0/selenium-java-3.13.0.jar:/home/jl/.m2/repository/org/seleniumhq/selenium/selenium-api/3.13.0/selenium-api-3.13.0.jar:/home/jl/.m2/repository/org/seleniumhq/selenium/selenium-chrome-driver/3.13.0/selenium-chrome-driver-3.13.0.jar:/home/jl/.m2/repository/org/seleniumhq/selenium/selenium-edge-driver/3.13.0/selenium-edge-driver-3.13.0.jar:/home/jl/.m2/repository/org/seleniumhq/selenium/selenium-firefox-driver/3.13.0/selenium-firefox-driver-3.13.0.jar:/home/jl/.m2/repository/org/seleniumhq/selenium/selenium-ie-driver/3.13.0/selenium-ie-driver-3.13.0.jar:/home/jl/.m2/repository/org/seleniumhq/selenium/selenium-opera-driver/3.13.0/selenium-opera-driver-3.13.0.jar:/home/jl/.m2/repository/org/seleniumhq/selenium/selenium-remote-driver/3.13.0/selenium-remote-driver-3.13.0.jar:/home/jl/.m2/repository/org/seleniumhq/selenium/selenium-safari-driver/3.13.0/selenium-safari-driver-3.13.0.jar:/home/jl/.m2/repository/org/seleniumhq/selenium/selenium-support/3.13.0/selenium-support-3.13.0.jar:/home/jl/.m2/repository/net/bytebuddy/byte-buddy/1.8.3/byte-buddy-1.8.3.jar:/home/jl/.m2/repository/org/apache/commons/commons-exec/1.3/commons-exec-1.3.jar:/home/jl/.m2/repository/commons-codec/commons-codec/1.10/commons-codec-1.10.jar:/home/jl/.m2/repository/commons-logging/commons-logging/1.2/commons-logging-1.2.jar:/home/jl/.m2/repository/com/google/code/gson/gson/2.8.4/gson-2.8.4.jar:/home/jl/.m2/repository/com/google/guava/guava/25.0-jre/guava-25.0-jre.jar:/home/jl/.m2/repository/com/google/code/findbugs/jsr305/1.3.9/jsr305-1.3.9.jar:/home/jl/.m2/repository/org/checkerframework/checker-compat-qual/2.0.0/checker-compat-qual-2.0.0.jar:/home/jl/.m2/repository/com/google/errorprone/error_prone_annotations/2.1.3/error_prone_annotations-2.1.3.jar:/home/jl/.m2/repository/com/google/j2objc/j2objc-annotations/1.1/j2objc-annotations-1.1.jar:/home/jl/.m2/repository/org/codehaus/mojo/animal-sniffer-annotations/1.14/animal-sniffer-annotations-1.14.jar:/home/jl/.m2/repository/org/apache/httpcomponents/httpclient/4.5.5/httpclient-4.5.5.jar:/home/jl/.m2/repository/org/apache/httpcomponents/httpcore/4.4.9/httpcore-4.4.9.jar:/home/jl/.m2/repository/com/squareup/okhttp3/okhttp/3.10.0/okhttp-3.10.0.jar:/home/jl/.m2/repository/com/squareup/okio/okio/1.14.1/okio-1.14.1.jar:/home/jl/.m2/repository/org/testng/testng/6.13.1/testng-6.13.1.jar:/home/jl/.m2/repository/com/beust/jcommander/1.72/jcommander-1.72.jar:/home/jl/.m2/repository/org/assertj/assertj-core/3.8.0/assertj-core-3.8.0.jar:/home/jl/.m2/repository/com/itextpdf/pdfocr-tesseract4/1.0.2/pdfocr-tesseract4-1.0.2.jar:/home/jl/.m2/repository/com/itextpdf/pdfocr-api/1.0.2/pdfocr-api-1.0.2.jar:/home/jl/.m2/repository/com/itextpdf/layout/7.1.13/layout-7.1.13.jar:/home/jl/.m2/repository/com/itextpdf/pdfa/7.1.13/pdfa-7.1.13.jar:/home/jl/.m2/repository/org/apache/commons/commons-imaging/1.0-alpha1/commons-imaging-1.0-alpha1.jar:/home/jl/.m2/repository/com/itextpdf/styled-xml-parser/7.1.13/styled-xml-parser-7.1.13.jar:/home/jl/.m2/repository/com/itextpdf/io/7.1.13/io-7.1.13.jar:/home/jl/.m2/repository/com/itextpdf/kernel/7.1.13/kernel-7.1.13.jar:/home/jl/.m2/repository/org/bouncycastle/bcpkix-jdk15on/1.64/bcpkix-jdk15on-1.64.jar:/home/jl/.m2/repository/org/bouncycastle/bcprov-jdk15on/1.64/bcprov-jdk15on-1.64.jar:/home/jl/.m2/repository/net/sourceforge/tess4j/tess4j/4.5.1/tess4j-4.5.1.jar:/home/jl/.m2/repository/net/java/dev/jna/jna/5.5.0/jna-5.5.0.jar:/home/jl/.m2/repository/com/github/jai-imageio/jai-imageio-core/1.4.0/jai-imageio-core-1.4.0.jar:/home/jl/.m2/repository/org/apache/pdfbox/pdfbox/2.0.18/pdfbox-2.0.18.jar:/home/jl/.m2/repository/org/apache/pdfbox/fontbox/2.0.18/fontbox-2.0.18.jar:/home/jl/.m2/repository/org/apache/pdfbox/pdfbox-tools/2.0.18/pdfbox-tools-2.0.18.jar:/home/jl/.m2/repository/org/apache/pdfbox/pdfbox-debugger/2.0.18/pdfbox-debugger-2.0.18.jar:/home/jl/.m2/repository/org/apache/pdfbox/jbig2-imageio/3.0.3/jbig2-imageio-3.0.3.jar:/home/jl/.m2/repository/commons-io/commons-io/2.6/commons-io-2.6.jar:/home/jl/.m2/repository/net/sourceforge/lept4j/lept4j/1.13.0/lept4j-1.13.0.jar:/home/jl/.m2/repository/org/jboss/jboss-vfs/3.2.15.Final/jboss-vfs-3.2.15.Final.jar:/home/jl/.m2/repository/org/jboss/logging/jboss-logging/3.1.4.GA/jboss-logging-3.1.4.GA.jar:/home/jl/.m2/repository/ch/qos/logback/logback-classic/1.2.3/logback-classic-1.2.3.jar:/home/jl/.m2/repository/ch/qos/logback/logback-core/1.2.3/logback-core-1.2.3.jar:/home/jl/.m2/repository/org/slf4j/jul-to-slf4j/1.7.30/jul-to-slf4j-1.7.30.jar:/home/jl/.m2/repository/org/slf4j/jcl-over-slf4j/1.7.30/jcl-over-slf4j-1.7.30.jar:/home/jl/.m2/repository/org/slf4j/slf4j-api/1.7.13/slf4j-api-1.7.13.jar)at com.sun.jna.NativeLibrary.loadLibrary(NativeLibrary.java:302)at com.sun.jna.NativeLibrary.getInstance(NativeLibrary.java:455)at com.sun.jna.Library$Handler.<init>(Library.java:192)at com.sun.jna.Native.loadLibrary(Native.java:646)at com.sun.jna.Native.loadLibrary(Native.java:630)at net.sourceforge.tess4j.util.LoadLibs.getTessAPIInstance(LoadLibs.java:85)at net.sourceforge.tess4j.TessAPI.<clinit>(TessAPI.java:42)at net.sourceforge.tess4j.Tesseract.init(Tesseract.java:427)at net.sourceforge.tess4j.Tesseract.doOCR(Tesseract.java:223)at net.sourceforge.tess4j.Tesseract.doOCR(Tesseract.java:195)at jl.project.ChromeTests.UserRequirement3.hideAndDisplayItem(UserRequirement3.java:91)at java.base/jdk.internal.reflect.NativeMethodAccessorImpl.invoke0(Native Method)at java.base/jdk.internal.reflect.NativeMethodAccessorImpl.invoke(NativeMethodAccessorImpl.java:64)at java.base/jdk.internal.reflect.DelegatingMethodAccessorImpl.invoke(DelegatingMethodAccessorImpl.java:43)at java.base/java.lang.reflect.Method.invoke(Method.java:564)at org.testng.internal.MethodInvocationHelper.invokeMethod(MethodInvocationHelper.java:124)at org.testng.internal.Invoker.invokeMethod(Invoker.java:571)at org.testng.internal.Invoker.invokeTestMethod(Invoker.java:707)at org.testng.internal.Invoker.invokeTestMethods(Invoker.java:979)at org.testng.internal.TestMethodWorker.invokeTestMethods(TestMethodWorker.java:125)at org.testng.internal.TestMethodWorker.run(TestMethodWorker.java:109)at org.testng.TestRunner.privateRun(TestRunner.java:648)at org.testng.TestRunner.run(TestRunner.java:505)at org.testng.SuiteRunner.runTest(SuiteRunner.java:455)at org.testng.SuiteRunner.runSequentially(SuiteRunner.java:450)at org.testng.SuiteRunner.privateRun(SuiteRunner.java:415)at org.testng.SuiteRunner.run(SuiteRunner.java:364)at org.testng.SuiteRunnerWorker.runSuite(SuiteRunnerWorker.java:52)at org.testng.SuiteRunnerWorker.run(SuiteRunnerWorker.java:84)at org.testng.TestNG.runSuitesSequentially(TestNG.java:1187)at org.testng.TestNG.runSuitesLocally(TestNG.java:1116)at org.testng.TestNG.runSuites(TestNG.java:1028)at org.testng.TestNG.run(TestNG.java:996)at org.testng.remote.AbstractRemoteTestNG.run(AbstractRemoteTestNG.java:115)at org.testng.remote.RemoteTestNG.initAndRun(RemoteTestNG.java:251)at org.testng.remote.RemoteTestNG.main(RemoteTestNG.java:77)Suppressed: java.lang.UnsatisfiedLinkError: libtesseract.so: cannot open shared object file: No such file or directoryat com.sun.jna.Native.open(Native Method)at com.sun.jna.NativeLibrary.loadLibrary(NativeLibrary.java:191)... 35 moreSuppressed: java.lang.UnsatisfiedLinkError: libtesseract.so: cannot open shared object file: No such file or directoryat com.sun.jna.Native.open(Native Method)at com.sun.jna.NativeLibrary.loadLibrary(NativeLibrary.java:204)... 35 moreSuppressed: java.io.IOException: Native library (linux-x86-64/libtesseract.so) not found in resource path (/home/jl/Documents/ACL/sts-4.9.0.RELEASE/configuration/org.eclipse.osgi/596/0/.cp/lib/testng-remote.jar:/home/jl/Documents/ACL/AccessibleTodoList_End2endTests/target/test-classes:/home/jl/Documents/ACL/AccessibleTodoList_End2endTests/target/classes:/home/jl/Documents/ACL/sts-4.9.0.RELEASE/plugins/org.junit_4.13.0.v20200204-1500.jar:/home/jl/Documents/ACL/sts-4.9.0.RELEASE/plugins/org.hamcrest.core_1.3.0.v20180420-1519.jar:/home/jl/.m2/repository/org/seleniumhq/selenium/selenium-java/3.13.0/selenium-java-3.13.0.jar:/home/jl/.m2/repository/org/seleniumhq/selenium/selenium-api/3.13.0/selenium-api-3.13.0.jar:/home/jl/.m2/repository/org/seleniumhq/selenium/selenium-chrome-driver/3.13.0/selenium-chrome-driver-3.13.0.jar:/home/jl/.m2/repository/org/seleniumhq/selenium/selenium-edge-driver/3.13.0/selenium-edge-driver-3.13.0.jar:/home/jl/.m2/repository/org/seleniumhq/selenium/selenium-firefox-driver/3.13.0/selenium-firefox-driver-3.13.0.jar:/home/jl/.m2/repository/org/seleniumhq/selenium/selenium-ie-driver/3.13.0/selenium-ie-driver-3.13.0.jar:/home/jl/.m2/repository/org/seleniumhq/selenium/selenium-opera-driver/3.13.0/selenium-opera-driver-3.13.0.jar:/home/jl/.m2/repository/org/seleniumhq/selenium/selenium-remote-driver/3.13.0/selenium-remote-driver-3.13.0.jar:/home/jl/.m2/repository/org/seleniumhq/selenium/selenium-safari-driver/3.13.0/selenium-safari-driver-3.13.0.jar:/home/jl/.m2/repository/org/seleniumhq/selenium/selenium-support/3.13.0/selenium-support-3.13.0.jar:/home/jl/.m2/repository/net/bytebuddy/byte-buddy/1.8.3/byte-buddy-1.8.3.jar:/home/jl/.m2/repository/org/apache/commons/commons-exec/1.3/commons-exec-1.3.jar:/home/jl/.m2/repository/commons-codec/commons-codec/1.10/commons-codec-1.10.jar:/home/jl/.m2/repository/commons-logging/commons-logging/1.2/commons-logging-1.2.jar:/home/jl/.m2/repository/com/google/code/gson/gson/2.8.4/gson-2.8.4.jar:/home/jl/.m2/repository/com/google/guava/guava/25.0-jre/guava-25.0-jre.jar:/home/jl/.m2/repository/com/google/code/findbugs/jsr305/1.3.9/jsr305-1.3.9.jar:/home/jl/.m2/repository/org/checkerframework/checker-compat-qual/2.0.0/checker-compat-qual-2.0.0.jar:/home/jl/.m2/repository/com/google/errorprone/error_prone_annotations/2.1.3/error_prone_annotations-2.1.3.jar:/home/jl/.m2/repository/com/google/j2objc/j2objc-annotations/1.1/j2objc-annotations-1.1.jar:/home/jl/.m2/repository/org/codehaus/mojo/animal-sniffer-annotations/1.14/animal-sniffer-annotations-1.14.jar:/home/jl/.m2/repository/org/apache/httpcomponents/httpclient/4.5.5/httpclient-4.5.5.jar:/home/jl/.m2/repository/org/apache/httpcomponents/httpcore/4.4.9/httpcore-4.4.9.jar:/home/jl/.m2/repository/com/squareup/okhttp3/okhttp/3.10.0/okhttp-3.10.0.jar:/home/jl/.m2/repository/com/squareup/okio/okio/1.14.1/okio-1.14.1.jar:/home/jl/.m2/repository/org/testng/testng/6.13.1/testng-6.13.1.jar:/home/jl/.m2/repository/com/beust/jcommander/1.72/jcommander-1.72.jar:/home/jl/.m2/repository/org/assertj/assertj-core/3.8.0/assertj-core-3.8.0.jar:/home/jl/.m2/repository/com/itextpdf/pdfocr-tesseract4/1.0.2/pdfocr-tesseract4-1.0.2.jar:/home/jl/.m2/repository/com/itextpdf/pdfocr-api/1.0.2/pdfocr-api-1.0.2.jar:/home/jl/.m2/repository/com/itextpdf/layout/7.1.13/layout-7.1.13.jar:/home/jl/.m2/repository/com/itextpdf/pdfa/7.1.13/pdfa-7.1.13.jar:/home/jl/.m2/repository/org/apache/commons/commons-imaging/1.0-alpha1/commons-imaging-1.0-alpha1.jar:/home/jl/.m2/repository/com/itextpdf/styled-xml-parser/7.1.13/styled-xml-parser-7.1.13.jar:/home/jl/.m2/repository/com/itextpdf/io/7.1.13/io-7.1.13.jar:/home/jl/.m2/repository/com/itextpdf/kernel/7.1.13/kernel-7.1.13.jar:/home/jl/.m2/repository/org/bouncycastle/bcpkix-jdk15on/1.64/bcpkix-jdk15on-1.64.jar:/home/jl/.m2/repository/org/bouncycastle/bcprov-jdk15on/1.64/bcprov-jdk15on-1.64.jar:/home/jl/.m2/repository/net/sourceforge/tess4j/tess4j/4.5.1/tess4j-4.5.1.jar:/home/jl/.m2/repository/net/java/dev/jna/jna/5.5.0/jna-5.5.0.jar:/home/jl/.m2/repository/com/github/jai-imageio/jai-imageio-core/1.4.0/jai-imageio-core-1.4.0.jar:/home/jl/.m2/repository/org/apache/pdfbox/pdfbox/2.0.18/pdfbox-2.0.18.jar:/home/jl/.m2/repository/org/apache/pdfbox/fontbox/2.0.18/fontbox-2.0.18.jar:/home/jl/.m2/repository/org/apache/pdfbox/pdfbox-tools/2.0.18/pdfbox-tools-2.0.18.jar:/home/jl/.m2/repository/org/apache/pdfbox/pdfbox-debugger/2.0.18/pdfbox-debugger-2.0.18.jar:/home/jl/.m2/repository/org/apache/pdfbox/jbig2-imageio/3.0.3/jbig2-imageio-3.0.3.jar:/home/jl/.m2/repository/commons-io/commons-io/2.6/commons-io-2.6.jar:/home/jl/.m2/repository/net/sourceforge/lept4j/lept4j/1.13.0/lept4j-1.13.0.jar:/home/jl/.m2/repository/org/jboss/jboss-vfs/3.2.15.Final/jboss-vfs-3.2.15.Final.jar:/home/jl/.m2/repository/org/jboss/logging/jboss-logging/3.1.4.GA/jboss-logging-3.1.4.GA.jar:/home/jl/.m2/repository/ch/qos/logback/logback-classic/1.2.3/logback-classic-1.2.3.jar:/home/jl/.m2/repository/ch/qos/logback/logback-core/1.2.3/logback-core-1.2.3.jar:/home/jl/.m2/repository/org/slf4j/jul-to-slf4j/1.7.30/jul-to-slf4j-1.7.30.jar:/home/jl/.m2/repository/org/slf4j/jcl-over-slf4j/1.7.30/jcl-over-slf4j-1.7.30.jar:/home/jl/.m2/repository/org/slf4j/slf4j-api/1.7.13/slf4j-api-1.7.13.jar)at com.sun.jna.Native.extractFromResourcePath(Native.java:1095)at com.sun.jna.NativeLibrary.loadLibrary(NativeLibrary.java:276)... 35 more]]>
    </error>
  </testcase> <!-- hideAndDisplayItem -->
>>>>>>> 8b36af090b00923fd554604136fc4e3c54213da4
</testsuite> <!-- jl.project.ChromeTests.UserRequirement3 -->
