<?xml version="1.0" encoding="UTF-8"?>
<!-- Generated by org.testng.reporters.JUnitReportReporter -->
<testsuite hostname="DESKTOP-CL5VKH3" failures="0" tests="2" name="jl.project.FirefoxTests.UserRequirement2_Test" time="2.379" errors="0" timestamp="01 Mar 2021 03:32:48 GMT" skipped="0">
  <testcase classname="jl.project.FirefoxTests.UserRequirement2_Test" name="createItem" time="0.991"/>
  <testcase classname="jl.project.FirefoxTests.UserRequirement2_Test" name="deleteItem" time="1.388"/>
</testsuite> <!-- jl.project.FirefoxTests.UserRequirement2_Test -->
