<?xml version="1.0" encoding="UTF-8"?>
<!-- Generated by org.testng.reporters.JUnitReportReporter -->
<testsuite hostname="DESKTOP-CL5VKH3" failures="0" tests="1" name="jl.project.coverage.SpeechToTextConverterIBMTest" time="28.812" errors="0" timestamp="19 Apr 2021 12:01:02 GMT" skipped="0">
  <testcase classname="jl.project.coverage.SpeechToTextConverterIBMTest" name="convertAudioToTextTest" time="28.812"/>
</testsuite> <!-- jl.project.coverage.SpeechToTextConverterIBMTest -->
