<?xml version="1.0" encoding="UTF-8"?>
<!-- Generated by org.testng.reporters.JUnitReportReporter -->
<testsuite hostname="LAPTOP-43HQCE5G" failures="0" tests="2" name="jl.project.EdgeTests.UserRequirement2" time="3.299" errors="0" timestamp="13 Feb 2021 19:27:10 GMT" skipped="0">
  <testcase classname="jl.project.EdgeTests.UserRequirement2" name="deleteItem" time="1.924"/>
  <testcase classname="jl.project.EdgeTests.UserRequirement2" name="createItem" time="1.375"/>
</testsuite> <!-- jl.project.EdgeTests.UserRequirement2 -->
