<?xml version="1.0" encoding="UTF-8"?>
<!-- Generated by org.testng.reporters.JUnitReportReporter -->
<testsuite hostname="LAPTOP-43HQCE5G" failures="0" tests="3" name="jl.project.FirefoxTests.UserRequirement4_2" time="85.415" errors="0" timestamp="14 Feb 2021 11:29:14 GMT" skipped="0">
  <testcase classname="jl.project.FirefoxTests.UserRequirement4_2" name="HideAndDisplayItemsWithKeyboardOnly_SpaceKey" time="45.488"/>
  <testcase classname="jl.project.FirefoxTests.UserRequirement4_2" name="createAndDeleteACategoryWithKeyboardOnly_SpaceKey" time="21.525"/>
  <testcase classname="jl.project.FirefoxTests.UserRequirement4_2" name="createAndDeleteItemWithKeyboardOnly_SpaceKey" time="18.402"/>
</testsuite> <!-- jl.project.FirefoxTests.UserRequirement4_2 -->
