<?xml version="1.0" encoding="UTF-8"?>
<!-- Generated by org.testng.reporters.JUnitReportReporter -->
<testsuite hostname="DESKTOP-CL5VKH3" failures="0" tests="3" name="jl.project.FirefoxTests.UserRequirement4_2_Test" time="91.944" errors="0" timestamp="25 Mar 2021 19:11:09 GMT" skipped="0">
  <testcase classname="jl.project.FirefoxTests.UserRequirement4_2_Test" name="createAndDeleteACategoryWithKeyboardOnly_SpaceKey" time="23.010"/>
  <testcase classname="jl.project.FirefoxTests.UserRequirement4_2_Test" name="HideAndDisplayItemsWithKeyboardOnly_SpaceKey" time="50.855"/>
  <testcase classname="jl.project.FirefoxTests.UserRequirement4_2_Test" name="createAndDeleteItemWithKeyboardOnly_SpaceKey" time="18.079"/>
</testsuite> <!-- jl.project.FirefoxTests.UserRequirement4_2_Test -->
