<?xml version="1.0" encoding="UTF-8"?>
<!-- Generated by org.testng.reporters.JUnitReportReporter -->
<testsuite hostname="DESKTOP-CL5VKH3" failures="0" tests="3" name="jl.project.FirefoxTests.UserRequirement4_2_Test" time="118.265" errors="0" timestamp="05 Mar 2021 06:52:42 GMT" skipped="0">
  <testcase classname="jl.project.FirefoxTests.UserRequirement4_2_Test" name="HideAndDisplayItemsWithKeyboardOnly_SpaceKey" time="76.817"/>
  <testcase classname="jl.project.FirefoxTests.UserRequirement4_2_Test" name="createAndDeleteItemWithKeyboardOnly_SpaceKey" time="18.144"/>
  <testcase classname="jl.project.FirefoxTests.UserRequirement4_2_Test" name="createAndDeleteACategoryWithKeyboardOnly_SpaceKey" time="23.304"/>
</testsuite> <!-- jl.project.FirefoxTests.UserRequirement4_2_Test -->
