<?xml version="1.0" encoding="UTF-8"?>
<!-- Generated by org.testng.reporters.JUnitReportReporter -->
<testsuite hostname="DESKTOP-CL5VKH3" failures="0" tests="2" name="jl.project.EdgeTests.UserRequirement1" time="2.827" errors="0" timestamp="28 Feb 2021 04:22:03 GMT" skipped="0">
  <testcase classname="jl.project.EdgeTests.UserRequirement1" name="deleteCategory" time="0.374"/>
  <testcase classname="jl.project.EdgeTests.UserRequirement1" name="createCategory" time="2.453"/>
</testsuite> <!-- jl.project.EdgeTests.UserRequirement1 -->
