<?xml version="1.0" encoding="UTF-8"?>
<!-- Generated by org.testng.reporters.JUnitReportReporter -->
<testsuite hostname="mm.home" failures="0" tests="1" name="jl.project.ScreenReadersTests.SpeechToTextConverterIBMTest" time="15.041" errors="0" timestamp="05 Apr 2021 12:49:57 GMT" skipped="0">
  <testcase classname="jl.project.ScreenReadersTests.SpeechToTextConverterIBMTest" name="convertAudioToTextTest" time="15.041"/>
</testsuite> <!-- jl.project.ScreenReadersTests.SpeechToTextConverterIBMTest -->
