<?xml version="1.0" encoding="UTF-8"?>
<!-- Generated by org.testng.reporters.JUnitReportReporter -->
<testsuite hostname="DESKTOP-CL5VKH3" failures="0" tests="2" name="jl.project.EdgeTests.UserRequirement1" time="2.909" errors="0" timestamp="25 Feb 2021 17:38:34 GMT" skipped="0">
  <testcase classname="jl.project.EdgeTests.UserRequirement1" name="createCategory" time="0.578"/>
  <testcase classname="jl.project.EdgeTests.UserRequirement1" name="deleteCategory" time="2.331"/>
</testsuite> <!-- jl.project.EdgeTests.UserRequirement1 -->
