<?xml version="1.0" encoding="UTF-8"?>
<!-- Generated by org.testng.reporters.JUnitReportReporter -->
<testsuite hostname="jl-Ubuntu" failures="0" tests="2" name="jl.project.ChromeTests.UserRequirement2" time="3.462" errors="0" timestamp="26 Feb 2021 09:47:57 GMT" skipped="0">
  <testcase classname="jl.project.ChromeTests.UserRequirement2" name="createItem" time="2.349"/>
  <testcase classname="jl.project.ChromeTests.UserRequirement2" name="deleteItem" time="1.113"/>
</testsuite> <!-- jl.project.ChromeTests.UserRequirement2 -->
