<?xml version="1.0" encoding="UTF-8"?>
<!-- Generated by org.testng.reporters.JUnitReportReporter -->
<testsuite hostname="jl-Ubuntu" failures="0" tests="2" name="jl.project.EdgeTests.UserRequirement2" time="4.477" errors="0" timestamp="26 Feb 2021 16:55:58 GMT" skipped="0">
  <testcase classname="jl.project.EdgeTests.UserRequirement2" name="createItem" time="3.307"/>
  <testcase classname="jl.project.EdgeTests.UserRequirement2" name="deleteItem" time="1.170"/>
</testsuite> <!-- jl.project.EdgeTests.UserRequirement2 -->
