<?xml version="1.0" encoding="UTF-8"?>
<!-- Generated by org.testng.reporters.JUnitReportReporter -->
<testsuite skipped="0" hostname="jl-Ubuntu" name="jl.project.EdgeTests.UserRequirement4_2_Test" tests="3" failures="0" timestamp="12 Mar 2021 17:49:18 GMT" time="90.202" errors="0">
  <testcase name="createAndDeleteACategoryWithKeyboardOnly_SpaceKey" time="20.458" classname="jl.project.EdgeTests.UserRequirement4_2_Test"/>
  <testcase name="createAndDeleteItemWithKeyboardOnly_SpaceKey" time="19.464" classname="jl.project.EdgeTests.UserRequirement4_2_Test"/>
  <testcase name="HideAndDisplayItemsWithKeyboardOnly_SpaceKey" time="50.280" classname="jl.project.EdgeTests.UserRequirement4_2_Test"/>
</testsuite> <!-- jl.project.EdgeTests.UserRequirement4_2_Test -->
