<?xml version="1.0" encoding="UTF-8"?>
<!-- Generated by org.testng.reporters.JUnitReportReporter -->
<testsuite hostname="mm.home" failures="0" tests="1" name="jl.project.EdgeTests.UserRequirement3_Test" time="8.339" errors="0" timestamp="02 Apr 2021 14:01:11 GMT" skipped="0">
  <testcase classname="jl.project.EdgeTests.UserRequirement3_Test" name="hideAndDisplayItem" time="8.339"/>
</testsuite> <!-- jl.project.EdgeTests.UserRequirement3_Test -->
