<?xml version="1.0" encoding="UTF-8"?>
<!-- Generated by org.testng.reporters.JUnitReportReporter -->
<testsuite hostname="DESKTOP-CL5VKH3" failures="0" tests="1" name="jl.project.pa11yTest.Pa11yTest" time="0.024" errors="0" timestamp="15 Mar 2021 19:15:41 GMT" skipped="0">
  <testcase classname="jl.project.pa11yTest.Pa11yTest" name="pa11yTest" time="0.024"/>
</testsuite> <!-- jl.project.pa11yTest.Pa11yTest -->
