<?xml version="1.0" encoding="UTF-8"?>
<!-- Generated by org.testng.reporters.JUnitReportReporter -->
<testsuite hostname="DESKTOP-CL5VKH3" failures="0" tests="3" name="jl.project.ChromeTests.UserRequirement4_1" time="105.851" errors="0" timestamp="26 Feb 2021 11:53:36 GMT" skipped="0">
  <testcase classname="jl.project.ChromeTests.UserRequirement4_1" name="HideAndDisplayItemsWithKeyboardOnly_EnterKey" time="61.270"/>
  <testcase classname="jl.project.ChromeTests.UserRequirement4_1" name="createAndDeleteItemWithKeyboardOnly_EnterKey" time="21.512"/>
  <testcase classname="jl.project.ChromeTests.UserRequirement4_1" name="createAndDeleteACategoryWithKeyboardOnly_EnterKey" time="23.069"/>
</testsuite> <!-- jl.project.ChromeTests.UserRequirement4_1 -->
