<?xml version="1.0" encoding="UTF-8"?>
<!-- Generated by org.testng.reporters.JUnitReportReporter -->
<testsuite hostname="jl-Ubuntu" failures="0" tests="2" name="jl.project.ChromeTests.UserRequirement2" time="3.843" errors="0" timestamp="28 Feb 2021 17:07:21 GMT" skipped="0">
  <testcase classname="jl.project.ChromeTests.UserRequirement2" name="deleteItem" time="1.928"/>
  <testcase classname="jl.project.ChromeTests.UserRequirement2" name="createItem" time="1.915"/>
</testsuite> <!-- jl.project.ChromeTests.UserRequirement2 -->
