<?xml version="1.0" encoding="UTF-8"?>
<!-- Generated by org.testng.reporters.JUnitReportReporter -->
<testsuite skipped="0" hostname="jl-Ubuntu" name="jl.project.EdgeTests.UserRequirement3_Test" tests="1" failures="0" timestamp="12 Mar 2021 17:49:18 GMT" time="12.865" errors="0">
  <testcase name="hideAndDisplayItem" time="12.865" classname="jl.project.EdgeTests.UserRequirement3_Test"/>
</testsuite> <!-- jl.project.EdgeTests.UserRequirement3_Test -->
