<?xml version="1.0" encoding="UTF-8"?>
<!-- Generated by org.testng.reporters.JUnitReportReporter -->
<testsuite hostname="DESKTOP-CL5VKH3" failures="0" tests="1" name="jl.project.FirefoxTests.UserRequirement3_Test" time="13.432" errors="0" timestamp="25 Mar 2021 19:11:09 GMT" skipped="0">
  <testcase classname="jl.project.FirefoxTests.UserRequirement3_Test" name="hideAndDisplayItem" time="13.432"/>
</testsuite> <!-- jl.project.FirefoxTests.UserRequirement3_Test -->
