<?xml version="1.0" encoding="UTF-8"?>
<!-- Generated by org.testng.reporters.JUnitReportReporter -->
<testsuite hostname="DESKTOP-CL5VKH3" failures="0" tests="2" name="jl.project.EdgeTests.UserRequirement2_Test" time="2.789" errors="0" timestamp="03 Mar 2021 11:44:52 GMT" skipped="0">
  <testcase classname="jl.project.EdgeTests.UserRequirement2_Test" name="deleteItem" time="2.266"/>
  <testcase classname="jl.project.EdgeTests.UserRequirement2_Test" name="createItem" time="0.523"/>
</testsuite> <!-- jl.project.EdgeTests.UserRequirement2_Test -->
