<?xml version="1.0" encoding="UTF-8"?>
<!-- Generated by org.testng.reporters.JUnitReportReporter -->
<testsuite hostname="DESKTOP-CL5VKH3" failures="0" tests="3" name="jl.project.ChromeTests.UserRequirement4_2_Test" time="96.549" errors="0" timestamp="03 Mar 2021 11:57:27 GMT" skipped="0">
  <testcase classname="jl.project.ChromeTests.UserRequirement4_2_Test" name="HideAndDisplayItemsWithKeyboardOnly_SpaceKey" time="52.530"/>
  <testcase classname="jl.project.ChromeTests.UserRequirement4_2_Test" name="createAndDeleteACategoryWithKeyboardOnly_SpaceKey" time="24.484"/>
  <testcase classname="jl.project.ChromeTests.UserRequirement4_2_Test" name="createAndDeleteItemWithKeyboardOnly_SpaceKey" time="19.535"/>
</testsuite> <!-- jl.project.ChromeTests.UserRequirement4_2_Test -->
