<?xml version="1.0" encoding="UTF-8"?>
<!-- Generated by org.testng.reporters.JUnitReportReporter -->
<testsuite hostname="LAPTOP-43HQCE5G" failures="0" tests="1" name="jl.project.FirefoxTests.UserRequirement3" time="19.436" errors="0" timestamp="13 Feb 2021 19:32:32 GMT" skipped="0">
  <testcase classname="jl.project.FirefoxTests.UserRequirement3" name="hideAndDisplayItem" time="19.436"/>
</testsuite> <!-- jl.project.FirefoxTests.UserRequirement3 -->
