<?xml version="1.0" encoding="UTF-8"?>
<!-- Generated by org.testng.reporters.JUnitReportReporter -->
<testsuite hostname="DESKTOP-CL5VKH3" failures="0" tests="3" name="jl.project._edgetests.UserRequirement4_1_Test" time="118.345" errors="0" timestamp="18 Apr 2021 15:50:30 GMT" skipped="0">
  <testcase classname="jl.project._edgetests.UserRequirement4_1_Test" name="HideAndDisplayItemsWithKeyboardOnly_EnterKey" time="57.381"/>
  <testcase classname="jl.project._edgetests.UserRequirement4_1_Test" name="createAndDeleteACategoryWithKeyboardOnly_EnterKey" time="30.178"/>
  <testcase classname="jl.project._edgetests.UserRequirement4_1_Test" name="createAndDeleteItemWithKeyboardOnly_EnterKey" time="30.786"/>
</testsuite> <!-- jl.project._edgetests.UserRequirement4_1_Test -->
