<?xml version="1.0" encoding="UTF-8"?>
<!-- Generated by org.testng.reporters.JUnitReportReporter -->
<testsuite hostname="DESKTOP-CL5VKH3" failures="0" tests="3" name="jl.project.EdgeTests.UserRequirement4_1" time="84.369" errors="0" timestamp="23 Feb 2021 10:07:18 GMT" skipped="0">
  <testcase classname="jl.project.EdgeTests.UserRequirement4_1" name="HideAndDisplayItemsWithKeyboardOnly_EnterKey" time="41.909"/>
  <testcase classname="jl.project.EdgeTests.UserRequirement4_1" name="createAndDeleteACategoryWithKeyboardOnly_EnterKey" time="22.772"/>
  <testcase classname="jl.project.EdgeTests.UserRequirement4_1" name="createAndDeleteItemWithKeyboardOnly_EnterKey" time="19.688"/>
</testsuite> <!-- jl.project.EdgeTests.UserRequirement4_1 -->
