<?xml version="1.0" encoding="UTF-8"?>
<!-- Generated by org.testng.reporters.JUnitReportReporter -->
<testsuite hostname="DESKTOP-CL5VKH3" failures="0" tests="2" name="jl.project.EdgeTests.UserRequirement2_Test" time="2.965" errors="0" timestamp="25 Mar 2021 19:05:13 GMT" skipped="0">
  <testcase classname="jl.project.EdgeTests.UserRequirement2_Test" name="deleteItem" time="2.422"/>
  <testcase classname="jl.project.EdgeTests.UserRequirement2_Test" name="createItem" time="0.543"/>
</testsuite> <!-- jl.project.EdgeTests.UserRequirement2_Test -->
