<?xml version="1.0" encoding="UTF-8"?>
<!-- Generated by org.testng.reporters.JUnitReportReporter -->
<testsuite hostname="DESKTOP-CL5VKH3" failures="0" tests="2" name="jl.project.EdgeTests.UserRequirement2_Test" time="3.090" errors="0" timestamp="12 Mar 2021 18:26:28 GMT" skipped="0">
  <testcase classname="jl.project.EdgeTests.UserRequirement2_Test" name="createItem" time="2.564"/>
  <testcase classname="jl.project.EdgeTests.UserRequirement2_Test" name="deleteItem" time="0.526"/>
</testsuite> <!-- jl.project.EdgeTests.UserRequirement2_Test -->
