<?xml version="1.0" encoding="UTF-8"?>
<!-- Generated by org.testng.reporters.JUnitReportReporter -->
<testsuite hostname="LAPTOP-43HQCE5G" failures="0" tests="2" name="jl.project.EdgeTests.UserRequirement2" time="3.254" errors="0" timestamp="10 Feb 2021 05:28:25 GMT" skipped="0">
  <testcase classname="jl.project.EdgeTests.UserRequirement2" name="deleteItem" time="2.039"/>
  <testcase classname="jl.project.EdgeTests.UserRequirement2" name="createItem" time="1.215"/>
</testsuite> <!-- jl.project.EdgeTests.UserRequirement2 -->
