<?xml version="1.0" encoding="UTF-8"?>
<!-- Generated by org.testng.reporters.JUnitReportReporter -->
<testsuite hostname="DESKTOP-CL5VKH3" failures="0" tests="2" name="jl.project.ChromeTests.UserRequirement1" time="2.449" errors="0" timestamp="23 Feb 2021 09:23:16 GMT" skipped="0">
  <testcase classname="jl.project.ChromeTests.UserRequirement1" name="createCategory" time="0.508"/>
  <testcase classname="jl.project.ChromeTests.UserRequirement1" name="deleteCategory" time="1.941"/>
</testsuite> <!-- jl.project.ChromeTests.UserRequirement1 -->
