<?xml version="1.0" encoding="UTF-8"?>
<!-- Generated by org.testng.reporters.JUnitReportReporter -->
<testsuite hostname="DESKTOP-CL5VKH3" failures="0" tests="3" name="jl.project.EdgeTests.UserRequirement4_1" time="84.176" errors="0" timestamp="23 Feb 2021 09:19:17 GMT" skipped="0">
  <testcase classname="jl.project.EdgeTests.UserRequirement4_1" name="HideAndDisplayItemsWithKeyboardOnly_EnterKey" time="40.096"/>
  <testcase classname="jl.project.EdgeTests.UserRequirement4_1" name="createAndDeleteACategoryWithKeyboardOnly_EnterKey" time="24.357"/>
  <testcase classname="jl.project.EdgeTests.UserRequirement4_1" name="createAndDeleteItemWithKeyboardOnly_EnterKey" time="19.723"/>
</testsuite> <!-- jl.project.EdgeTests.UserRequirement4_1 -->
