<?xml version="1.0" encoding="UTF-8"?>
<!-- Generated by org.testng.reporters.JUnitReportReporter -->
<testsuite hostname="jl-Ubuntu" failures="0" tests="2" name="jl.project.EdgeTests.UserRequirement2" time="5.042" errors="0" timestamp="24 Feb 2021 10:57:56 GMT" skipped="0">
  <testcase classname="jl.project.EdgeTests.UserRequirement2" name="deleteItem" time="1.380"/>
  <testcase classname="jl.project.EdgeTests.UserRequirement2" name="createItem" time="3.662"/>
</testsuite> <!-- jl.project.EdgeTests.UserRequirement2 -->
