<?xml version="1.0" encoding="UTF-8"?>
<!-- Generated by org.testng.reporters.JUnitReportReporter -->
<testsuite hostname="mm.home" failures="0" tests="1" name="jl.project.pa11yTest.UserRequirement5_Pa11yTest" time="0.019" errors="0" timestamp="19 Mar 2021 16:22:21 GMT" skipped="0">
  <testcase classname="jl.project.pa11yTest.UserRequirement5_Pa11yTest" name="pa11yTest" time="0.019"/>
</testsuite> <!-- jl.project.pa11yTest.UserRequirement5_Pa11yTest -->
