<?xml version="1.0" encoding="UTF-8"?>
<!-- Generated by org.testng.reporters.JUnitReportReporter -->
<<<<<<< HEAD
<testsuite hostname="LAPTOP-43HQCE5G" failures="0" tests="2" name="jl.project.EdgeTests.UserRequirement1" time="1.825" errors="0" timestamp="15 Feb 2021 14:19:37 GMT" skipped="0">
  <testcase classname="jl.project.EdgeTests.UserRequirement1" name="deleteCategory" time="0.461"/>
  <testcase classname="jl.project.EdgeTests.UserRequirement1" name="createCategory" time="1.364"/>
=======
<testsuite hostname="jl-Ubuntu" failures="0" tests="2" name="jl.project.EdgeTests.UserRequirement1" time="4.336" errors="0" timestamp="22 Feb 2021 16:10:21 GMT" skipped="0">
  <testcase classname="jl.project.EdgeTests.UserRequirement1" name="createCategory" time="2.934"/>
  <testcase classname="jl.project.EdgeTests.UserRequirement1" name="deleteCategory" time="1.402"/>
>>>>>>> 8b36af090b00923fd554604136fc4e3c54213da4
</testsuite> <!-- jl.project.EdgeTests.UserRequirement1 -->
