<?xml version="1.0" encoding="UTF-8"?>
<!-- Generated by org.testng.reporters.JUnitReportReporter -->
<testsuite skipped="0" hostname="jl-Ubuntu" name="jl.project.FirefoxTests.UserRequirement3_Test" tests="1" failures="0" timestamp="12 Mar 2021 17:54:41 GMT" time="20.098" errors="0">
  <testcase name="hideAndDisplayItem" time="20.098" classname="jl.project.FirefoxTests.UserRequirement3_Test"/>
</testsuite> <!-- jl.project.FirefoxTests.UserRequirement3_Test -->
