<?xml version="1.0" encoding="UTF-8"?>
<!-- Generated by org.testng.reporters.JUnitReportReporter -->
<testsuite hostname="DESKTOP-CL5VKH3" failures="0" tests="2" name="jl.project._edgetests.copy.UserRequirement1_Test" time="27.571" errors="0" timestamp="18 Apr 2021 08:34:23 GMT" skipped="0">
  <testcase classname="jl.project._edgetests.copy.UserRequirement1_Test" name="createCategory" time="14.294"/>
  <testcase classname="jl.project._edgetests.copy.UserRequirement1_Test" name="deleteCategory" time="13.277"/>
</testsuite> <!-- jl.project._edgetests.copy.UserRequirement1_Test -->
