<?xml version="1.0" encoding="UTF-8"?>
<!-- Generated by org.testng.reporters.JUnitReportReporter -->
<testsuite skipped="0" hostname="jl-Ubuntu" name="jl.project.FirefoxTests.UserRequirement4_1_Test" tests="3" failures="0" timestamp="12 Mar 2021 17:54:41 GMT" time="97.411" errors="0">
  <testcase name="HideAndDisplayItemsWithKeyboardOnly_EnterKey" time="51.623" classname="jl.project.FirefoxTests.UserRequirement4_1_Test"/>
  <testcase name="createAndDeleteACategoryWithKeyboardOnly_EnterKey" time="25.169" classname="jl.project.FirefoxTests.UserRequirement4_1_Test"/>
  <testcase name="createAndDeleteItemWithKeyboardOnly_EnterKey" time="20.619" classname="jl.project.FirefoxTests.UserRequirement4_1_Test"/>
</testsuite> <!-- jl.project.FirefoxTests.UserRequirement4_1_Test -->
