<?xml version="1.0" encoding="UTF-8"?>
<!-- Generated by org.testng.reporters.JUnitReportReporter -->
<testsuite hostname="LAPTOP-43HQCE5G" failures="0" tests="2" name="jl.project.ChromeTests.UserRequirement1" time="4.728" errors="0" timestamp="13 Feb 2021 19:23:08 GMT" skipped="0">
  <testcase classname="jl.project.ChromeTests.UserRequirement1" name="deleteCategory" time="0.655"/>
  <testcase classname="jl.project.ChromeTests.UserRequirement1" name="createCategory" time="4.073"/>
</testsuite> <!-- jl.project.ChromeTests.UserRequirement1 -->
