<?xml version="1.0" encoding="UTF-8"?>
<!-- Generated by org.testng.reporters.JUnitReportReporter -->
<testsuite hostname="DESKTOP-CL5VKH3" failures="0" tests="2" name="jl.project.FirefoxTests.UserRequirement1" time="2.025" errors="0" timestamp="25 Feb 2021 17:40:04 GMT" skipped="0">
  <testcase classname="jl.project.FirefoxTests.UserRequirement1" name="createCategory" time="0.881"/>
  <testcase classname="jl.project.FirefoxTests.UserRequirement1" name="deleteCategory" time="1.144"/>
</testsuite> <!-- jl.project.FirefoxTests.UserRequirement1 -->
