<?xml version="1.0" encoding="UTF-8"?>
<!-- Generated by org.testng.reporters.JUnitReportReporter -->
<testsuite skipped="0" hostname="jl-Ubuntu" name="jl.project.FirefoxTests.UserRequirement4_2_Test" tests="3" failures="0" timestamp="12 Mar 2021 17:54:41 GMT" time="100.046" errors="0">
  <testcase name="createAndDeleteItemWithKeyboardOnly_SpaceKey" time="20.457" classname="jl.project.FirefoxTests.UserRequirement4_2_Test"/>
  <testcase name="HideAndDisplayItemsWithKeyboardOnly_SpaceKey" time="52.803" classname="jl.project.FirefoxTests.UserRequirement4_2_Test"/>
  <testcase name="createAndDeleteACategoryWithKeyboardOnly_SpaceKey" time="26.786" classname="jl.project.FirefoxTests.UserRequirement4_2_Test"/>
</testsuite> <!-- jl.project.FirefoxTests.UserRequirement4_2_Test -->
