<?xml version="1.0" encoding="UTF-8"?>
<!-- Generated by org.testng.reporters.JUnitReportReporter -->
<testsuite hostname="jl-Ubuntu" failures="0" tests="2" name="jl.project.FirefoxTests.UserRequirement1" time="7.942" errors="0" timestamp="26 Feb 2021 16:58:52 GMT" skipped="0">
  <testcase classname="jl.project.FirefoxTests.UserRequirement1" name="createCategory" time="4.323"/>
  <testcase classname="jl.project.FirefoxTests.UserRequirement1" name="deleteCategory" time="3.619"/>
</testsuite> <!-- jl.project.FirefoxTests.UserRequirement1 -->
