<?xml version="1.0" encoding="UTF-8"?>
<!-- Generated by org.testng.reporters.JUnitReportReporter -->
<testsuite hostname="mm.home" failures="0" tests="2" name="jl.project.ChromeTests.UserRequirement1_Test" time="4.663" errors="0" timestamp="14 Mar 2021 08:31:05 GMT" skipped="0">
  <testcase classname="jl.project.ChromeTests.UserRequirement1_Test" name="deleteCategory" time="3.021"/>
  <testcase classname="jl.project.ChromeTests.UserRequirement1_Test" name="createCategory" time="1.642"/>
</testsuite> <!-- jl.project.ChromeTests.UserRequirement1_Test -->
