<?xml version="1.0" encoding="UTF-8"?>
<!-- Generated by org.testng.reporters.JUnitReportReporter -->
<testsuite hostname="DESKTOP-CL5VKH3" failures="0" tests="1" name="jl.project.FirefoxTests.UserRequirement3" time="6.468" errors="0" timestamp="23 Feb 2021 10:10:51 GMT" skipped="0">
  <testcase classname="jl.project.FirefoxTests.UserRequirement3" name="hideAndDisplayItem" time="6.468"/>
</testsuite> <!-- jl.project.FirefoxTests.UserRequirement3 -->
