<?xml version="1.0" encoding="UTF-8"?>
<!-- Generated by org.testng.reporters.JUnitReportReporter -->
<testsuite hostname="LAPTOP-43HQCE5G" failures="0" tests="2" name="jl.project.FirefoxTests.UserRequirement2" time="2.318" errors="0" timestamp="14 Feb 2021 03:26:13 GMT" skipped="0">
  <testcase classname="jl.project.FirefoxTests.UserRequirement2" name="createItem" time="1.017"/>
  <testcase classname="jl.project.FirefoxTests.UserRequirement2" name="deleteItem" time="1.301"/>
</testsuite> <!-- jl.project.FirefoxTests.UserRequirement2 -->
