<?xml version="1.0" encoding="UTF-8"?>
<!-- Generated by org.testng.reporters.JUnitReportReporter -->
<testsuite hostname="LAPTOP-43HQCE5G" failures="0" tests="3" name="jl.project.UserRequirement4_1" time="76.734" errors="0" timestamp="05 Feb 2021 14:36:17 GMT" skipped="0">
  <testcase classname="jl.project.UserRequirement4_1" name="createAndDeleteItemWithKeyboardOnly_EnterKey" time="14.265"/>
  <testcase classname="jl.project.UserRequirement4_1" name="createAndDeleteACategoryWithKeyboardOnly_EnterKey" time="15.340"/>
  <testcase classname="jl.project.UserRequirement4_1" name="HideAndDisplayItemsWithKeyboardOnly_EnterKey" time="47.129"/>
</testsuite> <!-- jl.project.UserRequirement4_1 -->
