<?xml version="1.0" encoding="UTF-8"?>
<!-- Generated by org.testng.reporters.JUnitReportReporter -->
<testsuite hostname="LAPTOP-43HQCE5G" failures="0" tests="2" name="jl.project.ChromeTests.UserRequirement2" time="5.080" errors="0" timestamp="13 Feb 2021 21:16:15 GMT" skipped="0">
  <testcase classname="jl.project.ChromeTests.UserRequirement2" name="deleteItem" time="0.631"/>
  <testcase classname="jl.project.ChromeTests.UserRequirement2" name="createItem" time="4.449"/>
</testsuite> <!-- jl.project.ChromeTests.UserRequirement2 -->
