<?xml version="1.0" encoding="UTF-8"?>
<!-- Generated by org.testng.reporters.JUnitReportReporter -->
<testsuite hostname="LAPTOP-43HQCE5G" failures="0" tests="1" name="jl.com.UserRequirement2" time="2.637" errors="0" timestamp="15 dÃ©c. 2020 15:10:26 GMT" skipped="0">
  <testcase classname="jl.com.UserRequirement2" name="deleteCategory" time="2.637"/>
</testsuite> <!-- jl.com.UserRequirement2 -->
