<?xml version="1.0" encoding="UTF-8"?>
<!-- Generated by org.testng.reporters.JUnitReportReporter -->
<<<<<<< HEAD
<testsuite hostname="mm.home" failures="0" tests="2" name="jl.project.ChromeTests.UserRequirement2_Test" time="3.331" errors="0" timestamp="14 Mar 2021 08:38:20 GMT" skipped="0">
  <testcase classname="jl.project.ChromeTests.UserRequirement2_Test" name="deleteItem" time="2.128"/>
  <testcase classname="jl.project.ChromeTests.UserRequirement2_Test" name="createItem" time="1.203"/>
=======
<testsuite hostname="DESKTOP-CL5VKH3" failures="0" tests="2" name="jl.project.ChromeTests.UserRequirement2_Test" time="3.580" errors="0" timestamp="12 Mar 2021 18:22:11 GMT" skipped="0">
  <testcase classname="jl.project.ChromeTests.UserRequirement2_Test" name="createItem" time="3.110"/>
  <testcase classname="jl.project.ChromeTests.UserRequirement2_Test" name="deleteItem" time="0.470"/>
>>>>>>> 39b34e6685b3e5597499d235a7f7aa31f82619fe
</testsuite> <!-- jl.project.ChromeTests.UserRequirement2_Test -->
