<?xml version="1.0" encoding="UTF-8"?>
<!-- Generated by org.testng.reporters.JUnitReportReporter -->
<testsuite hostname="LAPTOP-43HQCE5G" failures="0" tests="2" name="jl.project.ChromeTests.UserRequirement1" time="3.738" errors="0" timestamp="10 Feb 2021 05:23:05 GMT" skipped="0">
  <testcase classname="jl.project.ChromeTests.UserRequirement1" name="createCategory" time="2.608"/>
  <testcase classname="jl.project.ChromeTests.UserRequirement1" name="deleteCategory" time="1.130"/>
</testsuite> <!-- jl.project.ChromeTests.UserRequirement1 -->
