<?xml version="1.0" encoding="UTF-8"?>
<!-- Generated by org.testng.reporters.JUnitReportReporter -->
<testsuite hostname="mm.home" failures="0" tests="1" name="jl.project.pa11yTest.UserRequirement5_Pa11yTest_macOS_Ubuntu" time="0.030" errors="0" timestamp="24 Mar 2021 12:02:34 GMT" skipped="0">
  <testcase classname="jl.project.pa11yTest.UserRequirement5_Pa11yTest_macOS_Ubuntu" name="pa11yTest" time="0.030"/>
</testsuite> <!-- jl.project.pa11yTest.UserRequirement5_Pa11yTest_macOS_Ubuntu -->
