<?xml version="1.0" encoding="UTF-8"?>
<!-- Generated by org.testng.reporters.JUnitReportReporter -->
<testsuite hostname="DESKTOP-CL5VKH3" failures="0" tests="2" name="jl.project.EdgeTests.UserRequirement2" time="2.446" errors="0" timestamp="25 Feb 2021 17:38:34 GMT" skipped="0">
  <testcase classname="jl.project.EdgeTests.UserRequirement2" name="createItem" time="0.530"/>
  <testcase classname="jl.project.EdgeTests.UserRequirement2" name="deleteItem" time="1.916"/>
</testsuite> <!-- jl.project.EdgeTests.UserRequirement2 -->
