<?xml version="1.0" encoding="UTF-8"?>
<!-- Generated by org.testng.reporters.JUnitReportReporter -->
<testsuite hostname="jl-Ubuntu" failures="0" tests="1" name="jl.project.pa11yTest.UserRequirement5_Pa11yTest_macOS_Ubuntu" time="0.069" errors="0" timestamp="25 Mar 2021 16:55:03 GMT" skipped="0">
  <testcase classname="jl.project.pa11yTest.UserRequirement5_Pa11yTest_macOS_Ubuntu" name="pa11yTest" time="0.069"/>
</testsuite> <!-- jl.project.pa11yTest.UserRequirement5_Pa11yTest_macOS_Ubuntu -->
