<?xml version="1.0" encoding="UTF-8"?>
<!-- Generated by org.testng.reporters.JUnitReportReporter -->
<testsuite hostname="mm.home" failures="0" tests="3" name="jl.project.EdgeTests.UserRequirement4_1_Test" time="83.233" errors="0" timestamp="14 Mar 2021 09:19:12 GMT" skipped="0">
  <testcase classname="jl.project.EdgeTests.UserRequirement4_1_Test" name="createAndDeleteItemWithKeyboardOnly_EnterKey" time="18.594"/>
  <testcase classname="jl.project.EdgeTests.UserRequirement4_1_Test" name="createAndDeleteACategoryWithKeyboardOnly_EnterKey" time="21.430"/>
  <testcase classname="jl.project.EdgeTests.UserRequirement4_1_Test" name="HideAndDisplayItemsWithKeyboardOnly_EnterKey" time="43.209"/>
</testsuite> <!-- jl.project.EdgeTests.UserRequirement4_1_Test -->
