<?xml version="1.0" encoding="UTF-8"?>
<!-- Generated by org.testng.reporters.JUnitReportReporter -->
<testsuite hostname="mm.home" failures="0" tests="2" name="jl.project.FirefoxTests.UserRequirement1_Test" time="2.667" errors="0" timestamp="12 Mar 2021 17:54:48 GMT" skipped="0">
  <testcase classname="jl.project.FirefoxTests.UserRequirement1_Test" name="deleteCategory" time="0.890"/>
  <testcase classname="jl.project.FirefoxTests.UserRequirement1_Test" name="createCategory" time="1.777"/>
</testsuite> <!-- jl.project.FirefoxTests.UserRequirement1_Test -->
