<?xml version="1.0" encoding="UTF-8"?>
<!-- Generated by org.testng.reporters.JUnitReportReporter -->
<testsuite hostname="LAPTOP-43HQCE5G" failures="0" tests="3" name="jl.project.FirefoxTests.UserRequirement4_2" time="99.631" errors="0" timestamp="15 Feb 2021 14:37:15 GMT" skipped="0">
  <testcase classname="jl.project.FirefoxTests.UserRequirement4_2" name="createAndDeleteItemWithKeyboardOnly_SpaceKey" time="20.194"/>
  <testcase classname="jl.project.FirefoxTests.UserRequirement4_2" name="createAndDeleteACategoryWithKeyboardOnly_SpaceKey" time="26.255"/>
  <testcase classname="jl.project.FirefoxTests.UserRequirement4_2" name="HideAndDisplayItemsWithKeyboardOnly_SpaceKey" time="53.182"/>
</testsuite> <!-- jl.project.FirefoxTests.UserRequirement4_2 -->
