<?xml version="1.0" encoding="UTF-8"?>
<!-- Generated by org.testng.reporters.JUnitReportReporter -->
<testsuite hostname="mm.home" failures="0" tests="3" name="jl.project.ChromeTests.UserRequirement4_1_Test" time="20.531" errors="0" timestamp="12 Mar 2021 16:47:43 GMT" skipped="2">
  <testcase classname="jl.project.ChromeTests.UserRequirement4_1_Test" name="createAndDeleteACategoryWithKeyboardOnly_EnterKey" time="20.531"/>
  <testcase classname="jl.project.ChromeTests.UserRequirement4_1_Test" name="createAndDeleteItemWithKeyboardOnly_EnterKey">
    <skipped/>
  </testcase> <!-- createAndDeleteItemWithKeyboardOnly_EnterKey -->
  <testcase classname="jl.project.ChromeTests.UserRequirement4_1_Test" name="HideAndDisplayItemsWithKeyboardOnly_EnterKey">
    <skipped/>
  </testcase> <!-- HideAndDisplayItemsWithKeyboardOnly_EnterKey -->
</testsuite> <!-- jl.project.ChromeTests.UserRequirement4_1_Test -->
