<?xml version="1.0" encoding="UTF-8"?>
<!-- Generated by org.testng.reporters.JUnitReportReporter -->
<testsuite hostname="DESKTOP-CL5VKH3" failures="0" tests="3" name="jl.project._chrometests.copy.UserRequirement4_2_Test" time="163.437" errors="0" timestamp="18 Apr 2021 15:02:42 GMT" skipped="0">
  <testcase classname="jl.project._chrometests.copy.UserRequirement4_2_Test" name="createAndDeleteItemWithKeyboardOnly_SpaceKey" time="33.106"/>
  <testcase classname="jl.project._chrometests.copy.UserRequirement4_2_Test" name="createAndDeleteACategoryWithKeyboardOnly_SpaceKey" time="28.689"/>
  <testcase classname="jl.project._chrometests.copy.UserRequirement4_2_Test" name="HideAndDisplayItemsWithKeyboardOnly_SpaceKey" time="101.642"/>
</testsuite> <!-- jl.project._chrometests.copy.UserRequirement4_2_Test -->
