<?xml version="1.0" encoding="UTF-8"?>
<!-- Generated by org.testng.reporters.JUnitReportReporter -->
<testsuite hostname="DESKTOP-CL5VKH3" failures="0" tests="3" name="jl.project.EdgeTests.UserRequirement4_1" time="106.678" errors="0" timestamp="26 Feb 2021 12:21:14 GMT" skipped="0">
  <testcase classname="jl.project.EdgeTests.UserRequirement4_1" name="createAndDeleteACategoryWithKeyboardOnly_EnterKey" time="23.154"/>
  <testcase classname="jl.project.EdgeTests.UserRequirement4_1" name="createAndDeleteItemWithKeyboardOnly_EnterKey" time="22.026"/>
  <testcase classname="jl.project.EdgeTests.UserRequirement4_1" name="HideAndDisplayItemsWithKeyboardOnly_EnterKey" time="61.498"/>
</testsuite> <!-- jl.project.EdgeTests.UserRequirement4_1 -->
