<?xml version="1.0" encoding="UTF-8"?>
<!-- Generated by org.testng.reporters.JUnitReportReporter -->
<testsuite hostname="LAPTOP-43HQCE5G" failures="0" tests="3" name="jl.project.ChromeTests.UserRequirement4_2" time="100.059" errors="0" timestamp="15 Feb 2021 06:00:43 GMT" skipped="0">
  <testcase classname="jl.project.ChromeTests.UserRequirement4_2" name="createAndDeleteACategoryWithKeyboardOnly_SpaceKey" time="23.132"/>
  <testcase classname="jl.project.ChromeTests.UserRequirement4_2" name="HideAndDisplayItemsWithKeyboardOnly_SpaceKey" time="57.285"/>
  <testcase classname="jl.project.ChromeTests.UserRequirement4_2" name="createAndDeleteItemWithKeyboardOnly_SpaceKey" time="19.642"/>
</testsuite> <!-- jl.project.ChromeTests.UserRequirement4_2 -->
