<?xml version="1.0" encoding="UTF-8"?>
<!-- Generated by org.testng.reporters.JUnitReportReporter -->
<testsuite hostname="jl-Ubuntu" failures="0" tests="2" name="jl.project.EdgeTests.UserRequirement1" time="4.600" errors="0" timestamp="26 Feb 2021 16:55:58 GMT" skipped="0">
  <testcase classname="jl.project.EdgeTests.UserRequirement1" name="createCategory" time="1.866"/>
  <testcase classname="jl.project.EdgeTests.UserRequirement1" name="deleteCategory" time="2.734"/>
</testsuite> <!-- jl.project.EdgeTests.UserRequirement1 -->
