<?xml version="1.0" encoding="UTF-8"?>
<!-- Generated by org.testng.reporters.JUnitReportReporter -->
<testsuite hostname="DESKTOP-CL5VKH3" failures="0" tests="3" name="jl.project.EdgeTests.UserRequirement4_2" time="85.696" errors="0" timestamp="23 Feb 2021 09:19:17 GMT" skipped="0">
  <testcase classname="jl.project.EdgeTests.UserRequirement4_2" name="HideAndDisplayItemsWithKeyboardOnly_SpaceKey" time="42.193"/>
  <testcase classname="jl.project.EdgeTests.UserRequirement4_2" name="createAndDeleteItemWithKeyboardOnly_SpaceKey" time="19.555"/>
  <testcase classname="jl.project.EdgeTests.UserRequirement4_2" name="createAndDeleteACategoryWithKeyboardOnly_SpaceKey" time="23.948"/>
</testsuite> <!-- jl.project.EdgeTests.UserRequirement4_2 -->
