<?xml version="1.0" encoding="UTF-8"?>
<!-- Generated by org.testng.reporters.JUnitReportReporter -->
<testsuite hostname="DESKTOP-CL5VKH3" failures="0" tests="2" name="jl.project.EdgeTests.UserRequirement1_Test" time="4.329" errors="0" timestamp="12 Mar 2021 18:26:28 GMT" skipped="0">
  <testcase classname="jl.project.EdgeTests.UserRequirement1_Test" name="createCategory" time="3.133"/>
  <testcase classname="jl.project.EdgeTests.UserRequirement1_Test" name="deleteCategory" time="1.196"/>
</testsuite> <!-- jl.project.EdgeTests.UserRequirement1_Test -->
