<?xml version="1.0" encoding="UTF-8"?>
<!-- Generated by org.testng.reporters.JUnitReportReporter -->
<testsuite hostname="DESKTOP-CL5VKH3" failures="0" tests="1" name="jl.project.coverage.ConfigurationUtilityTest" time="0.053" errors="0" timestamp="12 Apr 2021 11:07:53 GMT" skipped="0">
  <testcase classname="jl.project.coverage.ConfigurationUtilityTest" name="replaceTagByDataTest" time="0.053"/>
</testsuite> <!-- jl.project.coverage.ConfigurationUtilityTest -->
