<?xml version="1.0" encoding="UTF-8"?>
<!-- Generated by org.testng.reporters.JUnitReportReporter -->
<testsuite hostname="jl-Ubuntu" failures="0" tests="2" name="jl.project.ChromeTests.UserRequirement1" time="3.144" errors="0" timestamp="22 Feb 2021 16:18:07 GMT" skipped="0">
  <testcase classname="jl.project.ChromeTests.UserRequirement1" name="createCategory" time="1.474"/>
  <testcase classname="jl.project.ChromeTests.UserRequirement1" name="deleteCategory" time="1.670"/>
</testsuite> <!-- jl.project.ChromeTests.UserRequirement1 -->
