<?xml version="1.0" encoding="UTF-8"?>
<!-- Generated by org.testng.reporters.JUnitReportReporter -->
<testsuite hostname="mm.home" failures="0" tests="2" name="jl.project.FirefoxTests.UserRequirement1_Test" time="5.761" errors="0" timestamp="14 Mar 2021 09:50:08 GMT" skipped="0">
  <testcase classname="jl.project.FirefoxTests.UserRequirement1_Test" name="createCategory" time="3.491"/>
  <testcase classname="jl.project.FirefoxTests.UserRequirement1_Test" name="deleteCategory" time="2.270"/>
</testsuite> <!-- jl.project.FirefoxTests.UserRequirement1_Test -->
