<?xml version="1.0" encoding="UTF-8"?>
<!-- Generated by org.testng.reporters.JUnitReportReporter -->
<testsuite hostname="mm.home" failures="0" tests="1" name="jl.project.ChromeTests.UserRequirement3_Test" time="10.216" errors="0" timestamp="12 Mar 2021 13:59:27 GMT" skipped="0">
  <testcase classname="jl.project.ChromeTests.UserRequirement3_Test" name="hideAndDisplayItem" time="10.216"/>
</testsuite> <!-- jl.project.ChromeTests.UserRequirement3_Test -->
