<?xml version="1.0" encoding="UTF-8"?>
<!-- Generated by org.testng.reporters.JUnitReportReporter -->
<testsuite hostname="DESKTOP-CL5VKH3" failures="0" tests="2" name="jl.project.ChromeTests.UserRequirement1" time="2.339" errors="0" timestamp="23 Feb 2021 10:02:10 GMT" skipped="0">
  <testcase classname="jl.project.ChromeTests.UserRequirement1" name="deleteCategory" time="0.335"/>
  <testcase classname="jl.project.ChromeTests.UserRequirement1" name="createCategory" time="2.004"/>
</testsuite> <!-- jl.project.ChromeTests.UserRequirement1 -->
