<?xml version="1.0" encoding="UTF-8"?>
<!-- Generated by org.testng.reporters.JUnitReportReporter -->
<testsuite hostname="LAPTOP-43HQCE5G" failures="0" tests="3" name="jl.project.UserRequirement42" time="15.895" errors="0" timestamp="04 Feb 2021 17:35:16 GMT" skipped="2">
  <testcase classname="jl.project.UserRequirement42" name="createAndDeleteACategoryWithKeyboardOnly" time="15.895"/>
  <testcase classname="jl.project.UserRequirement42" name="createAndDeleteItemWithKeyboardOnly">
    <skipped/>
  </testcase> <!-- createAndDeleteItemWithKeyboardOnly -->
  <testcase classname="jl.project.UserRequirement42" name="HideAndDisplayItemsWithKeyboardOnly">
    <skipped/>
  </testcase> <!-- HideAndDisplayItemsWithKeyboardOnly -->
</testsuite> <!-- jl.project.UserRequirement42 -->
