<?xml version="1.0" encoding="UTF-8"?>
<!-- Generated by org.testng.reporters.JUnitReportReporter -->
<testsuite hostname="mm.home" failures="0" tests="1" name="jl.project.androidtests.UserRequirement1_Test" time="12.928" errors="0" timestamp="23 May 2021 13:43:22 GMT" skipped="0">
  <testcase classname="jl.project.androidtests.UserRequirement1_Test" name="createCategory" time="12.928"/>
</testsuite> <!-- jl.project.androidtests.UserRequirement1_Test -->
