<?xml version="1.0" encoding="UTF-8"?>
<!-- Generated by org.testng.reporters.JUnitReportReporter -->
<testsuite hostname="LAPTOP-43HQCE5G" failures="0" tests="2" name="jl.project.UserRequirement1" time="4.542" errors="0" timestamp="03 Feb 2021 16:34:32 GMT" skipped="0">
  <testcase classname="jl.project.UserRequirement1" name="createCategory" time="3.514"/>
  <testcase classname="jl.project.UserRequirement1" name="deleteCategory" time="1.028"/>
</testsuite> <!-- jl.project.UserRequirement1 -->
