<?xml version="1.0" encoding="UTF-8"?>
<!-- Generated by org.testng.reporters.JUnitReportReporter -->
<testsuite hostname="jl-Ubuntu" failures="0" tests="1" name="jl.project.Pa11yTest.UserRequirement5_Pa11yTest" time="0.011" errors="0" timestamp="05 Apr 2021 17:57:59 GMT" skipped="0">
  <testcase classname="jl.project.Pa11yTest.UserRequirement5_Pa11yTest" name="pa11yTest" time="0.011"/>
</testsuite> <!-- jl.project.Pa11yTest.UserRequirement5_Pa11yTest -->
