<?xml version="1.0" encoding="UTF-8"?>
<!-- Generated by org.testng.reporters.JUnitReportReporter -->
<testsuite hostname="DESKTOP-CL5VKH3" failures="0" tests="3" name="jl.project.FirefoxTests.UserRequirement4_2" time="86.702" errors="0" timestamp="23 Feb 2021 10:10:51 GMT" skipped="0">
  <testcase classname="jl.project.FirefoxTests.UserRequirement4_2" name="createAndDeleteACategoryWithKeyboardOnly_SpaceKey" time="25.564"/>
  <testcase classname="jl.project.FirefoxTests.UserRequirement4_2" name="HideAndDisplayItemsWithKeyboardOnly_SpaceKey" time="41.347"/>
  <testcase classname="jl.project.FirefoxTests.UserRequirement4_2" name="createAndDeleteItemWithKeyboardOnly_SpaceKey" time="19.791"/>
</testsuite> <!-- jl.project.FirefoxTests.UserRequirement4_2 -->
