<?xml version="1.0" encoding="UTF-8"?>
<!-- Generated by org.testng.reporters.JUnitReportReporter -->
<testsuite hostname="LAPTOP-43HQCE5G" failures="0" tests="3" name="jl.project.UserRequirement4_2" time="63.411" errors="0" timestamp="06 Feb 2021 19:16:14 GMT" skipped="0">
  <testcase classname="jl.project.UserRequirement4_2" name="HideAndDisplayItemsWithKeyboardOnly_SpaceKey" time="33.143"/>
  <testcase classname="jl.project.UserRequirement4_2" name="createAndDeleteACategoryWithKeyboardOnly_SpaceKey" time="14.778"/>
  <testcase classname="jl.project.UserRequirement4_2" name="createAndDeleteItemWithKeyboardOnly_SpaceKey" time="15.490"/>
</testsuite> <!-- jl.project.UserRequirement4_2 -->
