<?xml version="1.0" encoding="UTF-8"?>
<!-- Generated by org.testng.reporters.JUnitReportReporter -->
<testsuite hostname="LAPTOP-43HQCE5G" failures="0" tests="3" name="jl.project.UserRequirement4" time="71.815" errors="0" timestamp="03 Feb 2021 16:39:05 GMT" skipped="0">
  <testcase classname="jl.project.UserRequirement4" name="HideAndDisplayItemsWithKeyboardOnly" time="41.076"/>
  <testcase classname="jl.project.UserRequirement4" name="createAndDeleteItemWithKeyboardOnly" time="16.627"/>
  <testcase classname="jl.project.UserRequirement4" name="createAndDeleteACategoryWithKeyboardOnly" time="14.112"/>
</testsuite> <!-- jl.project.UserRequirement4 -->
