<?xml version="1.0" encoding="UTF-8"?>
<!-- Generated by org.testng.reporters.JUnitReportReporter -->
<testsuite skipped="0" hostname="jl-Ubuntu" name="jl.project.ChromeTests.UserRequirement2_Test" tests="2" failures="0" timestamp="12 Mar 2021 17:43:18 GMT" time="2.574" errors="0">
  <testcase name="createItem" time="1.759" classname="jl.project.ChromeTests.UserRequirement2_Test"/>
  <testcase name="deleteItem" time="0.815" classname="jl.project.ChromeTests.UserRequirement2_Test"/>
</testsuite> <!-- jl.project.ChromeTests.UserRequirement2_Test -->
