<?xml version="1.0" encoding="UTF-8"?>
<!-- Generated by org.testng.reporters.JUnitReportReporter -->
<testsuite hostname="LAPTOP-43HQCE5G" failures="0" tests="2" name="jl.project.UserRequirement2" time="3.235" errors="0" timestamp="07 Feb 2021 18:36:47 GMT" skipped="0">
  <testcase classname="jl.project.UserRequirement2" name="createItem" time="1.077"/>
  <testcase classname="jl.project.UserRequirement2" name="deleteItem" time="2.158"/>
</testsuite> <!-- jl.project.UserRequirement2 -->
