<?xml version="1.0" encoding="UTF-8"?>
<!-- Generated by org.testng.reporters.JUnitReportReporter -->
<testsuite hostname="DESKTOP-CL5VKH3" failures="0" tests="1" name="jl.project.EdgeTests.UserRequirement3" time="27.494" errors="0" timestamp="26 Feb 2021 12:06:11 GMT" skipped="0">
  <testcase classname="jl.project.EdgeTests.UserRequirement3" name="hideAndDisplayItem" time="27.494"/>
</testsuite> <!-- jl.project.EdgeTests.UserRequirement3 -->
