<?xml version="1.0" encoding="UTF-8"?>
<!-- Generated by org.testng.reporters.JUnitReportReporter -->
<testsuite hostname="LAPTOP-43HQCE5G" failures="0" tests="3" name="jl.project.ChromeTests.UserRequirement4_1" time="91.746" errors="0" timestamp="15 Feb 2021 06:00:43 GMT" skipped="0">
  <testcase classname="jl.project.ChromeTests.UserRequirement4_1" name="createAndDeleteItemWithKeyboardOnly_EnterKey" time="19.833"/>
  <testcase classname="jl.project.ChromeTests.UserRequirement4_1" name="HideAndDisplayItemsWithKeyboardOnly_EnterKey" time="47.141"/>
  <testcase classname="jl.project.ChromeTests.UserRequirement4_1" name="createAndDeleteACategoryWithKeyboardOnly_EnterKey" time="24.772"/>
</testsuite> <!-- jl.project.ChromeTests.UserRequirement4_1 -->
