<?xml version="1.0" encoding="UTF-8"?>
<!-- Generated by org.testng.reporters.JUnitReportReporter -->
<testsuite hostname="mm.home" failures="0" tests="2" name="jl.project.EdgeTests.UserRequirement1_Test" time="2.497" errors="0" timestamp="12 Mar 2021 17:49:08 GMT" skipped="0">
  <testcase classname="jl.project.EdgeTests.UserRequirement1_Test" name="createCategory" time="0.663"/>
  <testcase classname="jl.project.EdgeTests.UserRequirement1_Test" name="deleteCategory" time="1.834"/>
</testsuite> <!-- jl.project.EdgeTests.UserRequirement1_Test -->
