<?xml version="1.0" encoding="UTF-8"?>
<!-- Generated by org.testng.reporters.JUnitReportReporter -->
<testsuite skipped="0" hostname="jl-Ubuntu" name="jl.project.EdgeTests.UserRequirement2_Test" tests="2" failures="0" timestamp="12 Mar 2021 17:49:18 GMT" time="3.619" errors="0">
  <testcase name="deleteItem" time="0.903" classname="jl.project.EdgeTests.UserRequirement2_Test"/>
  <testcase name="createItem" time="2.716" classname="jl.project.EdgeTests.UserRequirement2_Test"/>
</testsuite> <!-- jl.project.EdgeTests.UserRequirement2_Test -->
