<?xml version="1.0" encoding="UTF-8"?>
<!-- Generated by org.testng.reporters.JUnitReportReporter -->
<testsuite hostname="DESKTOP-CL5VKH3" failures="0" tests="1" name="jl.project.FirefoxTests.UserRequirement3" time="15.208" errors="0" timestamp="26 Feb 2021 15:09:39 GMT" skipped="0">
  <testcase classname="jl.project.FirefoxTests.UserRequirement3" name="hideAndDisplayItem" time="15.208"/>
</testsuite> <!-- jl.project.FirefoxTests.UserRequirement3 -->
