<?xml version="1.0" encoding="UTF-8"?>
<!-- Generated by org.testng.reporters.JUnitReportReporter -->
<testsuite hostname="jl-Ubuntu" failures="0" tests="1" name="jl.project.androidtests.UserRequirement1_Test" time="15.559" errors="0" timestamp="24 May 2021 09:09:33 GMT" skipped="0">
  <testcase classname="jl.project.androidtests.UserRequirement1_Test" name="createCategory" time="15.559"/>
</testsuite> <!-- jl.project.androidtests.UserRequirement1_Test -->
