<?xml version="1.0" encoding="UTF-8"?>
<!-- Generated by org.testng.reporters.JUnitReportReporter -->
<testsuite skipped="0" hostname="jl-Ubuntu" name="jl.project.pa11yTest.UserRequirement5_Pa11yTest_macOS_Ubuntu" tests="1" failures="0" timestamp="20 Mar 2021 23:11:08 GMT" time="0.027" errors="0">
  <testcase name="pa11yTest" time="0.027" classname="jl.project.pa11yTest.UserRequirement5_Pa11yTest_macOS_Ubuntu"/>
</testsuite> <!-- jl.project.pa11yTest.UserRequirement5_Pa11yTest_macOS_Ubuntu -->
