<?xml version="1.0" encoding="UTF-8"?>
<!-- Generated by org.testng.reporters.JUnitReportReporter -->
<testsuite hostname="LAPTOP-43HQCE5G" failures="0" tests="2" name="jl.project.UserRequirement2" time="3.092" errors="0" timestamp="06 Feb 2021 19:16:14 GMT" skipped="0">
  <testcase classname="jl.project.UserRequirement2" name="deleteItem" time="0.581"/>
  <testcase classname="jl.project.UserRequirement2" name="createItem" time="2.511"/>
</testsuite> <!-- jl.project.UserRequirement2 -->
