<?xml version="1.0" encoding="UTF-8"?>
<!-- Generated by org.testng.reporters.JUnitReportReporter -->
<testsuite hostname="jl-Ubuntu" failures="0" tests="2" name="jl.project.FirefoxTests.UserRequirement2" time="7.572" errors="0" timestamp="26 Feb 2021 16:58:52 GMT" skipped="0">
  <testcase classname="jl.project.FirefoxTests.UserRequirement2" name="createItem" time="3.933"/>
  <testcase classname="jl.project.FirefoxTests.UserRequirement2" name="deleteItem" time="3.639"/>
</testsuite> <!-- jl.project.FirefoxTests.UserRequirement2 -->
