<?xml version="1.0" encoding="UTF-8"?>
<!-- Generated by org.testng.reporters.JUnitReportReporter -->
<testsuite hostname="DESKTOP-CL5VKH3" failures="0" tests="1" name="jl.project.EdgeTests.UserRequirement3_Test" time="12.883" errors="0" timestamp="03 Mar 2021 11:44:52 GMT" skipped="0">
  <testcase classname="jl.project.EdgeTests.UserRequirement3_Test" name="hideAndDisplayItem" time="12.883"/>
</testsuite> <!-- jl.project.EdgeTests.UserRequirement3_Test -->
