<?xml version="1.0" encoding="UTF-8"?>
<!-- Generated by org.testng.reporters.JUnitReportReporter -->
<testsuite hostname="DESKTOP-CL5VKH3" failures="0" tests="3" name="jl.project._edgetests.copy.UserRequirement4_1_Test" time="115.413" errors="0" timestamp="18 Apr 2021 14:29:52 GMT" skipped="0">
  <testcase classname="jl.project._edgetests.copy.UserRequirement4_1_Test" name="createAndDeleteACategoryWithKeyboardOnly_EnterKey" time="31.836"/>
  <testcase classname="jl.project._edgetests.copy.UserRequirement4_1_Test" name="createAndDeleteItemWithKeyboardOnly_EnterKey" time="30.901"/>
  <testcase classname="jl.project._edgetests.copy.UserRequirement4_1_Test" name="HideAndDisplayItemsWithKeyboardOnly_EnterKey" time="52.676"/>
</testsuite> <!-- jl.project._edgetests.copy.UserRequirement4_1_Test -->
