<?xml version="1.0" encoding="UTF-8"?>
<!-- Generated by org.testng.reporters.JUnitReportReporter -->
<testsuite hostname="mm.home" failures="0" tests="1" name="jl.project.EdgeTests.UserRequirement3_Test" time="9.745" errors="0" timestamp="04 Apr 2021 02:12:02 GMT" skipped="0">
  <testcase classname="jl.project.EdgeTests.UserRequirement3_Test" name="hideAndDisplayItem" time="9.745"/>
</testsuite> <!-- jl.project.EdgeTests.UserRequirement3_Test -->
