<?xml version="1.0" encoding="UTF-8"?>
<!-- Generated by org.testng.reporters.JUnitReportReporter -->
<testsuite hostname="LAPTOP-43HQCE5G" failures="0" tests="1" name="jl.project.FirefoxTests.UserRequirement3" time="24.245" errors="0" timestamp="09 Feb 2021 20:54:10 GMT" skipped="0">
  <testcase classname="jl.project.FirefoxTests.UserRequirement3" name="hideAndDisplayItem" time="24.245"/>
</testsuite> <!-- jl.project.FirefoxTests.UserRequirement3 -->
