<?xml version="1.0" encoding="UTF-8"?>
<!-- Generated by org.testng.reporters.JUnitReportReporter -->
<testsuite hostname="LAPTOP-43HQCE5G" failures="0" tests="1" name="jl.project.FirefoxTests.UserRequirement3" time="14.563" errors="0" timestamp="10 Feb 2021 05:38:57 GMT" skipped="0">
  <testcase classname="jl.project.FirefoxTests.UserRequirement3" name="hideAndDisplayItem" time="14.563"/>
</testsuite> <!-- jl.project.FirefoxTests.UserRequirement3 -->
