<?xml version="1.0" encoding="UTF-8"?>
<!-- Generated by org.testng.reporters.JUnitReportReporter -->
<testsuite hostname="DESKTOP-CL5VKH3" failures="0" tests="3" name="jl.project._edgetests.UserRequirement4_2_Test" time="118.121" errors="0" timestamp="18 Apr 2021 15:50:30 GMT" skipped="0">
  <testcase classname="jl.project._edgetests.UserRequirement4_2_Test" name="createAndDeleteItemWithKeyboardOnly_SpaceKey" time="34.151"/>
  <testcase classname="jl.project._edgetests.UserRequirement4_2_Test" name="createAndDeleteACategoryWithKeyboardOnly_SpaceKey" time="26.856"/>
  <testcase classname="jl.project._edgetests.UserRequirement4_2_Test" name="HideAndDisplayItemsWithKeyboardOnly_SpaceKey" time="57.114"/>
</testsuite> <!-- jl.project._edgetests.UserRequirement4_2_Test -->
