<?xml version="1.0" encoding="UTF-8"?>
<!-- Generated by org.testng.reporters.JUnitReportReporter -->
<testsuite hostname="mm.home" failures="0" tests="2" name="jl.project.FirefoxTests.UserRequirement2_Test" time="6.802" errors="0" timestamp="14 Mar 2021 09:49:40 GMT" skipped="0">
  <testcase classname="jl.project.FirefoxTests.UserRequirement2_Test" name="deleteItem" time="1.825"/>
  <testcase classname="jl.project.FirefoxTests.UserRequirement2_Test" name="createItem" time="4.977"/>
</testsuite> <!-- jl.project.FirefoxTests.UserRequirement2_Test -->
