<?xml version="1.0" encoding="UTF-8"?>
<!-- Generated by org.testng.reporters.JUnitReportReporter -->
<testsuite hostname="mm.home" failures="0" tests="2" name="jl.project.FirefoxTests.UserRequirement1" time="2.599" errors="0" timestamp="25 Feb 2021 12:19:24 GMT" skipped="0">
  <testcase classname="jl.project.FirefoxTests.UserRequirement1" name="deleteCategory" time="0.843"/>
  <testcase classname="jl.project.FirefoxTests.UserRequirement1" name="createCategory" time="1.756"/>
</testsuite> <!-- jl.project.FirefoxTests.UserRequirement1 -->
