<?xml version="1.0" encoding="UTF-8"?>
<!-- Generated by org.testng.reporters.JUnitReportReporter -->
<testsuite hostname="DESKTOP-CL5VKH3" failures="0" tests="2" name="jl.project._edgetests.UserRequirement1_Test" time="19.031" errors="0" timestamp="18 Apr 2021 10:18:54 GMT" skipped="0">
  <testcase classname="jl.project._edgetests.UserRequirement1_Test" name="createCategory" time="10.099"/>
  <testcase classname="jl.project._edgetests.UserRequirement1_Test" name="deleteCategory" time="8.932"/>
</testsuite> <!-- jl.project._edgetests.UserRequirement1_Test -->
