<?xml version="1.0" encoding="UTF-8"?>
<!-- Generated by org.testng.reporters.JUnitReportReporter -->
<testsuite hostname="LAPTOP-43HQCE5G" failures="0" tests="3" name="jl.project.UserRequirement4_1" time="65.603" errors="0" timestamp="07 Feb 2021 18:38:53 GMT" skipped="0">
  <testcase classname="jl.project.UserRequirement4_1" name="createAndDeleteItemWithKeyboardOnly_EnterKey" time="13.829"/>
  <testcase classname="jl.project.UserRequirement4_1" name="HideAndDisplayItemsWithKeyboardOnly_EnterKey" time="37.206"/>
  <testcase classname="jl.project.UserRequirement4_1" name="createAndDeleteACategoryWithKeyboardOnly_EnterKey" time="14.568"/>
</testsuite> <!-- jl.project.UserRequirement4_1 -->
