<?xml version="1.0" encoding="UTF-8"?>
<!-- Generated by org.testng.reporters.JUnitReportReporter -->
<testsuite hostname="mm.home" failures="0" tests="3" name="jl.project.FirefoxTests.UserRequirement4_2_Test" time="95.261" errors="0" timestamp="14 Mar 2021 09:46:54 GMT" skipped="0">
  <testcase classname="jl.project.FirefoxTests.UserRequirement4_2_Test" name="createAndDeleteItemWithKeyboardOnly_SpaceKey" time="21.094"/>
  <testcase classname="jl.project.FirefoxTests.UserRequirement4_2_Test" name="createAndDeleteACategoryWithKeyboardOnly_SpaceKey" time="25.917"/>
  <testcase classname="jl.project.FirefoxTests.UserRequirement4_2_Test" name="HideAndDisplayItemsWithKeyboardOnly_SpaceKey" time="48.250"/>
</testsuite> <!-- jl.project.FirefoxTests.UserRequirement4_2_Test -->
