<?xml version="1.0" encoding="UTF-8"?>
<!-- Generated by org.testng.reporters.JUnitReportReporter -->
<testsuite hostname="LAPTOP-43HQCE5G" failures="0" tests="3" name="jl.project.FirefoxTests.UserRequirement4_1" time="73.067" errors="0" timestamp="14 Feb 2021 03:26:13 GMT" skipped="0">
  <testcase classname="jl.project.FirefoxTests.UserRequirement4_1" name="createAndDeleteACategoryWithKeyboardOnly_EnterKey" time="19.579"/>
  <testcase classname="jl.project.FirefoxTests.UserRequirement4_1" name="createAndDeleteItemWithKeyboardOnly_EnterKey" time="17.211"/>
  <testcase classname="jl.project.FirefoxTests.UserRequirement4_1" name="HideAndDisplayItemsWithKeyboardOnly_EnterKey" time="36.277"/>
</testsuite> <!-- jl.project.FirefoxTests.UserRequirement4_1 -->
