<?xml version="1.0" encoding="UTF-8"?>
<!-- Generated by org.testng.reporters.JUnitReportReporter -->
<testsuite hostname="DESKTOP-CL5VKH3" failures="0" tests="2" name="jl.project.FirefoxTests.UserRequirement2" time="2.692" errors="0" timestamp="28 Feb 2021 17:53:27 GMT" skipped="0">
  <testcase classname="jl.project.FirefoxTests.UserRequirement2" name="createItem" time="0.946"/>
  <testcase classname="jl.project.FirefoxTests.UserRequirement2" name="deleteItem" time="1.746"/>
</testsuite> <!-- jl.project.FirefoxTests.UserRequirement2 -->
