<?xml version="1.0" encoding="UTF-8"?>
<!-- Generated by org.testng.reporters.JUnitReportReporter -->
<testsuite hostname="jl-Ubuntu" failures="0" tests="2" name="jl.project.ChromeTests.UserRequirement2" time="3.758" errors="0" timestamp="24 Feb 2021 10:54:53 GMT" skipped="0">
  <testcase classname="jl.project.ChromeTests.UserRequirement2" name="createItem" time="2.537"/>
  <testcase classname="jl.project.ChromeTests.UserRequirement2" name="deleteItem" time="1.221"/>
</testsuite> <!-- jl.project.ChromeTests.UserRequirement2 -->
