<?xml version="1.0" encoding="UTF-8"?>
<!-- Generated by org.testng.reporters.JUnitReportReporter -->
<testsuite hostname="DESKTOP-CL5VKH3" failures="0" tests="1" name="jl.project._edgetests.UserRequirement3_Test" time="34.868" errors="0" timestamp="18 Apr 2021 12:25:08 GMT" skipped="0">
  <testcase classname="jl.project._edgetests.UserRequirement3_Test" name="hideAndDisplayItem" time="34.868"/>
</testsuite> <!-- jl.project._edgetests.UserRequirement3_Test -->
