<?xml version="1.0" encoding="UTF-8"?>
<!-- Generated by org.testng.reporters.JUnitReportReporter -->
<testsuite hostname="DESKTOP-CL5VKH3" failures="0" tests="2" name="jl.project._edgetests.UserRequirement2_Test" time="23.935" errors="0" timestamp="18 Apr 2021 11:48:14 GMT" skipped="0">
  <testcase classname="jl.project._edgetests.UserRequirement2_Test" name="createItem" time="11.977"/>
  <testcase classname="jl.project._edgetests.UserRequirement2_Test" name="deleteItem_UsingClicks" time="11.958"/>
</testsuite> <!-- jl.project._edgetests.UserRequirement2_Test -->
