<?xml version="1.0" encoding="UTF-8"?>
<!-- Generated by org.testng.reporters.JUnitReportReporter -->
<testsuite hostname="LAPTOP-43HQCE5G" failures="0" tests="2" name="jl.com.UserRequirement2" time="3.574" errors="0" timestamp="30 Jan 2021 19:58:41 GMT" skipped="0">
  <testcase classname="jl.com.UserRequirement2" name="createItem" time="2.911"/>
  <testcase classname="jl.com.UserRequirement2" name="deleteItem" time="0.663"/>
</testsuite> <!-- jl.com.UserRequirement2 -->
