<?xml version="1.0" encoding="UTF-8"?>
<!-- Generated by org.testng.reporters.JUnitReportReporter -->
<testsuite hostname="DESKTOP-CL5VKH3" failures="0" tests="2" name="jl.project._chrometests.UserRequirement2_Test" time="23.130" errors="0" timestamp="18 Apr 2021 11:50:00 GMT" skipped="0">
  <testcase classname="jl.project._chrometests.UserRequirement2_Test" name="deleteItem" time="12.109"/>
  <testcase classname="jl.project._chrometests.UserRequirement2_Test" name="createItem" time="11.021"/>
</testsuite> <!-- jl.project._chrometests.UserRequirement2_Test -->
