<?xml version="1.0" encoding="UTF-8"?>
<!-- Generated by org.testng.reporters.JUnitReportReporter -->
<testsuite hostname="DESKTOP-CL5VKH3" failures="0" tests="2" name="jl.project._chrometests.UserRequirement1_Test" time="18.945" errors="0" timestamp="18 Apr 2021 10:16:31 GMT" skipped="0">
  <testcase classname="jl.project._chrometests.UserRequirement1_Test" name="createCategory_UsingClicks" time="10.059"/>
  <testcase classname="jl.project._chrometests.UserRequirement1_Test" name="deleteCategory_UsingClicks" time="8.886"/>
</testsuite> <!-- jl.project._chrometests.UserRequirement1_Test -->
