<?xml version="1.0" encoding="UTF-8"?>
<!-- Generated by org.testng.reporters.JUnitReportReporter -->
<testsuite hostname="LAPTOP-43HQCE5G" failures="0" tests="2" name="jl.project.EdgeTests.UserRequirement1" time="2.477" errors="0" timestamp="15 Feb 2021 06:05:17 GMT" skipped="0">
  <testcase classname="jl.project.EdgeTests.UserRequirement1" name="deleteCategory" time="0.609"/>
  <testcase classname="jl.project.EdgeTests.UserRequirement1" name="createCategory" time="1.868"/>
</testsuite> <!-- jl.project.EdgeTests.UserRequirement1 -->
