<?xml version="1.0" encoding="UTF-8"?>
<!-- Generated by org.testng.reporters.JUnitReportReporter -->
<testsuite hostname="LAPTOP-43HQCE5G" failures="0" tests="2" name="jl.project.ChromeTests.UserRequirement1" time="2.290" errors="0" timestamp="15 Feb 2021 14:15:29 GMT" skipped="0">
  <testcase classname="jl.project.ChromeTests.UserRequirement1" name="createCategory" time="0.669"/>
  <testcase classname="jl.project.ChromeTests.UserRequirement1" name="deleteCategory" time="1.621"/>
</testsuite> <!-- jl.project.ChromeTests.UserRequirement1 -->
