<?xml version="1.0" encoding="UTF-8"?>
<!-- Generated by org.testng.reporters.JUnitReportReporter -->
<testsuite hostname="mm.home" failures="0" tests="2" name="jl.project.EdgeTests.UserRequirement2_Test" time="13.694" errors="0" timestamp="05 Apr 2021 10:43:44 GMT" skipped="0">
  <testcase classname="jl.project.EdgeTests.UserRequirement2_Test" name="deleteItem" time="7.137"/>
  <testcase classname="jl.project.EdgeTests.UserRequirement2_Test" name="createItem" time="6.557"/>
</testsuite> <!-- jl.project.EdgeTests.UserRequirement2_Test -->
