<?xml version="1.0" encoding="UTF-8"?>
<!-- Generated by org.testng.reporters.JUnitReportReporter -->
<testsuite hostname="DESKTOP-CL5VKH3" failures="0" tests="1" name="jl.project.coverage.SpeechToTextConverterIBMTest" time="33.556" errors="0" timestamp="14 Apr 2021 09:38:02 GMT" skipped="0">
  <testcase classname="jl.project.coverage.SpeechToTextConverterIBMTest" name="convertAudioToTextTest" time="33.556"/>
</testsuite> <!-- jl.project.coverage.SpeechToTextConverterIBMTest -->
