<?xml version="1.0" encoding="UTF-8"?>
<!-- Generated by org.testng.reporters.JUnitReportReporter -->
<testsuite hostname="jl-Ubuntu" failures="0" tests="2" name="jl.project.FirefoxTests.UserRequirement2" time="7.232" errors="0" timestamp="22 Feb 2021 15:43:39 GMT" skipped="0">
  <testcase classname="jl.project.FirefoxTests.UserRequirement2" name="createItem" time="3.630"/>
  <testcase classname="jl.project.FirefoxTests.UserRequirement2" name="deleteItem" time="3.602"/>
</testsuite> <!-- jl.project.FirefoxTests.UserRequirement2 -->
