<?xml version="1.0" encoding="UTF-8"?>
<!-- Generated by org.testng.reporters.JUnitReportReporter -->
<testsuite hostname="DESKTOP-CL5VKH3" failures="0" tests="2" name="jl.project.FirefoxTests.UserRequirement2_Test" time="2.001" errors="0" timestamp="20 Mar 2021 23:48:05 GMT" skipped="0">
  <testcase classname="jl.project.FirefoxTests.UserRequirement2_Test" name="createItem" time="0.926"/>
  <testcase classname="jl.project.FirefoxTests.UserRequirement2_Test" name="deleteItem" time="1.075"/>
</testsuite> <!-- jl.project.FirefoxTests.UserRequirement2_Test -->
