<?xml version="1.0" encoding="UTF-8"?>
<!-- Generated by org.testng.reporters.JUnitReportReporter -->
<testsuite hostname="jl-Ubuntu" failures="0" tests="2" name="jl.project.EdgeTests.UserRequirement1" time="4.961" errors="0" timestamp="24 Feb 2021 10:57:56 GMT" skipped="0">
  <testcase classname="jl.project.EdgeTests.UserRequirement1" name="createCategory" time="3.336"/>
  <testcase classname="jl.project.EdgeTests.UserRequirement1" name="deleteCategory" time="1.625"/>
</testsuite> <!-- jl.project.EdgeTests.UserRequirement1 -->
