<?xml version="1.0" encoding="UTF-8"?>
<!-- Generated by org.testng.reporters.JUnitReportReporter -->
<testsuite hostname="DESKTOP-CL5VKH3" failures="0" tests="3" name="jl.project._chrometests.copy.UserRequirement4_1_Test" time="62.216" errors="0" timestamp="18 Apr 2021 13:25:09 GMT" skipped="1">
  <testcase classname="jl.project._chrometests.copy.UserRequirement4_1_Test" name="createAndDeleteItemWithKeyboardOnly_EnterKey" time="35.196"/>
  <testcase classname="jl.project._chrometests.copy.UserRequirement4_1_Test" name="HideAndDisplayItemsWithKeyboardOnly_EnterKey" time="0.000">
    <skipped/>
  </testcase> <!-- HideAndDisplayItemsWithKeyboardOnly_EnterKey -->
  <testcase classname="jl.project._chrometests.copy.UserRequirement4_1_Test" name="createAndDeleteACategoryWithKeyboardOnly_EnterKey" time="27.020"/>
</testsuite> <!-- jl.project._chrometests.copy.UserRequirement4_1_Test -->
