<?xml version="1.0" encoding="UTF-8"?>
<!-- Generated by org.testng.reporters.JUnitReportReporter -->
<testsuite hostname="DESKTOP-CL5VKH3" failures="0" tests="2" name="jl.project.FirefoxTests.UserRequirement1" time="2.542" errors="0" timestamp="28 Feb 2021 04:27:52 GMT" skipped="0">
  <testcase classname="jl.project.FirefoxTests.UserRequirement1" name="createCategory" time="0.877"/>
  <testcase classname="jl.project.FirefoxTests.UserRequirement1" name="deleteCategory" time="1.665"/>
</testsuite> <!-- jl.project.FirefoxTests.UserRequirement1 -->
