<?xml version="1.0" encoding="UTF-8"?>
<!-- Generated by org.testng.reporters.JUnitReportReporter -->
<<<<<<< HEAD
<testsuite hostname="mm.home" failures="0" tests="1" name="jl.project.FirefoxTests.UserRequirement3_Test" time="21.146" errors="0" timestamp="14 Mar 2021 09:48:06 GMT" skipped="0">
  <testcase classname="jl.project.FirefoxTests.UserRequirement3_Test" name="hideAndDisplayItem" time="21.146"/>
=======
<testsuite hostname="DESKTOP-CL5VKH3" failures="0" tests="1" name="jl.project.FirefoxTests.UserRequirement3_Test" time="19.834" errors="0" timestamp="12 Mar 2021 18:29:26 GMT" skipped="0">
  <testcase classname="jl.project.FirefoxTests.UserRequirement3_Test" name="hideAndDisplayItem" time="19.834"/>
>>>>>>> 39b34e6685b3e5597499d235a7f7aa31f82619fe
</testsuite> <!-- jl.project.FirefoxTests.UserRequirement3_Test -->
