<?xml version="1.0" encoding="UTF-8"?>
<!-- Generated by org.testng.reporters.JUnitReportReporter -->
<testsuite hostname="LAPTOP-43HQCE5G" failures="0" tests="2" name="jl.project.EdgeTests.UserRequirement2" time="2.770" errors="0" timestamp="14 Feb 2021 11:24:41 GMT" skipped="0">
  <testcase classname="jl.project.EdgeTests.UserRequirement2" name="deleteItem" time="1.870"/>
  <testcase classname="jl.project.EdgeTests.UserRequirement2" name="createItem" time="0.900"/>
</testsuite> <!-- jl.project.EdgeTests.UserRequirement2 -->
