<?xml version="1.0" encoding="UTF-8"?>
<!-- Generated by org.testng.reporters.JUnitReportReporter -->
<<<<<<< HEAD
<testsuite hostname="mm.home" failures="0" tests="2" name="jl.project.EdgeTests.UserRequirement1_Test" time="9.759" errors="0" timestamp="04 Apr 2021 02:12:02 GMT" skipped="0">
  <testcase classname="jl.project.EdgeTests.UserRequirement1_Test" name="createCategory" time="4.204"/>
  <testcase classname="jl.project.EdgeTests.UserRequirement1_Test" name="deleteCategory" time="5.555"/>
=======
<testsuite hostname="DESKTOP-CL5VKH3" failures="0" tests="2" name="jl.project.EdgeTests.UserRequirement1_Test" time="4.754" errors="0" timestamp="04 Apr 2021 11:15:32 GMT" skipped="0">
  <testcase classname="jl.project.EdgeTests.UserRequirement1_Test" name="deleteCategory" time="3.625"/>
  <testcase classname="jl.project.EdgeTests.UserRequirement1_Test" name="createCategory" time="1.129"/>
>>>>>>> 18309756c8d01fd2e6d36c2571d49f6f0ddb4990
</testsuite> <!-- jl.project.EdgeTests.UserRequirement1_Test -->
