<?xml version="1.0" encoding="UTF-8"?>
<!-- Generated by org.testng.reporters.JUnitReportReporter -->
<testsuite hostname="LAPTOP-43HQCE5G" failures="0" tests="2" name="jl.project.ChromeTests.UserRequirement1" time="4.310" errors="0" timestamp="14 Feb 2021 10:19:20 GMT" skipped="0">
  <testcase classname="jl.project.ChromeTests.UserRequirement1" name="deleteCategory" time="0.554"/>
  <testcase classname="jl.project.ChromeTests.UserRequirement1" name="createCategory" time="3.756"/>
</testsuite> <!-- jl.project.ChromeTests.UserRequirement1 -->
