<?xml version="1.0" encoding="UTF-8"?>
<!-- Generated by org.testng.reporters.JUnitReportReporter -->
<testsuite hostname="DESKTOP-CL5VKH3" failures="0" tests="1" name="jl.project.FirefoxTests.UserRequirement3_Test" time="14.330" errors="0" timestamp="03 Mar 2021 11:49:20 GMT" skipped="0">
  <testcase classname="jl.project.FirefoxTests.UserRequirement3_Test" name="hideAndDisplayItem" time="14.330"/>
</testsuite> <!-- jl.project.FirefoxTests.UserRequirement3_Test -->
