<?xml version="1.0" encoding="UTF-8"?>
<!-- Generated by org.testng.reporters.JUnitReportReporter -->
<testsuite hostname="DESKTOP-CL5VKH3" failures="0" tests="3" name="jl.project.FirefoxTests.UserRequirement4_2" time="86.717" errors="0" timestamp="23 Feb 2021 09:31:19 GMT" skipped="0">
  <testcase classname="jl.project.FirefoxTests.UserRequirement4_2" name="createAndDeleteACategoryWithKeyboardOnly_SpaceKey" time="25.671"/>
  <testcase classname="jl.project.FirefoxTests.UserRequirement4_2" name="HideAndDisplayItemsWithKeyboardOnly_SpaceKey" time="41.300"/>
  <testcase classname="jl.project.FirefoxTests.UserRequirement4_2" name="createAndDeleteItemWithKeyboardOnly_SpaceKey" time="19.746"/>
</testsuite> <!-- jl.project.FirefoxTests.UserRequirement4_2 -->
