<?xml version="1.0" encoding="UTF-8"?>
<!-- Generated by org.testng.reporters.JUnitReportReporter -->
<testsuite hostname="DESKTOP-CL5VKH3" failures="0" tests="1" name="jl.project.ChromeTests.UserRequirement3_Test" time="23.087" errors="0" timestamp="04 Apr 2021 11:11:30 GMT" skipped="0">
  <testcase classname="jl.project.ChromeTests.UserRequirement3_Test" name="hideAndDisplayItem" time="23.087"/>
</testsuite> <!-- jl.project.ChromeTests.UserRequirement3_Test -->
