<?xml version="1.0" encoding="UTF-8"?>
<!-- Generated by org.testng.reporters.JUnitReportReporter -->
<testsuite hostname="DESKTOP-CL5VKH3" failures="0" tests="3" name="jl.project.FirefoxTests.UserRequirement4_1" time="86.147" errors="0" timestamp="23 Feb 2021 09:31:19 GMT" skipped="0">
  <testcase classname="jl.project.FirefoxTests.UserRequirement4_1" name="createAndDeleteItemWithKeyboardOnly_EnterKey" time="19.645"/>
  <testcase classname="jl.project.FirefoxTests.UserRequirement4_1" name="HideAndDisplayItemsWithKeyboardOnly_EnterKey" time="41.123"/>
  <testcase classname="jl.project.FirefoxTests.UserRequirement4_1" name="createAndDeleteACategoryWithKeyboardOnly_EnterKey" time="25.379"/>
</testsuite> <!-- jl.project.FirefoxTests.UserRequirement4_1 -->
