<?xml version="1.0" encoding="UTF-8"?>
<!-- Generated by org.testng.reporters.JUnitReportReporter -->
<testsuite skipped="0" hostname="jl-Ubuntu" name="jl.project.ChromeTests.UserRequirement1_Test" tests="2" failures="0" timestamp="12 Mar 2021 17:43:18 GMT" time="3.045" errors="0">
  <testcase name="deleteCategory" time="0.991" classname="jl.project.ChromeTests.UserRequirement1_Test"/>
  <testcase name="createCategory" time="2.054" classname="jl.project.ChromeTests.UserRequirement1_Test"/>
</testsuite> <!-- jl.project.ChromeTests.UserRequirement1_Test -->
