<?xml version="1.0" encoding="UTF-8"?>
<!-- Generated by org.testng.reporters.JUnitReportReporter -->
<testsuite hostname="LAPTOP-43HQCE5G" failures="0" tests="2" name="jl.project.ChromeTests.UserRequirement2" time="3.547" errors="0" timestamp="10 Feb 2021 05:23:05 GMT" skipped="0">
  <testcase classname="jl.project.ChromeTests.UserRequirement2" name="createItem" time="2.649"/>
  <testcase classname="jl.project.ChromeTests.UserRequirement2" name="deleteItem" time="0.898"/>
</testsuite> <!-- jl.project.ChromeTests.UserRequirement2 -->
