<?xml version="1.0" encoding="UTF-8"?>
<!-- Generated by org.testng.reporters.JUnitReportReporter -->
<testsuite hostname="LAPTOP-43HQCE5G" failures="0" tests="2" name="jl.com.UserRequirement1" time="2.997" errors="0" timestamp="16 Jan 2021 20:11:32 GMT" skipped="0">
  <testcase classname="jl.com.UserRequirement1" name="createCategory" time="2.121"/>
  <testcase classname="jl.com.UserRequirement1" name="deleteCategory" time="0.876"/>
</testsuite> <!-- jl.com.UserRequirement1 -->
