<?xml version="1.0" encoding="UTF-8"?>
<!-- Generated by org.testng.reporters.JUnitReportReporter -->
<testsuite hostname="DESKTOP-CL5VKH3" failures="0" tests="1" name="jl.project.androidtests.UserRequirement1_Test" time="32.543" errors="0" timestamp="21 May 2021 11:22:16 GMT" skipped="0">
  <testcase classname="jl.project.androidtests.UserRequirement1_Test" name="createCategory" time="32.543"/>
</testsuite> <!-- jl.project.androidtests.UserRequirement1_Test -->
