<?xml version="1.0" encoding="UTF-8"?>
<!-- Generated by org.testng.reporters.JUnitReportReporter -->
<<<<<<< HEAD
<testsuite hostname="LAPTOP-43HQCE5G" failures="0" tests="2" name="jl.project.FirefoxTests.UserRequirement2" time="2.266" errors="0" timestamp="15 Feb 2021 14:37:15 GMT" skipped="0">
  <testcase classname="jl.project.FirefoxTests.UserRequirement2" name="createItem" time="1.339"/>
  <testcase classname="jl.project.FirefoxTests.UserRequirement2" name="deleteItem" time="0.927"/>
=======
<testsuite hostname="jl-Ubuntu" failures="0" tests="2" name="jl.project.FirefoxTests.UserRequirement2" time="7.232" errors="0" timestamp="22 Feb 2021 15:43:39 GMT" skipped="0">
  <testcase classname="jl.project.FirefoxTests.UserRequirement2" name="createItem" time="3.630"/>
  <testcase classname="jl.project.FirefoxTests.UserRequirement2" name="deleteItem" time="3.602"/>
>>>>>>> 8b36af090b00923fd554604136fc4e3c54213da4
</testsuite> <!-- jl.project.FirefoxTests.UserRequirement2 -->
