<?xml version="1.0" encoding="UTF-8"?>
<!-- Generated by org.testng.reporters.JUnitReportReporter -->
<testsuite hostname="LAPTOP-43HQCE5G" failures="0" tests="2" name="jl.project.FirefoxTests.UserRequirement1" time="4.710" errors="0" timestamp="09 Feb 2021 20:35:28 GMT" skipped="0">
  <testcase classname="jl.project.FirefoxTests.UserRequirement1" name="createCategory" time="2.491"/>
  <testcase classname="jl.project.FirefoxTests.UserRequirement1" name="deleteCategory" time="2.219"/>
</testsuite> <!-- jl.project.FirefoxTests.UserRequirement1 -->
