<?xml version="1.0" encoding="UTF-8"?>
<!-- Generated by org.testng.reporters.JUnitReportReporter -->
<testsuite hostname="mm.home" failures="0" tests="2" name="jl.project.FirefoxTests.UserRequirement2_Test" time="1.947" errors="0" timestamp="02 Apr 2021 13:39:04 GMT" skipped="0">
  <testcase classname="jl.project.FirefoxTests.UserRequirement2_Test" name="createItem" time="0.963"/>
  <testcase classname="jl.project.FirefoxTests.UserRequirement2_Test" name="deleteItem" time="0.984"/>
</testsuite> <!-- jl.project.FirefoxTests.UserRequirement2_Test -->
