<?xml version="1.0" encoding="UTF-8"?>
<!-- Generated by org.testng.reporters.JUnitReportReporter -->
<testsuite hostname="mm.home" failures="0" tests="1" name="jl.project.ScreenReadersTests.SpeechToTextConverterIBMTest" time="15.030" errors="0" timestamp="31 Mar 2021 11:25:22 GMT" skipped="0">
  <testcase classname="jl.project.ScreenReadersTests.SpeechToTextConverterIBMTest" name="convertAudioToTextTest" time="15.030"/>
</testsuite> <!-- jl.project.ScreenReadersTests.SpeechToTextConverterIBMTest -->
