<?xml version="1.0" encoding="UTF-8"?>
<!-- Generated by org.testng.reporters.JUnitReportReporter -->
<testsuite hostname="DESKTOP-CL5VKH3" failures="0" tests="2" name="jl.project.FirefoxTests.UserRequirement1_Test" time="2.115" errors="0" timestamp="03 Mar 2021 11:50:29 GMT" skipped="0">
  <testcase classname="jl.project.FirefoxTests.UserRequirement1_Test" name="createCategory" time="1.307"/>
  <testcase classname="jl.project.FirefoxTests.UserRequirement1_Test" name="deleteCategory" time="0.808"/>
</testsuite> <!-- jl.project.FirefoxTests.UserRequirement1_Test -->
