<?xml version="1.0" encoding="UTF-8"?>
<!-- Generated by org.testng.reporters.JUnitReportReporter -->
<<<<<<< HEAD
<testsuite hostname="LAPTOP-43HQCE5G" failures="0" tests="2" name="jl.project.ChromeTests.UserRequirement2" time="4.206" errors="0" timestamp="15 Feb 2021 14:15:29 GMT" skipped="0">
  <testcase classname="jl.project.ChromeTests.UserRequirement2" name="createItem" time="0.600"/>
  <testcase classname="jl.project.ChromeTests.UserRequirement2" name="deleteItem" time="3.606"/>
=======
<testsuite hostname="jl-Ubuntu" failures="0" tests="2" name="jl.project.ChromeTests.UserRequirement2" time="3.184" errors="0" timestamp="22 Feb 2021 16:24:55 GMT" skipped="0">
  <testcase classname="jl.project.ChromeTests.UserRequirement2" name="createItem" time="1.678"/>
  <testcase classname="jl.project.ChromeTests.UserRequirement2" name="deleteItem" time="1.506"/>
>>>>>>> 8b36af090b00923fd554604136fc4e3c54213da4
</testsuite> <!-- jl.project.ChromeTests.UserRequirement2 -->
