<?xml version="1.0" encoding="UTF-8"?>
<!-- Generated by org.testng.reporters.JUnitReportReporter -->
<testsuite hostname="jl-Ubuntu" failures="0" tests="1" name="jl.project.Pa11yTest.UserRequirement5_Pa11yTest" time="0.063" errors="0" timestamp="30 Mar 2021 23:57:40 GMT" skipped="0">
  <testcase classname="jl.project.Pa11yTest.UserRequirement5_Pa11yTest" name="pa11yTest" time="0.063"/>
</testsuite> <!-- jl.project.Pa11yTest.UserRequirement5_Pa11yTest -->
