<?xml version="1.0" encoding="UTF-8"?>
<!-- Generated by org.testng.reporters.JUnitReportReporter -->
<testsuite hostname="DESKTOP-CL5VKH3" failures="0" tests="2" name="jl.project.EdgeTests.UserRequirement1" time="2.655" errors="0" timestamp="23 Feb 2021 10:07:18 GMT" skipped="0">
  <testcase classname="jl.project.EdgeTests.UserRequirement1" name="deleteCategory" time="0.398"/>
  <testcase classname="jl.project.EdgeTests.UserRequirement1" name="createCategory" time="2.257"/>
</testsuite> <!-- jl.project.EdgeTests.UserRequirement1 -->
