<?xml version="1.0" encoding="UTF-8"?>
<!-- Generated by org.testng.reporters.JUnitReportReporter -->
<testsuite hostname="LAPTOP-43HQCE5G" failures="0" tests="1" name="jl.com.UserRequirement3" time="10.904" errors="0" timestamp="30 Jan 2021 20:42:41 GMT" skipped="0">
  <testcase classname="jl.com.UserRequirement3" name="hideAndDisplayItems" time="10.904"/>
</testsuite> <!-- jl.com.UserRequirement3 -->
