<?xml version="1.0" encoding="UTF-8"?>
<!-- Generated by org.testng.reporters.JUnitReportReporter -->
<testsuite hostname="LAPTOP-43HQCE5G" failures="0" tests="1" name="jl.project.EdgeTests.UserRequirement3" time="24.239" errors="0" timestamp="09 Feb 2021 20:23:42 GMT" skipped="0">
  <testcase classname="jl.project.EdgeTests.UserRequirement3" name="hideAndDisplayItem" time="24.239"/>
</testsuite> <!-- jl.project.EdgeTests.UserRequirement3 -->
