<?xml version="1.0" encoding="UTF-8"?>
<!-- Generated by org.testng.reporters.JUnitReportReporter -->
<testsuite hostname="LAPTOP-43HQCE5G" failures="0" tests="2" name="jl.project.EdgeTests.UserRequirement1" time="5.033" errors="0" timestamp="09 Feb 2021 20:23:42 GMT" skipped="0">
  <testcase classname="jl.project.EdgeTests.UserRequirement1" name="deleteCategory" time="2.995"/>
  <testcase classname="jl.project.EdgeTests.UserRequirement1" name="createCategory" time="2.038"/>
</testsuite> <!-- jl.project.EdgeTests.UserRequirement1 -->
