<?xml version="1.0" encoding="UTF-8"?>
<!-- Generated by org.testng.reporters.JUnitReportReporter -->
<testsuite hostname="LAPTOP-43HQCE5G" failures="0" tests="3" name="jl.project.FirefoxTests.UserRequirement4_1" time="85.822" errors="0" timestamp="13 Feb 2021 19:32:32 GMT" skipped="0">
  <testcase classname="jl.project.FirefoxTests.UserRequirement4_1" name="HideAndDisplayItemsWithKeyboardOnly_EnterKey" time="48.196"/>
  <testcase classname="jl.project.FirefoxTests.UserRequirement4_1" name="createAndDeleteACategoryWithKeyboardOnly_EnterKey" time="20.549"/>
  <testcase classname="jl.project.FirefoxTests.UserRequirement4_1" name="createAndDeleteItemWithKeyboardOnly_EnterKey" time="17.077"/>
</testsuite> <!-- jl.project.FirefoxTests.UserRequirement4_1 -->
