<?xml version="1.0" encoding="UTF-8"?>
<!-- Generated by org.testng.reporters.JUnitReportReporter -->
<testsuite hostname="jl-Ubuntu" failures="0" tests="2" name="jl.project.EdgeTests.UserRequirement2" time="4.375" errors="0" timestamp="26 Feb 2021 09:51:42 GMT" skipped="0">
  <testcase classname="jl.project.EdgeTests.UserRequirement2" name="createItem" time="3.067"/>
  <testcase classname="jl.project.EdgeTests.UserRequirement2" name="deleteItem" time="1.308"/>
</testsuite> <!-- jl.project.EdgeTests.UserRequirement2 -->
