<?xml version="1.0" encoding="UTF-8"?>
<!-- Generated by org.testng.reporters.JUnitReportReporter -->
<testsuite hostname="LAPTOP-43HQCE5G" failures="0" tests="2" name="jl.project.ChromeTests.UserRequirement2" time="3.078" errors="0" timestamp="15 Feb 2021 06:00:43 GMT" skipped="0">
  <testcase classname="jl.project.ChromeTests.UserRequirement2" name="createItem" time="2.538"/>
  <testcase classname="jl.project.ChromeTests.UserRequirement2" name="deleteItem" time="0.540"/>
</testsuite> <!-- jl.project.ChromeTests.UserRequirement2 -->
