<?xml version="1.0" encoding="UTF-8"?>
<!-- Generated by org.testng.reporters.JUnitReportReporter -->
<testsuite hostname="DESKTOP-CL5VKH3" failures="0" tests="1" name="jl.project.pa11yTest.UserRequirement5_Pa11yTest" time="0.040" errors="0" timestamp="18 Mar 2021 12:34:00 GMT" skipped="0">
  <testcase classname="jl.project.pa11yTest.UserRequirement5_Pa11yTest" name="pa11yTest" time="0.040"/>
</testsuite> <!-- jl.project.pa11yTest.UserRequirement5_Pa11yTest -->
