<?xml version="1.0" encoding="UTF-8"?>
<!-- Generated by org.testng.reporters.JUnitReportReporter -->
<testsuite hostname="mm.home" failures="0" tests="1" name="jl.project.FirefoxTests.UserRequirement3_Test" time="13.177" errors="0" timestamp="12 Mar 2021 17:54:48 GMT" skipped="0">
  <testcase classname="jl.project.FirefoxTests.UserRequirement3_Test" name="hideAndDisplayItem" time="13.177"/>
</testsuite> <!-- jl.project.FirefoxTests.UserRequirement3_Test -->
