<?xml version="1.0" encoding="UTF-8"?>
<!-- Generated by org.testng.reporters.JUnitReportReporter -->
<testsuite skipped="0" hostname="jl-Ubuntu" name="jl.project.ChromeTests.UserRequirement4_2_Test" tests="3" failures="0" timestamp="12 Mar 2021 17:43:18 GMT" time="89.796" errors="0">
  <testcase name="createAndDeleteACategoryWithKeyboardOnly_SpaceKey" time="21.132" classname="jl.project.ChromeTests.UserRequirement4_2_Test"/>
  <testcase name="HideAndDisplayItemsWithKeyboardOnly_SpaceKey" time="50.429" classname="jl.project.ChromeTests.UserRequirement4_2_Test"/>
  <testcase name="createAndDeleteItemWithKeyboardOnly_SpaceKey" time="18.235" classname="jl.project.ChromeTests.UserRequirement4_2_Test"/>
</testsuite> <!-- jl.project.ChromeTests.UserRequirement4_2_Test -->
