<?xml version="1.0" encoding="UTF-8"?>
<!-- Generated by org.testng.reporters.JUnitReportReporter -->
<testsuite hostname="DESKTOP-CL5VKH3" failures="0" tests="2" name="jl.project.FirefoxTests.UserRequirement2" time="1.856" errors="0" timestamp="23 Feb 2021 10:10:51 GMT" skipped="0">
  <testcase classname="jl.project.FirefoxTests.UserRequirement2" name="createItem" time="1.111"/>
  <testcase classname="jl.project.FirefoxTests.UserRequirement2" name="deleteItem" time="0.745"/>
</testsuite> <!-- jl.project.FirefoxTests.UserRequirement2 -->
