<?xml version="1.0" encoding="UTF-8"?>
<!-- Generated by org.testng.reporters.JUnitReportReporter -->
<testsuite hostname="DESKTOP-CL5VKH3" failures="0" tests="2" name="jl.project.ChromeTests.UserRequirement1_Test" time="5.230" errors="0" timestamp="12 Mar 2021 18:22:11 GMT" skipped="0">
  <testcase classname="jl.project.ChromeTests.UserRequirement1_Test" name="deleteCategory" time="1.044"/>
  <testcase classname="jl.project.ChromeTests.UserRequirement1_Test" name="createCategory" time="4.186"/>
</testsuite> <!-- jl.project.ChromeTests.UserRequirement1_Test -->
