<?xml version="1.0" encoding="UTF-8"?>
<!-- Generated by org.testng.reporters.JUnitReportReporter -->
<testsuite hostname="LAPTOP-43HQCE5G" failures="0" tests="1" name="jl.project.UserRequirement3" time="19.225" errors="0" timestamp="03 Feb 2021 16:34:32 GMT" skipped="0">
  <testcase classname="jl.project.UserRequirement3" name="hideAndDisplayItem" time="19.225"/>
</testsuite> <!-- jl.project.UserRequirement3 -->
