<?xml version="1.0" encoding="UTF-8"?>
<!-- Generated by org.testng.reporters.JUnitReportReporter -->
<testsuite hostname="LAPTOP-43HQCE5G" failures="0" tests="2" name="jl.com.UserRequirement2" time="5.776" errors="0" timestamp="28 Jan 2021 10:14:57 GMT" skipped="0">
  <testcase classname="jl.com.UserRequirement2" name="deleteItem" time="2.502"/>
  <testcase classname="jl.com.UserRequirement2" name="createItem" time="3.274"/>
</testsuite> <!-- jl.com.UserRequirement2 -->
