<?xml version="1.0" encoding="UTF-8"?>
<!-- Generated by org.testng.reporters.JUnitReportReporter -->
<testsuite hostname="DESKTOP-CL5VKH3" failures="0" tests="2" name="jl.project.ChromeTests.UserRequirement1_Test" time="19.748" errors="0" timestamp="11 Apr 2021 09:45:20 GMT" skipped="0">
  <testcase classname="jl.project.ChromeTests.UserRequirement1_Test" name="createCategory" time="10.589"/>
  <testcase classname="jl.project.ChromeTests.UserRequirement1_Test" name="deleteCategory" time="9.159"/>
</testsuite> <!-- jl.project.ChromeTests.UserRequirement1_Test -->
