<?xml version="1.0" encoding="UTF-8"?>
<!-- Generated by org.testng.reporters.JUnitReportReporter -->
<testsuite hostname="LAPTOP-43HQCE5G" failures="0" tests="1" name="jl.com.UserRequirement2" time="4.268" errors="0" timestamp="27 Jan 2021 12:12:41 GMT" skipped="0">
  <testcase classname="jl.com.UserRequirement2" name="createItem" time="4.268"/>
</testsuite> <!-- jl.com.UserRequirement2 -->
