<?xml version="1.0" encoding="UTF-8"?>
<!-- Generated by org.testng.reporters.JUnitReportReporter -->
<testsuite hostname="DESKTOP-CL5VKH3" failures="0" tests="3" name="jl.project.FirefoxTests.UserRequirement4_2_Test" time="96.645" errors="0" timestamp="03 Mar 2021 11:49:20 GMT" skipped="0">
  <testcase classname="jl.project.FirefoxTests.UserRequirement4_2_Test" name="createAndDeleteItemWithKeyboardOnly_SpaceKey" time="19.752"/>
  <testcase classname="jl.project.FirefoxTests.UserRequirement4_2_Test" name="HideAndDisplayItemsWithKeyboardOnly_SpaceKey" time="51.288"/>
  <testcase classname="jl.project.FirefoxTests.UserRequirement4_2_Test" name="createAndDeleteACategoryWithKeyboardOnly_SpaceKey" time="25.605"/>
</testsuite> <!-- jl.project.FirefoxTests.UserRequirement4_2_Test -->
