<?xml version="1.0" encoding="UTF-8"?>
<!-- Generated by org.testng.reporters.JUnitReportReporter -->
<testsuite hostname="LAPTOP-43HQCE5G" failures="0" tests="2" name="jl.project.UserRequirement1" time="4.360" errors="0" timestamp="05 Feb 2021 14:18:29 GMT" skipped="0">
  <testcase classname="jl.project.UserRequirement1" name="deleteCategory" time="2.490"/>
  <testcase classname="jl.project.UserRequirement1" name="createCategory" time="1.870"/>
</testsuite> <!-- jl.project.UserRequirement1 -->
