<?xml version="1.0" encoding="UTF-8"?>
<!-- Generated by org.testng.reporters.JUnitReportReporter -->
<testsuite hostname="DESKTOP-CL5VKH3" failures="0" tests="2" name="jl.project.FirefoxTests.UserRequirement2" time="1.814" errors="0" timestamp="23 Feb 2021 09:31:19 GMT" skipped="0">
  <testcase classname="jl.project.FirefoxTests.UserRequirement2" name="createItem" time="1.090"/>
  <testcase classname="jl.project.FirefoxTests.UserRequirement2" name="deleteItem" time="0.724"/>
</testsuite> <!-- jl.project.FirefoxTests.UserRequirement2 -->
