<?xml version="1.0" encoding="UTF-8"?>
<!-- Generated by org.testng.reporters.JUnitReportReporter -->
<testsuite hostname="DESKTOP-CL5VKH3" failures="0" tests="1" name="jl.project.ChromeTests.UserRequirement3" time="5.964" errors="0" timestamp="23 Feb 2021 10:02:10 GMT" skipped="0">
  <testcase classname="jl.project.ChromeTests.UserRequirement3" name="hideAndDisplayItem" time="5.964"/>
</testsuite> <!-- jl.project.ChromeTests.UserRequirement3 -->
