<?xml version="1.0" encoding="UTF-8"?>
<!-- Generated by org.testng.reporters.JUnitReportReporter -->
<testsuite hostname="DESKTOP-CL5VKH3" failures="0" tests="3" name="jl.project.ChromeTests.UserRequirement4_2" time="85.832" errors="0" timestamp="23 Feb 2021 10:02:10 GMT" skipped="0">
  <testcase classname="jl.project.ChromeTests.UserRequirement4_2" name="createAndDeleteACategoryWithKeyboardOnly_SpaceKey" time="24.423"/>
  <testcase classname="jl.project.ChromeTests.UserRequirement4_2" name="createAndDeleteItemWithKeyboardOnly_SpaceKey" time="19.612"/>
  <testcase classname="jl.project.ChromeTests.UserRequirement4_2" name="HideAndDisplayItemsWithKeyboardOnly_SpaceKey" time="41.797"/>
</testsuite> <!-- jl.project.ChromeTests.UserRequirement4_2 -->
