<?xml version="1.0" encoding="UTF-8"?>
<!-- Generated by org.testng.reporters.JUnitReportReporter -->
<testsuite hostname="mm.home" failures="0" tests="2" name="jl.project.ChromeTests.UserRequirement1" time="1.425" errors="0" timestamp="25 Feb 2021 11:11:54 GMT" skipped="0">
  <testcase classname="jl.project.ChromeTests.UserRequirement1" name="createCategory" time="1.064"/>
  <testcase classname="jl.project.ChromeTests.UserRequirement1" name="deleteCategory" time="0.361"/>
</testsuite> <!-- jl.project.ChromeTests.UserRequirement1 -->
