<?xml version="1.0" encoding="UTF-8"?>
<!-- Generated by org.testng.reporters.JUnitReportReporter -->
<testsuite skipped="0" hostname="jl-Ubuntu" name="jl.project.ChromeTests.UserRequirement4_1_Test" tests="3" failures="0" timestamp="12 Mar 2021 17:43:18 GMT" time="82.900" errors="0">
  <testcase name="createAndDeleteACategoryWithKeyboardOnly_EnterKey" time="21.936" classname="jl.project.ChromeTests.UserRequirement4_1_Test"/>
  <testcase name="createAndDeleteItemWithKeyboardOnly_EnterKey" time="18.241" classname="jl.project.ChromeTests.UserRequirement4_1_Test"/>
  <testcase name="HideAndDisplayItemsWithKeyboardOnly_EnterKey" time="42.723" classname="jl.project.ChromeTests.UserRequirement4_1_Test"/>
</testsuite> <!-- jl.project.ChromeTests.UserRequirement4_1_Test -->
