<?xml version="1.0" encoding="UTF-8"?>
<!-- Generated by org.testng.reporters.JUnitReportReporter -->
<testsuite hostname="mm.home" failures="0" tests="3" name="jl.project.ChromeTests.UserRequirement4_1_Test" time="80.222" errors="0" timestamp="14 Mar 2021 08:38:20 GMT" skipped="0">
  <testcase classname="jl.project.ChromeTests.UserRequirement4_1_Test" name="createAndDeleteItemWithKeyboardOnly_EnterKey" time="18.551"/>
  <testcase classname="jl.project.ChromeTests.UserRequirement4_1_Test" name="createAndDeleteACategoryWithKeyboardOnly_EnterKey" time="22.970"/>
  <testcase classname="jl.project.ChromeTests.UserRequirement4_1_Test" name="HideAndDisplayItemsWithKeyboardOnly_EnterKey" time="38.701"/>
</testsuite> <!-- jl.project.ChromeTests.UserRequirement4_1_Test -->
