<?xml version="1.0" encoding="UTF-8"?>
<!-- Generated by org.testng.reporters.JUnitReportReporter -->
<testsuite hostname="LAPTOP-43HQCE5G" failures="0" tests="3" name="jl.project.FirefoxTests.UserRequirement4_1" time="77.690" errors="0" timestamp="14 Feb 2021 11:29:14 GMT" skipped="0">
  <testcase classname="jl.project.FirefoxTests.UserRequirement4_1" name="createAndDeleteItemWithKeyboardOnly_EnterKey" time="17.824"/>
  <testcase classname="jl.project.FirefoxTests.UserRequirement4_1" name="HideAndDisplayItemsWithKeyboardOnly_EnterKey" time="38.918"/>
  <testcase classname="jl.project.FirefoxTests.UserRequirement4_1" name="createAndDeleteACategoryWithKeyboardOnly_EnterKey" time="20.948"/>
</testsuite> <!-- jl.project.FirefoxTests.UserRequirement4_1 -->
