<?xml version="1.0" encoding="UTF-8"?>
<!-- Generated by org.testng.reporters.JUnitReportReporter -->
<testsuite hostname="mm.home" failures="0" tests="2" name="jl.project.FirefoxTests.UserRequirement2_Test" time="2.136" errors="0" timestamp="12 Mar 2021 11:57:14 GMT" skipped="0">
  <testcase classname="jl.project.FirefoxTests.UserRequirement2_Test" name="deleteItem" time="1.017"/>
  <testcase classname="jl.project.FirefoxTests.UserRequirement2_Test" name="createItem" time="1.119"/>
</testsuite> <!-- jl.project.FirefoxTests.UserRequirement2_Test -->
