<?xml version="1.0" encoding="UTF-8"?>
<!-- Generated by org.testng.reporters.JUnitReportReporter -->
<testsuite hostname="mm.home" failures="0" tests="1" name="jl.project.pa11yTest.UserRequirement5_Pa11yTest_Windows" time="0.035" errors="0" timestamp="20 Mar 2021 22:38:00 GMT" skipped="0">
  <testcase classname="jl.project.pa11yTest.UserRequirement5_Pa11yTest_Windows" name="pa11yTest" time="0.035"/>
</testsuite> <!-- jl.project.pa11yTest.UserRequirement5_Pa11yTest_Windows -->
