<?xml version="1.0" encoding="UTF-8"?>
<!-- Generated by org.testng.reporters.JUnitReportReporter -->
<testsuite hostname="DESKTOP-CL5VKH3" failures="0" tests="1" name="jl.project.EdgeTests.UserRequirement3" time="17.206" errors="0" timestamp="26 Feb 2021 14:49:58 GMT" skipped="0">
  <testcase classname="jl.project.EdgeTests.UserRequirement3" name="hideAndDisplayItem" time="17.206"/>
</testsuite> <!-- jl.project.EdgeTests.UserRequirement3 -->
