<?xml version="1.0" encoding="UTF-8"?>
<!-- Generated by org.testng.reporters.JUnitReportReporter -->
<testsuite hostname="mm.home" failures="0" tests="1" name="jl.project.FirefoxTests.UserRequirement3_Test" time="11.018" errors="0" timestamp="02 Apr 2021 13:39:04 GMT" skipped="0">
  <testcase classname="jl.project.FirefoxTests.UserRequirement3_Test" name="hideAndDisplayItem" time="11.018"/>
</testsuite> <!-- jl.project.FirefoxTests.UserRequirement3_Test -->
