<?xml version="1.0" encoding="UTF-8"?>
<!-- Generated by org.testng.reporters.JUnitReportReporter -->
<testsuite hostname="jl-Ubuntu" failures="0" tests="1" name="jl.project.ScreenReadersTests.SpeechToTextConverterIBMTest" time="15.049" errors="0" timestamp="31 Mar 2021 01:38:17 GMT" skipped="0">
  <testcase classname="jl.project.ScreenReadersTests.SpeechToTextConverterIBMTest" name="convertAudioToTextTest" time="15.049"/>
</testsuite> <!-- jl.project.ScreenReadersTests.SpeechToTextConverterIBMTest -->
