<?xml version="1.0" encoding="UTF-8"?>
<!-- Generated by org.testng.reporters.JUnitReportReporter -->
<testsuite hostname="DESKTOP-CL5VKH3" failures="0" tests="2" name="jl.project.EdgeTests.UserRequirement1" time="3.065" errors="0" timestamp="26 Feb 2021 14:49:58 GMT" skipped="0">
  <testcase classname="jl.project.EdgeTests.UserRequirement1" name="deleteCategory" time="0.393"/>
  <testcase classname="jl.project.EdgeTests.UserRequirement1" name="createCategory" time="2.672"/>
</testsuite> <!-- jl.project.EdgeTests.UserRequirement1 -->
