<?xml version="1.0" encoding="UTF-8"?>
<!-- Generated by org.testng.reporters.JUnitReportReporter -->
<testsuite hostname="mm.home" failures="0" tests="1" name="jl.project.EdgeTests.UserRequirement3_Test" time="12.245" errors="0" timestamp="14 Mar 2021 09:15:44 GMT" skipped="0">
  <testcase classname="jl.project.EdgeTests.UserRequirement3_Test" name="hideAndDisplayItem" time="12.245"/>
</testsuite> <!-- jl.project.EdgeTests.UserRequirement3_Test -->
