<?xml version="1.0" encoding="UTF-8"?>
<!-- Generated by org.testng.reporters.JUnitReportReporter -->
<testsuite hostname="DESKTOP-CL5VKH3" failures="0" tests="2" name="jl.project.ChromeTests.UserRequirement2" time="2.344" errors="0" timestamp="23 Feb 2021 10:02:10 GMT" skipped="0">
  <testcase classname="jl.project.ChromeTests.UserRequirement2" name="deleteItem" time="0.305"/>
  <testcase classname="jl.project.ChromeTests.UserRequirement2" name="createItem" time="2.039"/>
</testsuite> <!-- jl.project.ChromeTests.UserRequirement2 -->
