<?xml version="1.0" encoding="UTF-8"?>
<!-- Generated by org.testng.reporters.JUnitReportReporter -->
<testsuite hostname="DESKTOP-CL5VKH3" failures="0" tests="1" name="jl.project.ChromeTests.UserRequirement3" time="16.350" errors="0" timestamp="26 Feb 2021 14:39:34 GMT" skipped="0">
  <testcase classname="jl.project.ChromeTests.UserRequirement3" name="hideAndDisplayItem" time="16.350"/>
</testsuite> <!-- jl.project.ChromeTests.UserRequirement3 -->
