<?xml version="1.0" encoding="UTF-8"?>
<!-- Generated by org.testng.reporters.JUnitReportReporter -->
<testsuite skipped="0" hostname="jl-Ubuntu" name="jl.project.EdgeTests.UserRequirement4_1_Test" tests="3" failures="0" timestamp="12 Mar 2021 17:49:18 GMT" time="84.280" errors="0">
  <testcase name="HideAndDisplayItemsWithKeyboardOnly_EnterKey" time="43.703" classname="jl.project.EdgeTests.UserRequirement4_1_Test"/>
  <testcase name="createAndDeleteItemWithKeyboardOnly_EnterKey" time="19.410" classname="jl.project.EdgeTests.UserRequirement4_1_Test"/>
  <testcase name="createAndDeleteACategoryWithKeyboardOnly_EnterKey" time="21.167" classname="jl.project.EdgeTests.UserRequirement4_1_Test"/>
</testsuite> <!-- jl.project.EdgeTests.UserRequirement4_1_Test -->
