<?xml version="1.0" encoding="UTF-8"?>
<!-- Generated by org.testng.reporters.JUnitReportReporter -->
<testsuite hostname="DESKTOP-CL5VKH3" failures="0" tests="1" name="jl.project.screenreaderstests.AudioSystemInformationTest" time="0.471" errors="0" timestamp="12 Apr 2021 15:27:34 GMT" skipped="0">
  <testcase classname="jl.project.screenreaderstests.AudioSystemInformationTest" name="mainTest" time="0.471"/>
</testsuite> <!-- jl.project.screenreaderstests.AudioSystemInformationTest -->
