<?xml version="1.0" encoding="UTF-8"?>
<!-- Generated by org.testng.reporters.JUnitReportReporter -->
<testsuite hostname="DESKTOP-CL5VKH3" failures="0" tests="3" name="jl.project.EdgeTests.UserRequirement4_1_Test" time="90.844" errors="0" timestamp="03 Mar 2021 11:44:52 GMT" skipped="0">
  <testcase classname="jl.project.EdgeTests.UserRequirement4_1_Test" name="HideAndDisplayItemsWithKeyboardOnly_EnterKey" time="45.529"/>
  <testcase classname="jl.project.EdgeTests.UserRequirement4_1_Test" name="createAndDeleteItemWithKeyboardOnly_EnterKey" time="22.331"/>
  <testcase classname="jl.project.EdgeTests.UserRequirement4_1_Test" name="createAndDeleteACategoryWithKeyboardOnly_EnterKey" time="22.984"/>
</testsuite> <!-- jl.project.EdgeTests.UserRequirement4_1_Test -->
