<?xml version="1.0" encoding="UTF-8"?>
<!-- Generated by org.testng.reporters.JUnitReportReporter -->
<testsuite hostname="LAPTOP-43HQCE5G" failures="0" tests="2" name="jl.project.FirefoxTests.UserRequirement1" time="2.440" errors="0" timestamp="15 Feb 2021 14:37:15 GMT" skipped="0">
  <testcase classname="jl.project.FirefoxTests.UserRequirement1" name="createCategory" time="1.424"/>
  <testcase classname="jl.project.FirefoxTests.UserRequirement1" name="deleteCategory" time="1.016"/>
</testsuite> <!-- jl.project.FirefoxTests.UserRequirement1 -->
