<?xml version="1.0" encoding="UTF-8"?>
<!-- Generated by org.testng.reporters.JUnitReportReporter -->
<testsuite hostname="mm.home" failures="0" tests="2" name="jl.project.FirefoxTests.UserRequirement2" time="1.925" errors="0" timestamp="25 Feb 2021 12:19:24 GMT" skipped="0">
  <testcase classname="jl.project.FirefoxTests.UserRequirement2" name="deleteItem" time="0.979"/>
  <testcase classname="jl.project.FirefoxTests.UserRequirement2" name="createItem" time="0.946"/>
</testsuite> <!-- jl.project.FirefoxTests.UserRequirement2 -->
