<?xml version="1.0" encoding="UTF-8"?>
<!-- Generated by org.testng.reporters.JUnitReportReporter -->
<testsuite hostname="LAPTOP-43HQCE5G" failures="0" tests="2" name="jl.project.EdgeTests.UserRequirement1" time="2.086" errors="0" timestamp="14 Feb 2021 04:01:05 GMT" skipped="0">
  <testcase classname="jl.project.EdgeTests.UserRequirement1" name="createCategory" time="1.647"/>
  <testcase classname="jl.project.EdgeTests.UserRequirement1" name="deleteCategory" time="0.439"/>
</testsuite> <!-- jl.project.EdgeTests.UserRequirement1 -->
