<?xml version="1.0" encoding="UTF-8"?>
<!-- Generated by org.testng.reporters.JUnitReportReporter -->
<testsuite skipped="0" hostname="jl-Ubuntu" name="jl.project.FirefoxTests.UserRequirement1_Test" tests="2" failures="0" timestamp="12 Mar 2021 17:54:41 GMT" time="6.599" errors="0">
  <testcase name="deleteCategory" time="2.686" classname="jl.project.FirefoxTests.UserRequirement1_Test"/>
  <testcase name="createCategory" time="3.913" classname="jl.project.FirefoxTests.UserRequirement1_Test"/>
</testsuite> <!-- jl.project.FirefoxTests.UserRequirement1_Test -->
