<?xml version="1.0" encoding="UTF-8"?>
<!-- Generated by org.testng.reporters.JUnitReportReporter -->
<testsuite hostname="LAPTOP-43HQCE5G" failures="0" tests="2" name="jl.project.EdgeTests.UserRequirement2" time="2.168" errors="0" timestamp="15 Feb 2021 06:05:17 GMT" skipped="0">
  <testcase classname="jl.project.EdgeTests.UserRequirement2" name="deleteItem" time="0.506"/>
  <testcase classname="jl.project.EdgeTests.UserRequirement2" name="createItem" time="1.662"/>
</testsuite> <!-- jl.project.EdgeTests.UserRequirement2 -->
