<?xml version="1.0" encoding="UTF-8"?>
<!-- Generated by org.testng.reporters.JUnitReportReporter -->
<testsuite hostname="DESKTOP-CL5VKH3" failures="0" tests="1" name="jl.project.FirefoxTests.UserRequirement3" time="15.816" errors="0" timestamp="28 Feb 2021 17:53:27 GMT" skipped="0">
  <testcase classname="jl.project.FirefoxTests.UserRequirement3" name="hideAndDisplayItem" time="15.816"/>
</testsuite> <!-- jl.project.FirefoxTests.UserRequirement3 -->
