<?xml version="1.0" encoding="UTF-8"?>
<!-- Generated by org.testng.reporters.JUnitReportReporter -->
<testsuite hostname="mm.home" failures="0" tests="2" name="jl.project.EdgeTests.UserRequirement1_Test" time="6.461" errors="0" timestamp="14 Mar 2021 09:13:19 GMT" skipped="0">
  <testcase classname="jl.project.EdgeTests.UserRequirement1_Test" name="deleteCategory" time="0.926"/>
  <testcase classname="jl.project.EdgeTests.UserRequirement1_Test" name="createCategory" time="5.535"/>
</testsuite> <!-- jl.project.EdgeTests.UserRequirement1_Test -->
