<?xml version="1.0" encoding="UTF-8"?>
<!-- Generated by org.testng.reporters.JUnitReportReporter -->
<testsuite hostname="LAPTOP-43HQCE5G" failures="0" tests="3" name="jl.project.ChromeTests.UserRequirement4_2" time="98.497" errors="0" timestamp="15 Feb 2021 14:15:29 GMT" skipped="0">
  <testcase classname="jl.project.ChromeTests.UserRequirement4_2" name="createAndDeleteACategoryWithKeyboardOnly_SpaceKey" time="23.087"/>
  <testcase classname="jl.project.ChromeTests.UserRequirement4_2" name="createAndDeleteItemWithKeyboardOnly_SpaceKey" time="21.153"/>
  <testcase classname="jl.project.ChromeTests.UserRequirement4_2" name="HideAndDisplayItemsWithKeyboardOnly_SpaceKey" time="54.257"/>
</testsuite> <!-- jl.project.ChromeTests.UserRequirement4_2 -->
