<?xml version="1.0" encoding="UTF-8"?>
<!-- Generated by org.testng.reporters.JUnitReportReporter -->
<testsuite hostname="DESKTOP-CL5VKH3" failures="0" tests="2" name="jl.project.EdgeTests.UserRequirement2_Test" time="2.685" errors="0" timestamp="20 Mar 2021 23:44:11 GMT" skipped="0">
  <testcase classname="jl.project.EdgeTests.UserRequirement2_Test" name="deleteItem" time="2.137"/>
  <testcase classname="jl.project.EdgeTests.UserRequirement2_Test" name="createItem" time="0.548"/>
</testsuite> <!-- jl.project.EdgeTests.UserRequirement2_Test -->
