<?xml version="1.0" encoding="UTF-8"?>
<!-- Generated by org.testng.reporters.JUnitReportReporter -->
<testsuite hostname="LAPTOP-43HQCE5G" failures="0" tests="1" name="jl.project.UserRequirement3" time="20.485" errors="0" timestamp="01 Feb 2021 17:57:32 GMT" skipped="0">
  <testcase classname="jl.project.UserRequirement3" name="hideAndDisplayItem" time="20.485"/>
</testsuite> <!-- jl.project.UserRequirement3 -->
