<?xml version="1.0" encoding="UTF-8"?>
<!-- Generated by org.testng.reporters.JUnitReportReporter -->
<testsuite hostname="LAPTOP-43HQCE5G" failures="0" tests="2" name="jl.project.UserRequirement2" time="4.324" errors="0" timestamp="03 Feb 2021 16:34:32 GMT" skipped="0">
  <testcase classname="jl.project.UserRequirement2" name="deleteItem" time="0.943"/>
  <testcase classname="jl.project.UserRequirement2" name="createItem" time="3.381"/>
</testsuite> <!-- jl.project.UserRequirement2 -->
