<?xml version="1.0" encoding="UTF-8"?>
<!-- Generated by org.testng.reporters.JUnitReportReporter -->
<testsuite hostname="mm.home" failures="0" tests="1" name="jl.project.chrometests.UserRequirement3_Test" time="17.208" errors="0" timestamp="16 Apr 2021 10:11:31 GMT" skipped="0">
  <testcase classname="jl.project.chrometests.UserRequirement3_Test" name="hideAndDisplayItem" time="17.208"/>
</testsuite> <!-- jl.project.chrometests.UserRequirement3_Test -->
