<?xml version="1.0" encoding="UTF-8"?>
<!-- Generated by org.testng.reporters.JUnitReportReporter -->
<testsuite hostname="LAPTOP-43HQCE5G" failures="0" tests="1" name="jl.com.UserRequirement3" time="26.019" errors="0" timestamp="31 Jan 2021 05:38:18 GMT" skipped="0">
  <testcase classname="jl.com.UserRequirement3" name="hideAndDisplayItem" time="26.019"/>
</testsuite> <!-- jl.com.UserRequirement3 -->
