<?xml version="1.0" encoding="UTF-8"?>
<!-- Generated by org.testng.reporters.JUnitReportReporter -->
<testsuite hostname="DESKTOP-CL5VKH3" failures="0" tests="2" name="jl.project.FirefoxTests.UserRequirement2" time="1.939" errors="0" timestamp="28 Feb 2021 04:27:52 GMT" skipped="0">
  <testcase classname="jl.project.FirefoxTests.UserRequirement2" name="createItem" time="1.155"/>
  <testcase classname="jl.project.FirefoxTests.UserRequirement2" name="deleteItem" time="0.784"/>
</testsuite> <!-- jl.project.FirefoxTests.UserRequirement2 -->
