<?xml version="1.0" encoding="UTF-8"?>
<!-- Generated by org.testng.reporters.JUnitReportReporter -->
<testsuite skipped="0" hostname="jl-Ubuntu" name="jl.project.EdgeTests.UserRequirement1_Test" tests="2" failures="0" timestamp="12 Mar 2021 17:49:18 GMT" time="4.010" errors="0">
  <testcase name="deleteCategory" time="1.297" classname="jl.project.EdgeTests.UserRequirement1_Test"/>
  <testcase name="createCategory" time="2.713" classname="jl.project.EdgeTests.UserRequirement1_Test"/>
</testsuite> <!-- jl.project.EdgeTests.UserRequirement1_Test -->
