<?xml version="1.0" encoding="UTF-8"?>
<!-- Generated by org.testng.reporters.JUnitReportReporter -->
<testsuite hostname="DESKTOP-CL5VKH3" failures="0" tests="2" name="jl.project.FirefoxTests.UserRequirement2_Test" time="1.954" errors="0" timestamp="03 Mar 2021 11:50:29 GMT" skipped="0">
  <testcase classname="jl.project.FirefoxTests.UserRequirement2_Test" name="createItem" time="0.861"/>
  <testcase classname="jl.project.FirefoxTests.UserRequirement2_Test" name="deleteItem" time="1.093"/>
</testsuite> <!-- jl.project.FirefoxTests.UserRequirement2_Test -->
