<?xml version="1.0" encoding="UTF-8"?>
<!-- Generated by org.testng.reporters.JUnitReportReporter -->
<testsuite hostname="LAPTOP-43HQCE5G" failures="0" tests="1" name="jl.project.UserRequirement4" time="8.060" errors="0" timestamp="02 Feb 2021 07:19:29 GMT" skipped="0">
  <testcase classname="jl.project.UserRequirement4" name="createACategoryWithKeyboard" time="8.060"/>
</testsuite> <!-- jl.project.UserRequirement4 -->
