<?xml version="1.0" encoding="UTF-8"?>
<!-- Generated by org.testng.reporters.JUnitReportReporter -->
<testsuite hostname="LAPTOP-43HQCE5G" failures="0" tests="1" name="jl.project.ChromeTests.UserRequirement3" time="11.417" errors="0" timestamp="14 Feb 2021 10:19:20 GMT" skipped="0">
  <testcase classname="jl.project.ChromeTests.UserRequirement3" name="hideAndDisplayItem" time="11.417"/>
</testsuite> <!-- jl.project.ChromeTests.UserRequirement3 -->
