<?xml version="1.0" encoding="UTF-8"?>
<!-- Generated by org.testng.reporters.JUnitReportReporter -->
<testsuite hostname="LAPTOP-43HQCE5G" failures="0" tests="2" name="jl.project.ChromeTests.UserRequirement1" time="2.873" errors="0" timestamp="14 Feb 2021 03:57:27 GMT" skipped="0">
  <testcase classname="jl.project.ChromeTests.UserRequirement1" name="createCategory" time="2.391"/>
  <testcase classname="jl.project.ChromeTests.UserRequirement1" name="deleteCategory" time="0.482"/>
</testsuite> <!-- jl.project.ChromeTests.UserRequirement1 -->
