<?xml version="1.0" encoding="UTF-8"?>
<!-- Generated by org.testng.reporters.JUnitReportReporter -->
<testsuite hostname="mm.home" failures="0" tests="2" name="jl.project.ChromeTests.UserRequirement1_Test" time="5.799" errors="0" timestamp="14 Mar 2021 09:04:17 GMT" skipped="0">
  <testcase classname="jl.project.ChromeTests.UserRequirement1_Test" name="deleteCategory" time="4.576"/>
  <testcase classname="jl.project.ChromeTests.UserRequirement1_Test" name="createCategory" time="1.223"/>
</testsuite> <!-- jl.project.ChromeTests.UserRequirement1_Test -->
