<?xml version="1.0" encoding="UTF-8"?>
<!-- Generated by org.testng.reporters.JUnitReportReporter -->
<testsuite hostname="LAPTOP-43HQCE5G" failures="0" tests="2" name="jl.project.UserRequirement1" time="3.306" errors="0" timestamp="07 Feb 2021 18:36:06 GMT" skipped="0">
  <testcase classname="jl.project.UserRequirement1" name="deleteCategory" time="0.706"/>
  <testcase classname="jl.project.UserRequirement1" name="createCategory" time="2.600"/>
</testsuite> <!-- jl.project.UserRequirement1 -->
