<?xml version="1.0" encoding="UTF-8"?>
<!-- Generated by org.testng.reporters.JUnitReportReporter -->
<testsuite hostname="jl-Ubuntu" failures="0" tests="2" name="jl.project.ChromeTests.UserRequirement1" time="4.407" errors="0" timestamp="24 Feb 2021 10:54:53 GMT" skipped="0">
  <testcase classname="jl.project.ChromeTests.UserRequirement1" name="deleteCategory" time="1.555"/>
  <testcase classname="jl.project.ChromeTests.UserRequirement1" name="createCategory" time="2.852"/>
</testsuite> <!-- jl.project.ChromeTests.UserRequirement1 -->
