<?xml version="1.0" encoding="UTF-8"?>
<!-- Generated by org.testng.reporters.JUnitReportReporter -->
<testsuite hostname="DESKTOP-CL5VKH3" failures="0" tests="2" name="jl.project.ChromeTests.UserRequirement2" time="2.404" errors="0" timestamp="28 Feb 2021 17:39:31 GMT" skipped="0">
  <testcase classname="jl.project.ChromeTests.UserRequirement2" name="createItem" time="2.075"/>
  <testcase classname="jl.project.ChromeTests.UserRequirement2" name="deleteItem" time="0.329"/>
</testsuite> <!-- jl.project.ChromeTests.UserRequirement2 -->
