<?xml version="1.0" encoding="UTF-8"?>
<!-- Generated by org.testng.reporters.JUnitReportReporter -->
<testsuite hostname="mm.home" failures="0" tests="1" name="jl.project.EdgeTests.UserRequirement3_Test" time="10.538" errors="0" timestamp="12 Mar 2021 13:55:29 GMT" skipped="0">
  <testcase classname="jl.project.EdgeTests.UserRequirement3_Test" name="hideAndDisplayItem" time="10.538"/>
</testsuite> <!-- jl.project.EdgeTests.UserRequirement3_Test -->
