<?xml version="1.0" encoding="UTF-8"?>
<!-- Generated by org.testng.reporters.JUnitReportReporter -->
<testsuite hostname="LAPTOP-43HQCE5G" failures="0" tests="2" name="jl.com.UserRequirement3" time="6.594" errors="0" timestamp="29 Jan 2021 16:05:13 GMT" skipped="1">
  <testcase classname="jl.com.UserRequirement3" name="hideItems" time="6.594"/>
  <testcase classname="jl.com.UserRequirement3" name="displayItems">
    <skipped/>
  </testcase> <!-- displayItems -->
</testsuite> <!-- jl.com.UserRequirement3 -->
