<?xml version="1.0" encoding="UTF-8"?>
<!-- Generated by org.testng.reporters.JUnitReportReporter -->
<testsuite hostname="LAPTOP-43HQCE5G" failures="0" tests="1" name="jl.com.UserRequirement1" time="1.730" errors="0" timestamp="14 Dec 2020 13:05:37 GMT" skipped="0">
  <testcase classname="jl.com.UserRequirement1" name="createCategory" time="1.730"/>
</testsuite> <!-- jl.com.UserRequirement1 -->
