<?xml version="1.0" encoding="UTF-8"?>
<!-- Generated by org.testng.reporters.JUnitReportReporter -->
<testsuite hostname="jl-Ubuntu" failures="0" tests="2" name="jl.project.ChromeTests.UserRequirement1" time="3.815" errors="0" timestamp="26 Feb 2021 09:47:57 GMT" skipped="0">
  <testcase classname="jl.project.ChromeTests.UserRequirement1" name="deleteCategory" time="2.141"/>
  <testcase classname="jl.project.ChromeTests.UserRequirement1" name="createCategory" time="1.674"/>
</testsuite> <!-- jl.project.ChromeTests.UserRequirement1 -->
