<?xml version="1.0" encoding="UTF-8"?>
<!-- Generated by org.testng.reporters.JUnitReportReporter -->
<testsuite hostname="DESKTOP-CL5VKH3" failures="0" tests="2" name="jl.project.EdgeTests.UserRequirement1" time="2.927" errors="0" timestamp="28 Feb 2021 17:47:07 GMT" skipped="0">
  <testcase classname="jl.project.EdgeTests.UserRequirement1" name="deleteCategory" time="0.411"/>
  <testcase classname="jl.project.EdgeTests.UserRequirement1" name="createCategory" time="2.516"/>
</testsuite> <!-- jl.project.EdgeTests.UserRequirement1 -->
