<?xml version="1.0" encoding="UTF-8"?>
<!-- Generated by org.testng.reporters.JUnitReportReporter -->
<testsuite hostname="LAPTOP-43HQCE5G" failures="0" tests="3" name="jl.project.EdgeTests.UserRequirement4_2" time="79.452" errors="0" timestamp="09 Feb 2021 20:23:42 GMT" skipped="0">
  <testcase classname="jl.project.EdgeTests.UserRequirement4_2" name="createAndDeleteItemWithKeyboardOnly_SpaceKey" time="15.925"/>
  <testcase classname="jl.project.EdgeTests.UserRequirement4_2" name="createAndDeleteACategoryWithKeyboardOnly_SpaceKey" time="18.537"/>
  <testcase classname="jl.project.EdgeTests.UserRequirement4_2" name="HideAndDisplayItemsWithKeyboardOnly_SpaceKey" time="44.990"/>
</testsuite> <!-- jl.project.EdgeTests.UserRequirement4_2 -->
