<?xml version="1.0" encoding="UTF-8"?>
<!-- Generated by org.testng.reporters.JUnitReportReporter -->
<testsuite hostname="LAPTOP-43HQCE5G" failures="0" tests="2" name="jl.project.FirefoxTests.UserRequirement2" time="3.946" errors="0" timestamp="09 Feb 2021 20:36:06 GMT" skipped="0">
  <testcase classname="jl.project.FirefoxTests.UserRequirement2" name="createItem" time="2.131"/>
  <testcase classname="jl.project.FirefoxTests.UserRequirement2" name="deleteItem" time="1.815"/>
</testsuite> <!-- jl.project.FirefoxTests.UserRequirement2 -->
