<?xml version="1.0" encoding="UTF-8"?>
<!-- Generated by org.testng.reporters.JUnitReportReporter -->
<testsuite hostname="DESKTOP-CL5VKH3" failures="0" tests="2" name="jl.project.FirefoxTests.UserRequirement1_Test" time="2.518" errors="0" timestamp="01 Mar 2021 03:32:48 GMT" skipped="0">
  <testcase classname="jl.project.FirefoxTests.UserRequirement1_Test" name="createCategory" time="1.641"/>
  <testcase classname="jl.project.FirefoxTests.UserRequirement1_Test" name="deleteCategory" time="0.877"/>
</testsuite> <!-- jl.project.FirefoxTests.UserRequirement1_Test -->
