<?xml version="1.0" encoding="UTF-8"?>
<!-- Generated by org.testng.reporters.JUnitReportReporter -->
<testsuite hostname="LAPTOP-43HQCE5G" failures="0" tests="3" name="jl.project.EdgeTests.UserRequirement4_1" time="68.569" errors="0" timestamp="10 Feb 2021 05:28:25 GMT" skipped="0">
  <testcase classname="jl.project.EdgeTests.UserRequirement4_1" name="HideAndDisplayItemsWithKeyboardOnly_EnterKey" time="38.726"/>
  <testcase classname="jl.project.EdgeTests.UserRequirement4_1" name="createAndDeleteItemWithKeyboardOnly_EnterKey" time="16.745"/>
  <testcase classname="jl.project.EdgeTests.UserRequirement4_1" name="createAndDeleteACategoryWithKeyboardOnly_EnterKey" time="13.098"/>
</testsuite> <!-- jl.project.EdgeTests.UserRequirement4_1 -->
