<?xml version="1.0" encoding="UTF-8"?>
<!-- Generated by org.testng.reporters.JUnitReportReporter -->
<testsuite hostname="LAPTOP-43HQCE5G" failures="0" tests="2" name="jl.project.UserRequirement2" time="4.701" errors="0" timestamp="01 Feb 2021 10:06:16 GMT" skipped="0">
  <testcase classname="jl.project.UserRequirement2" name="deleteItem" time="1.021"/>
  <testcase classname="jl.project.UserRequirement2" name="createItem" time="3.680"/>
</testsuite> <!-- jl.project.UserRequirement2 -->
