<?xml version="1.0" encoding="UTF-8"?>
<!-- Generated by org.testng.reporters.JUnitReportReporter -->
<testsuite hostname="jl-Ubuntu" failures="0" tests="1" name="jl.project.Pa11yTest.UserRequirement5_Pa11yTest" time="0.009" errors="0" timestamp="02 Apr 2021 14:21:39 GMT" skipped="0">
  <testcase classname="jl.project.Pa11yTest.UserRequirement5_Pa11yTest" name="pa11yTest" time="0.009"/>
</testsuite> <!-- jl.project.Pa11yTest.UserRequirement5_Pa11yTest -->
