<?xml version="1.0" encoding="UTF-8"?>
<!-- Generated by org.testng.reporters.JUnitReportReporter -->
<testsuite hostname="jl-Ubuntu" failures="0" tests="2" name="jl.project.EdgeTests.UserRequirement1" time="4.336" errors="0" timestamp="22 Feb 2021 16:10:21 GMT" skipped="0">
  <testcase classname="jl.project.EdgeTests.UserRequirement1" name="createCategory" time="2.934"/>
  <testcase classname="jl.project.EdgeTests.UserRequirement1" name="deleteCategory" time="1.402"/>
</testsuite> <!-- jl.project.EdgeTests.UserRequirement1 -->
