<?xml version="1.0" encoding="UTF-8"?>
<!-- Generated by org.testng.reporters.JUnitReportReporter -->
<testsuite hostname="LAPTOP-43HQCE5G" failures="0" tests="1" name="jl.project.EdgeTests.UserRequirement3" time="10.465" errors="0" timestamp="14 Feb 2021 11:24:41 GMT" skipped="0">
  <testcase classname="jl.project.EdgeTests.UserRequirement3" name="hideAndDisplayItem" time="10.465"/>
</testsuite> <!-- jl.project.EdgeTests.UserRequirement3 -->
