<?xml version="1.0" encoding="UTF-8"?>
<!-- Generated by org.testng.reporters.JUnitReportReporter -->
<testsuite hostname="LAPTOP-43HQCE5G" failures="0" tests="2" name="jl.project.EdgeTests.UserRequirement1" time="3.399" errors="0" timestamp="10 Feb 2021 05:28:25 GMT" skipped="0">
  <testcase classname="jl.project.EdgeTests.UserRequirement1" name="deleteCategory" time="2.132"/>
  <testcase classname="jl.project.EdgeTests.UserRequirement1" name="createCategory" time="1.267"/>
</testsuite> <!-- jl.project.EdgeTests.UserRequirement1 -->
