<?xml version="1.0" encoding="UTF-8"?>
<!-- Generated by org.testng.reporters.JUnitReportReporter -->
<testsuite hostname="mm.home" failures="0" tests="2" name="jl.project.ChromeTests.UserRequirement2_Test" time="1.536" errors="0" timestamp="02 Apr 2021 13:21:17 GMT" skipped="0">
  <testcase classname="jl.project.ChromeTests.UserRequirement2_Test" name="deleteItem" time="1.011"/>
  <testcase classname="jl.project.ChromeTests.UserRequirement2_Test" name="createItem" time="0.525"/>
</testsuite> <!-- jl.project.ChromeTests.UserRequirement2_Test -->
