<?xml version="1.0" encoding="UTF-8"?>
<!-- Generated by org.testng.reporters.JUnitReportReporter -->
<testsuite hostname="mm.home" failures="0" tests="2" name="jl.project.ChromeTests.UserRequirement1_Test" time="1.791" errors="0" timestamp="28 Mar 2021 09:47:15 GMT" skipped="0">
  <testcase classname="jl.project.ChromeTests.UserRequirement1_Test" name="deleteCategory" time="0.987"/>
  <testcase classname="jl.project.ChromeTests.UserRequirement1_Test" name="createCategory" time="0.804"/>
</testsuite> <!-- jl.project.ChromeTests.UserRequirement1_Test -->
