<?xml version="1.0" encoding="UTF-8"?>
<!-- Generated by org.testng.reporters.JUnitReportReporter -->
<testsuite hostname="mm.home" failures="0" tests="1" name="jl.project.coverage.SpeechToTextConverterIBMTest" time="20.278" errors="0" timestamp="14 Apr 2021 10:07:43 GMT" skipped="0">
  <testcase classname="jl.project.coverage.SpeechToTextConverterIBMTest" name="convertAudioToTextTest" time="20.278"/>
</testsuite> <!-- jl.project.coverage.SpeechToTextConverterIBMTest -->
