<?xml version="1.0" encoding="UTF-8"?>
<!-- Generated by org.testng.reporters.JUnitReportReporter -->
<testsuite hostname="jl-Ubuntu" failures="0" tests="2" name="jl.project.FirefoxTests.UserRequirement1" time="6.957" errors="0" timestamp="22 Feb 2021 15:39:15 GMT" skipped="0">
  <testcase classname="jl.project.FirefoxTests.UserRequirement1" name="deleteCategory" time="3.262"/>
  <testcase classname="jl.project.FirefoxTests.UserRequirement1" name="createCategory" time="3.695"/>
</testsuite> <!-- jl.project.FirefoxTests.UserRequirement1 -->
