<?xml version="1.0" encoding="UTF-8"?>
<!-- Generated by org.testng.reporters.JUnitReportReporter -->
<testsuite hostname="jl-Ubuntu" failures="0" tests="2" name="jl.project.FirefoxTests.UserRequirement1" time="10.134" errors="0" timestamp="24 Feb 2021 10:59:22 GMT" skipped="0">
  <testcase classname="jl.project.FirefoxTests.UserRequirement1" name="createCategory" time="6.164"/>
  <testcase classname="jl.project.FirefoxTests.UserRequirement1" name="deleteCategory" time="3.970"/>
</testsuite> <!-- jl.project.FirefoxTests.UserRequirement1 -->
