<?xml version="1.0" encoding="UTF-8"?>
<!-- Generated by org.testng.reporters.JUnitReportReporter -->
<testsuite hostname="DESKTOP-CL5VKH3" failures="0" tests="2" name="jl.project.FirefoxTests.UserRequirement1" time="1.894" errors="0" timestamp="23 Feb 2021 09:31:19 GMT" skipped="0">
  <testcase classname="jl.project.FirefoxTests.UserRequirement1" name="createCategory" time="1.142"/>
  <testcase classname="jl.project.FirefoxTests.UserRequirement1" name="deleteCategory" time="0.752"/>
</testsuite> <!-- jl.project.FirefoxTests.UserRequirement1 -->
