<?xml version="1.0" encoding="UTF-8"?>
<!-- Generated by org.testng.reporters.JUnitReportReporter -->
<testsuite hostname="DESKTOP-CL5VKH3" failures="0" tests="1" name="jl.project._chrometests.UserRequirement3_Test" time="31.674" errors="0" timestamp="19 Apr 2021 10:10:39 GMT" skipped="0">
  <testcase classname="jl.project._chrometests.UserRequirement3_Test" name="hideAndDisplayItem_UsingClicks" time="31.674"/>
</testsuite> <!-- jl.project._chrometests.UserRequirement3_Test -->
