<?xml version="1.0" encoding="UTF-8"?>
<!-- Generated by org.testng.reporters.JUnitReportReporter -->
<testsuite hostname="jl-Ubuntu" failures="0" tests="2" name="jl.project.ChromeTests.UserRequirement1_Test" time="2.583" errors="0" timestamp="31 Mar 2021 03:10:30 GMT" skipped="0">
  <testcase classname="jl.project.ChromeTests.UserRequirement1_Test" name="deleteCategory" time="1.396"/>
  <testcase classname="jl.project.ChromeTests.UserRequirement1_Test" name="createCategory" time="1.187"/>
</testsuite> <!-- jl.project.ChromeTests.UserRequirement1_Test -->
