<?xml version="1.0" encoding="UTF-8"?>
<!-- Generated by org.testng.reporters.JUnitReportReporter -->
<testsuite hostname="jl-Ubuntu" failures="0" tests="1" name="jl.project.ChromeTests.UserRequirement3_Test" time="11.382" errors="0" timestamp="31 Mar 2021 03:10:30 GMT" skipped="0">
  <testcase classname="jl.project.ChromeTests.UserRequirement3_Test" name="hideAndDisplayItem" time="11.382"/>
</testsuite> <!-- jl.project.ChromeTests.UserRequirement3_Test -->
