<?xml version="1.0" encoding="UTF-8"?>
<!-- Generated by org.testng.reporters.JUnitReportReporter -->
<testsuite hostname="DESKTOP-CL5VKH3" failures="0" tests="1" name="jl.project.ChromeTests.UserRequirement3_Test" time="28.890" errors="0" timestamp="05 Apr 2021 17:05:50 GMT" skipped="0">
  <testcase classname="jl.project.ChromeTests.UserRequirement3_Test" name="hideAndDisplayItem" time="28.890"/>
</testsuite> <!-- jl.project.ChromeTests.UserRequirement3_Test -->
