<?xml version="1.0" encoding="UTF-8"?>
<!-- Generated by org.testng.reporters.JUnitReportReporter -->
<testsuite hostname="jl-Ubuntu" failures="0" tests="2" name="jl.project.EdgeTests.UserRequirement1_Test" time="3.989" errors="0" timestamp="31 Mar 2021 03:10:31 GMT" skipped="0">
  <testcase classname="jl.project.EdgeTests.UserRequirement1_Test" name="deleteCategory" time="2.463"/>
  <testcase classname="jl.project.EdgeTests.UserRequirement1_Test" name="createCategory" time="1.526"/>
</testsuite> <!-- jl.project.EdgeTests.UserRequirement1_Test -->
