<?xml version="1.0" encoding="UTF-8"?>
<!-- Generated by org.testng.reporters.JUnitReportReporter -->
<testsuite hostname="mm.home" failures="0" tests="2" name="jl.project.ChromeTests.UserRequirement1_Test" time="20.739" errors="0" timestamp="05 Apr 2021 12:27:37 GMT" skipped="0">
  <testcase classname="jl.project.ChromeTests.UserRequirement1_Test" name="createCategory" time="6.422"/>
  <testcase classname="jl.project.ChromeTests.UserRequirement1_Test" name="deleteCategory" time="14.317"/>
</testsuite> <!-- jl.project.ChromeTests.UserRequirement1_Test -->
