<?xml version="1.0" encoding="UTF-8"?>
<!-- Generated by org.testng.reporters.JUnitReportReporter -->
<testsuite hostname="DESKTOP-CL5VKH3" failures="0" tests="3" name="jl.project.FirefoxTests.UserRequirement4_1_Test" time="96.422" errors="0" timestamp="04 Apr 2021 13:55:18 GMT" skipped="0">
  <testcase classname="jl.project.FirefoxTests.UserRequirement4_1_Test" name="createAndDeleteACategoryWithKeyboardOnly_EnterKey" time="23.366"/>
  <testcase classname="jl.project.FirefoxTests.UserRequirement4_1_Test" name="HideAndDisplayItemsWithKeyboardOnly_EnterKey" time="54.679"/>
  <testcase classname="jl.project.FirefoxTests.UserRequirement4_1_Test" name="createAndDeleteItemWithKeyboardOnly_EnterKey" time="18.377"/>
</testsuite> <!-- jl.project.FirefoxTests.UserRequirement4_1_Test -->
