<?xml version="1.0" encoding="UTF-8"?>
<!-- Generated by org.testng.reporters.JUnitReportReporter -->
<testsuite hostname="mm.home" failures="0" tests="2" name="jl.project.FirefoxTests.UserRequirement1_Test" time="1.915" errors="0" timestamp="02 Apr 2021 11:08:42 GMT" skipped="0">
  <testcase classname="jl.project.FirefoxTests.UserRequirement1_Test" name="deleteCategory" time="1.025"/>
  <testcase classname="jl.project.FirefoxTests.UserRequirement1_Test" name="createCategory" time="0.890"/>
</testsuite> <!-- jl.project.FirefoxTests.UserRequirement1_Test -->
