<?xml version="1.0" encoding="UTF-8"?>
<!-- Generated by org.testng.reporters.JUnitReportReporter -->
<testsuite hostname="jl-Ubuntu" failures="0" tests="2" name="jl.project.FirefoxTests.UserRequirement1_Test" time="6.021" errors="0" timestamp="31 Mar 2021 03:10:31 GMT" skipped="0">
  <testcase classname="jl.project.FirefoxTests.UserRequirement1_Test" name="deleteCategory" time="2.430"/>
  <testcase classname="jl.project.FirefoxTests.UserRequirement1_Test" name="createCategory" time="3.591"/>
</testsuite> <!-- jl.project.FirefoxTests.UserRequirement1_Test -->
