<?xml version="1.0" encoding="UTF-8"?>
<!-- Generated by org.testng.reporters.JUnitReportReporter -->
<testsuite hostname="mm.home" failures="0" tests="2" name="jl.project.EdgeTests.UserRequirement1_Test" time="1.649" errors="0" timestamp="02 Apr 2021 11:08:42 GMT" skipped="0">
  <testcase classname="jl.project.EdgeTests.UserRequirement1_Test" name="deleteCategory" time="0.282"/>
  <testcase classname="jl.project.EdgeTests.UserRequirement1_Test" name="createCategory" time="1.367"/>
</testsuite> <!-- jl.project.EdgeTests.UserRequirement1_Test -->
