<?xml version="1.0" encoding="UTF-8"?>
<!-- Generated by org.testng.reporters.JUnitReportReporter -->
<testsuite hostname="jl-Ubuntu" failures="0" tests="2" name="jl.project.EdgeTests.UserRequirement1_Test" time="24.859" errors="0" timestamp="07 Apr 2021 17:11:40 GMT" skipped="0">
  <testcase classname="jl.project.EdgeTests.UserRequirement1_Test" name="deleteCategory" time="15.216"/>
  <testcase classname="jl.project.EdgeTests.UserRequirement1_Test" name="createCategory" time="9.643"/>
</testsuite> <!-- jl.project.EdgeTests.UserRequirement1_Test -->
