<?xml version="1.0" encoding="UTF-8"?>
<!-- Generated by org.testng.reporters.JUnitReportReporter -->
<testsuite hostname="DESKTOP-CL5VKH3" failures="0" tests="2" name="jl.project.chrometests.UserRequirement2_Test" time="22.948" errors="0" timestamp="14 Apr 2021 13:04:17 GMT" skipped="0">
  <testcase classname="jl.project.chrometests.UserRequirement2_Test" name="createItem" time="10.882"/>
  <testcase classname="jl.project.chrometests.UserRequirement2_Test" name="deleteItem" time="12.066"/>
</testsuite> <!-- jl.project.chrometests.UserRequirement2_Test -->
