<?xml version="1.0" encoding="UTF-8"?>
<!-- Generated by org.testng.reporters.JUnitReportReporter -->
<testsuite hostname="DESKTOP-CL5VKH3" failures="0" tests="2" name="jl.project._chrometests.UserRequirement1_Test" time="23.282" errors="0" timestamp="19 Apr 2021 10:10:39 GMT" skipped="0">
  <testcase classname="jl.project._chrometests.UserRequirement1_Test" name="createCategory_UsingClicks" time="14.047"/>
  <testcase classname="jl.project._chrometests.UserRequirement1_Test" name="deleteCategory_UsingClicks" time="9.235"/>
</testsuite> <!-- jl.project._chrometests.UserRequirement1_Test -->
