<?xml version="1.0" encoding="UTF-8"?>
<!-- Generated by org.testng.reporters.JUnitReportReporter -->
<testsuite hostname="mm.home" failures="0" tests="2" name="jl.project.ChromeTests.UserRequirement2_Test" time="13.714" errors="0" timestamp="05 Apr 2021 12:12:40 GMT" skipped="0">
  <testcase classname="jl.project.ChromeTests.UserRequirement2_Test" name="createItem" time="7.289"/>
  <testcase classname="jl.project.ChromeTests.UserRequirement2_Test" name="deleteItem" time="6.425"/>
</testsuite> <!-- jl.project.ChromeTests.UserRequirement2_Test -->
