<?xml version="1.0" encoding="UTF-8"?>
<!-- Generated by org.testng.reporters.JUnitReportReporter -->
<testsuite hostname="DESKTOP-CL5VKH3" failures="0" tests="3" name="jl.project.ChromeTests.UserRequirement4_2_Test" time="185.970" errors="0" timestamp="02 Apr 2021 07:34:00 GMT" skipped="0">
  <testcase classname="jl.project.ChromeTests.UserRequirement4_2_Test" name="createAndDeleteItemWithKeyboardOnly_SpaceKey" time="19.617"/>
  <testcase classname="jl.project.ChromeTests.UserRequirement4_2_Test" name="createAndDeleteACategoryWithKeyboardOnly_SpaceKey" time="29.483"/>
  <testcase classname="jl.project.ChromeTests.UserRequirement4_2_Test" name="HideAndDisplayItemsWithKeyboardOnly_SpaceKey" time="136.870"/>
</testsuite> <!-- jl.project.ChromeTests.UserRequirement4_2_Test -->
