<?xml version="1.0" encoding="UTF-8"?>
<!-- Generated by org.testng.reporters.JUnitReportReporter -->
<testsuite hostname="mm.home" failures="0" tests="3" name="jl.project.ChromeTests.UserRequirement4_1_Test" time="80.536" errors="0" timestamp="05 Apr 2021 12:27:37 GMT" skipped="0">
  <testcase classname="jl.project.ChromeTests.UserRequirement4_1_Test" name="createAndDeleteACategoryWithKeyboardOnly_EnterKey" time="23.020"/>
  <testcase classname="jl.project.ChromeTests.UserRequirement4_1_Test" name="HideAndDisplayItemsWithKeyboardOnly_EnterKey" time="40.041"/>
  <testcase classname="jl.project.ChromeTests.UserRequirement4_1_Test" name="createAndDeleteItemWithKeyboardOnly_EnterKey" time="17.475"/>
</testsuite> <!-- jl.project.ChromeTests.UserRequirement4_1_Test -->
