<?xml version="1.0" encoding="UTF-8"?>
<!-- Generated by org.testng.reporters.JUnitReportReporter -->
<testsuite hostname="jl-Ubuntu" failures="0" tests="2" name="jl.project.ChromeTests.UserRequirement1_Test" time="3.062" errors="0" timestamp="04 Apr 2021 09:17:33 GMT" skipped="0">
  <testcase classname="jl.project.ChromeTests.UserRequirement1_Test" name="deleteCategory" time="0.862"/>
  <testcase classname="jl.project.ChromeTests.UserRequirement1_Test" name="createCategory" time="2.200"/>
</testsuite> <!-- jl.project.ChromeTests.UserRequirement1_Test -->
