<?xml version="1.0" encoding="UTF-8"?>
<!-- Generated by org.testng.reporters.JUnitReportReporter -->
<testsuite hostname="jl-Ubuntu" failures="0" tests="3" name="jl.project.ChromeTests.UserRequirement4_1_Test" time="80.704" errors="0" timestamp="31 Mar 2021 03:10:30 GMT" skipped="0">
  <testcase classname="jl.project.ChromeTests.UserRequirement4_1_Test" name="HideAndDisplayItemsWithKeyboardOnly_EnterKey" time="40.892"/>
  <testcase classname="jl.project.ChromeTests.UserRequirement4_1_Test" name="createAndDeleteACategoryWithKeyboardOnly_EnterKey" time="20.971"/>
  <testcase classname="jl.project.ChromeTests.UserRequirement4_1_Test" name="createAndDeleteItemWithKeyboardOnly_EnterKey" time="18.841"/>
</testsuite> <!-- jl.project.ChromeTests.UserRequirement4_1_Test -->
