<?xml version="1.0" encoding="UTF-8"?>
<!-- Generated by org.testng.reporters.JUnitReportReporter -->
<testsuite hostname="mm.home" failures="0" tests="2" name="jl.project.EdgeTests.UserRequirement1_Test" time="15.779" errors="0" timestamp="05 Apr 2021 12:27:37 GMT" skipped="0">
  <testcase classname="jl.project.EdgeTests.UserRequirement1_Test" name="deleteCategory" time="8.576"/>
  <testcase classname="jl.project.EdgeTests.UserRequirement1_Test" name="createCategory" time="7.203"/>
</testsuite> <!-- jl.project.EdgeTests.UserRequirement1_Test -->
