<?xml version="1.0" encoding="UTF-8"?>
<!-- Generated by org.testng.reporters.JUnitReportReporter -->
<testsuite hostname="jl-Ubuntu" failures="0" tests="2" name="jl.project.ChromeTests.UserRequirement1_Test" time="22.374" errors="0" timestamp="06 Apr 2021 00:39:03 GMT" skipped="0">
  <testcase classname="jl.project.ChromeTests.UserRequirement1_Test" name="deleteCategory" time="14.278"/>
  <testcase classname="jl.project.ChromeTests.UserRequirement1_Test" name="createCategory" time="8.096"/>
</testsuite> <!-- jl.project.ChromeTests.UserRequirement1_Test -->
