<?xml version="1.0" encoding="UTF-8"?>
<!-- Generated by org.testng.reporters.JUnitReportReporter -->
<testsuite hostname="DESKTOP-CL5VKH3" failures="0" tests="1" name="jl.project.ScreenReadersTests.SpeechToTextConverterIBMTest" time="15.013" errors="0" timestamp="02 Apr 2021 07:34:00 GMT" skipped="0">
  <testcase classname="jl.project.ScreenReadersTests.SpeechToTextConverterIBMTest" name="convertAudioToTextTest" time="15.013"/>
</testsuite> <!-- jl.project.ScreenReadersTests.SpeechToTextConverterIBMTest -->
