<?xml version="1.0" encoding="UTF-8"?>
<!-- Generated by org.testng.reporters.JUnitReportReporter -->
<testsuite hostname="jl-Ubuntu" failures="0" tests="2" name="jl.project.FirefoxTests.UserRequirement2_Test" time="5.377" errors="0" timestamp="04 Apr 2021 09:17:33 GMT" skipped="0">
  <testcase classname="jl.project.FirefoxTests.UserRequirement2_Test" name="deleteItem" time="2.746"/>
  <testcase classname="jl.project.FirefoxTests.UserRequirement2_Test" name="createItem" time="2.631"/>
</testsuite> <!-- jl.project.FirefoxTests.UserRequirement2_Test -->
