<?xml version="1.0" encoding="UTF-8"?>
<!-- Generated by org.testng.reporters.JUnitReportReporter -->
<testsuite hostname="jl-Ubuntu" failures="0" tests="2" name="jl.project.EdgeTests.UserRequirement1_Test" time="3.242" errors="0" timestamp="02 Apr 2021 16:21:24 GMT" skipped="0">
  <testcase classname="jl.project.EdgeTests.UserRequirement1_Test" name="deleteCategory" time="0.873"/>
  <testcase classname="jl.project.EdgeTests.UserRequirement1_Test" name="createCategory" time="2.369"/>
</testsuite> <!-- jl.project.EdgeTests.UserRequirement1_Test -->
