<?xml version="1.0" encoding="UTF-8"?>
<!-- Generated by org.testng.reporters.JUnitReportReporter -->
<testsuite hostname="DESKTOP-CL5VKH3" failures="0" tests="2" name="jl.project.ChromeTests.UserRequirement2_Test" time="17.513" errors="0" timestamp="05 Apr 2021 17:05:50 GMT" skipped="0">
  <testcase classname="jl.project.ChromeTests.UserRequirement2_Test" name="deleteItem" time="10.642"/>
  <testcase classname="jl.project.ChromeTests.UserRequirement2_Test" name="createItem" time="6.871"/>
</testsuite> <!-- jl.project.ChromeTests.UserRequirement2_Test -->
