<?xml version="1.0" encoding="UTF-8"?>
<!-- Generated by org.testng.reporters.JUnitReportReporter -->
<testsuite hostname="jl-Ubuntu" failures="0" tests="2" name="jl.project.FirefoxTests.UserRequirement2_Test" time="5.557" errors="0" timestamp="02 Apr 2021 16:21:24 GMT" skipped="0">
  <testcase classname="jl.project.FirefoxTests.UserRequirement2_Test" name="deleteItem" time="2.966"/>
  <testcase classname="jl.project.FirefoxTests.UserRequirement2_Test" name="createItem" time="2.591"/>
</testsuite> <!-- jl.project.FirefoxTests.UserRequirement2_Test -->
