<?xml version="1.0" encoding="UTF-8"?>
<!-- Generated by org.testng.reporters.JUnitReportReporter -->
<testsuite hostname="mm.home" failures="0" tests="1" name="jl.project.EdgeTests.UserRequirement3_Test" time="18.075" errors="0" timestamp="05 Apr 2021 11:31:51 GMT" skipped="0">
  <testcase classname="jl.project.EdgeTests.UserRequirement3_Test" name="hideAndDisplayItem" time="18.075"/>
</testsuite> <!-- jl.project.EdgeTests.UserRequirement3_Test -->
