<?xml version="1.0" encoding="UTF-8"?>
<!-- Generated by org.testng.reporters.JUnitReportReporter -->
<testsuite hostname="DESKTOP-CL5VKH3" failures="0" tests="3" name="jl.project.EdgeTests.UserRequirement4_2_Test" time="132.896" errors="0" timestamp="05 Apr 2021 17:05:50 GMT" skipped="0">
  <testcase classname="jl.project.EdgeTests.UserRequirement4_2_Test" name="HideAndDisplayItemsWithKeyboardOnly_SpaceKey" time="83.297"/>
  <testcase classname="jl.project.EdgeTests.UserRequirement4_2_Test" name="createAndDeleteItemWithKeyboardOnly_SpaceKey" time="20.824"/>
  <testcase classname="jl.project.EdgeTests.UserRequirement4_2_Test" name="createAndDeleteACategoryWithKeyboardOnly_SpaceKey" time="28.775"/>
</testsuite> <!-- jl.project.EdgeTests.UserRequirement4_2_Test -->
