<?xml version="1.0" encoding="UTF-8"?>
<!-- Generated by org.testng.reporters.JUnitReportReporter -->
<testsuite hostname="jl-Ubuntu" failures="0" tests="1" name="jl.project.EdgeTests.UserRequirement3_Test" time="12.397" errors="0" timestamp="31 Mar 2021 03:10:31 GMT" skipped="0">
  <testcase classname="jl.project.EdgeTests.UserRequirement3_Test" name="hideAndDisplayItem" time="12.397"/>
</testsuite> <!-- jl.project.EdgeTests.UserRequirement3_Test -->
