<?xml version="1.0" encoding="UTF-8"?>
<!-- Generated by org.testng.reporters.JUnitReportReporter -->
<testsuite hostname="DESKTOP-CL5VKH3" failures="0" tests="3" name="jl.project._chrometests.UserRequirement4_2_Test" time="120.865" errors="0" timestamp="19 Apr 2021 10:10:39 GMT" skipped="0">
  <testcase classname="jl.project._chrometests.UserRequirement4_2_Test" name="HideAndDisplayItemsWithKeyboardOnly_SpaceKey" time="59.348"/>
  <testcase classname="jl.project._chrometests.UserRequirement4_2_Test" name="createAndDeleteItemWithKeyboardOnly_SpaceKey" time="34.633"/>
  <testcase classname="jl.project._chrometests.UserRequirement4_2_Test" name="createAndDeleteACategoryWithKeyboardOnly_SpaceKey" time="26.884"/>
</testsuite> <!-- jl.project._chrometests.UserRequirement4_2_Test -->
