<?xml version="1.0" encoding="UTF-8"?>
<!-- Generated by org.testng.reporters.JUnitReportReporter -->
<testsuite hostname="mm.home" failures="0" tests="3" name="jl.project.EdgeTests.UserRequirement4_1_Test" time="80.809" errors="0" timestamp="05 Apr 2021 12:27:37 GMT" skipped="0">
  <testcase classname="jl.project.EdgeTests.UserRequirement4_1_Test" name="createAndDeleteItemWithKeyboardOnly_EnterKey" time="18.189"/>
  <testcase classname="jl.project.EdgeTests.UserRequirement4_1_Test" name="createAndDeleteACategoryWithKeyboardOnly_EnterKey" time="23.409"/>
  <testcase classname="jl.project.EdgeTests.UserRequirement4_1_Test" name="HideAndDisplayItemsWithKeyboardOnly_EnterKey" time="39.211"/>
</testsuite> <!-- jl.project.EdgeTests.UserRequirement4_1_Test -->
