<?xml version="1.0" encoding="UTF-8"?>
<!-- Generated by org.testng.reporters.JUnitReportReporter -->
<testsuite hostname="mm.home" failures="0" tests="1" name="jl.project.pa11ytest.UserRequirement5_Pa11yTest" time="0.003" errors="0" timestamp="16 Apr 2021 15:02:51 GMT" skipped="0">
  <testcase classname="jl.project.pa11ytest.UserRequirement5_Pa11yTest" name="pa11yTest" time="0.003"/>
</testsuite> <!-- jl.project.pa11ytest.UserRequirement5_Pa11yTest -->
