<?xml version="1.0" encoding="UTF-8"?>
<!-- Generated by org.testng.reporters.JUnitReportReporter -->
<testsuite hostname="mm.home" failures="0" tests="2" name="jl.project.edgetests.UserRequirement2_Test" time="20.663" errors="0" timestamp="16 Apr 2021 15:02:51 GMT" skipped="0">
  <testcase classname="jl.project.edgetests.UserRequirement2_Test" name="deleteItem" time="12.024"/>
  <testcase classname="jl.project.edgetests.UserRequirement2_Test" name="createItem" time="8.639"/>
</testsuite> <!-- jl.project.edgetests.UserRequirement2_Test -->
