<?xml version="1.0" encoding="UTF-8"?>
<!-- Generated by org.testng.reporters.JUnitReportReporter -->
<testsuite hostname="jl-Ubuntu" failures="0" tests="2" name="jl.project.ChromeTests.UserRequirement2_Test" time="16.901" errors="0" timestamp="06 Apr 2021 00:39:03 GMT" skipped="0">
  <testcase classname="jl.project.ChromeTests.UserRequirement2_Test" name="deleteItem" time="9.763"/>
  <testcase classname="jl.project.ChromeTests.UserRequirement2_Test" name="createItem" time="7.138"/>
</testsuite> <!-- jl.project.ChromeTests.UserRequirement2_Test -->
