<?xml version="1.0" encoding="UTF-8"?>
<!-- Generated by org.testng.reporters.JUnitReportReporter -->
<testsuite hostname="DESKTOP-CL5VKH3" failures="0" tests="2" name="jl.project.ChromeTests.UserRequirement1_Test" time="11.544" errors="0" timestamp="02 Apr 2021 07:34:00 GMT" skipped="0">
  <testcase classname="jl.project.ChromeTests.UserRequirement1_Test" name="deleteCategory" time="8.128"/>
  <testcase classname="jl.project.ChromeTests.UserRequirement1_Test" name="createCategory" time="3.416"/>
</testsuite> <!-- jl.project.ChromeTests.UserRequirement1_Test -->
