<?xml version="1.0" encoding="UTF-8"?>
<!-- Generated by org.testng.reporters.JUnitReportReporter -->
<testsuite hostname="jl-Ubuntu" failures="0" tests="2" name="jl.project.ChromeTests.UserRequirement2_Test" time="2.841" errors="0" timestamp="04 Apr 2021 09:17:33 GMT" skipped="0">
  <testcase classname="jl.project.ChromeTests.UserRequirement2_Test" name="createItem" time="1.985"/>
  <testcase classname="jl.project.ChromeTests.UserRequirement2_Test" name="deleteItem" time="0.856"/>
</testsuite> <!-- jl.project.ChromeTests.UserRequirement2_Test -->
