<?xml version="1.0" encoding="UTF-8"?>
<!-- Generated by org.testng.reporters.JUnitReportReporter -->
<testsuite hostname="mm.home" failures="0" tests="1" name="jl.project.chrometests.UserRequirement3_Test" time="18.476" errors="0" timestamp="16 Apr 2021 15:02:51 GMT" skipped="0">
  <testcase classname="jl.project.chrometests.UserRequirement3_Test" name="hideAndDisplayItem" time="18.476"/>
</testsuite> <!-- jl.project.chrometests.UserRequirement3_Test -->
