<?xml version="1.0" encoding="UTF-8"?>
<!-- Generated by org.testng.reporters.JUnitReportReporter -->
<testsuite hostname="jl-Ubuntu" failures="0" tests="2" name="jl.project.EdgeTests.UserRequirement1_Test" time="3.601" errors="0" timestamp="30 Mar 2021 14:53:04 GMT" skipped="0">
  <testcase classname="jl.project.EdgeTests.UserRequirement1_Test" name="deleteCategory" time="0.914"/>
  <testcase classname="jl.project.EdgeTests.UserRequirement1_Test" name="createCategory" time="2.687"/>
</testsuite> <!-- jl.project.EdgeTests.UserRequirement1_Test -->
