<?xml version="1.0" encoding="UTF-8"?>
<!-- Generated by org.testng.reporters.JUnitReportReporter -->
<testsuite hostname="DESKTOP-CL5VKH3" failures="0" tests="1" name="jl.project.pa11ytest.UserRequirement5_Pa11yTest" time="0.000" errors="0" timestamp="19 Apr 2021 10:10:39 GMT" skipped="0">
  <testcase classname="jl.project.pa11ytest.UserRequirement5_Pa11yTest" name="pa11yTest" time="0.000"/>
</testsuite> <!-- jl.project.pa11ytest.UserRequirement5_Pa11yTest -->
