<?xml version="1.0" encoding="UTF-8"?>
<!-- Generated by org.testng.reporters.JUnitReportReporter -->
<testsuite hostname="jl-Ubuntu" failures="0" tests="2" name="jl.project.FirefoxTests.UserRequirement2_Test" time="5.284" errors="0" timestamp="30 Mar 2021 14:53:04 GMT" skipped="0">
  <testcase classname="jl.project.FirefoxTests.UserRequirement2_Test" name="createItem" time="2.852"/>
  <testcase classname="jl.project.FirefoxTests.UserRequirement2_Test" name="deleteItem" time="2.432"/>
</testsuite> <!-- jl.project.FirefoxTests.UserRequirement2_Test -->
