<?xml version="1.0" encoding="UTF-8"?>
<!-- Generated by org.testng.reporters.JUnitReportReporter -->
<testsuite hostname="mm.home" failures="0" tests="1" name="jl.project.FirefoxTests.UserRequirement3_Test" time="22.509" errors="0" timestamp="05 Apr 2021 09:46:32 GMT" skipped="0">
  <testcase classname="jl.project.FirefoxTests.UserRequirement3_Test" name="hideAndDisplayItem" time="22.509"/>
</testsuite> <!-- jl.project.FirefoxTests.UserRequirement3_Test -->
