<?xml version="1.0" encoding="UTF-8"?>
<!-- Generated by org.testng.reporters.JUnitReportReporter -->
<testsuite hostname="DESKTOP-CL5VKH3" failures="0" tests="2" name="jl.project.chrometests.UserRequirement1_Test" time="18.588" errors="0" timestamp="14 Apr 2021 13:04:17 GMT" skipped="0">
  <testcase classname="jl.project.chrometests.UserRequirement1_Test" name="createCategory" time="7.756"/>
  <testcase classname="jl.project.chrometests.UserRequirement1_Test" name="deleteCategory" time="10.832"/>
</testsuite> <!-- jl.project.chrometests.UserRequirement1_Test -->
