<?xml version="1.0" encoding="UTF-8"?>
<!-- Generated by org.testng.reporters.JUnitReportReporter -->
<testsuite hostname="jl-Ubuntu" failures="0" tests="3" name="jl.project.FirefoxTests.UserRequirement4_1_Test" time="95.383" errors="0" timestamp="04 Apr 2021 09:17:33 GMT" skipped="0">
  <testcase classname="jl.project.FirefoxTests.UserRequirement4_1_Test" name="createAndDeleteACategoryWithKeyboardOnly_EnterKey" time="25.688"/>
  <testcase classname="jl.project.FirefoxTests.UserRequirement4_1_Test" name="createAndDeleteItemWithKeyboardOnly_EnterKey" time="19.966"/>
  <testcase classname="jl.project.FirefoxTests.UserRequirement4_1_Test" name="HideAndDisplayItemsWithKeyboardOnly_EnterKey" time="49.729"/>
</testsuite> <!-- jl.project.FirefoxTests.UserRequirement4_1_Test -->
