<?xml version="1.0" encoding="UTF-8"?>
<!-- Generated by org.testng.reporters.JUnitReportReporter -->
<testsuite hostname="mm.home" failures="0" tests="2" name="jl.project.edgetests.UserRequirement1_Test" time="23.351" errors="0" timestamp="16 Apr 2021 15:02:51 GMT" skipped="0">
  <testcase classname="jl.project.edgetests.UserRequirement1_Test" name="createCategory" time="10.449"/>
  <testcase classname="jl.project.edgetests.UserRequirement1_Test" name="deleteCategory" time="12.902"/>
</testsuite> <!-- jl.project.edgetests.UserRequirement1_Test -->
