<?xml version="1.0" encoding="UTF-8"?>
<!-- Generated by org.testng.reporters.JUnitReportReporter -->
<testsuite hostname="DESKTOP-CL5VKH3" failures="0" tests="2" name="jl.project._chrometests.UserRequirement2_Test" time="26.075" errors="0" timestamp="19 Apr 2021 10:10:39 GMT" skipped="0">
  <testcase classname="jl.project._chrometests.UserRequirement2_Test" name="createItem" time="9.337"/>
  <testcase classname="jl.project._chrometests.UserRequirement2_Test" name="deleteItem" time="16.738"/>
</testsuite> <!-- jl.project._chrometests.UserRequirement2_Test -->
