<?xml version="1.0" encoding="UTF-8"?>
<!-- Generated by org.testng.reporters.JUnitReportReporter -->
<testsuite hostname="jl-Ubuntu" failures="0" tests="2" name="jl.project.ChromeTests.UserRequirement2_Test" time="2.843" errors="0" timestamp="02 Apr 2021 16:21:24 GMT" skipped="0">
  <testcase classname="jl.project.ChromeTests.UserRequirement2_Test" name="createItem" time="2.166"/>
  <testcase classname="jl.project.ChromeTests.UserRequirement2_Test" name="deleteItem" time="0.677"/>
</testsuite> <!-- jl.project.ChromeTests.UserRequirement2_Test -->
