<?xml version="1.0" encoding="UTF-8"?>
<!-- Generated by org.testng.reporters.JUnitReportReporter -->
<testsuite hostname="mm.home" failures="0" tests="3" name="jl.project.EdgeTests.UserRequirement4_2_Test" time="79.599" errors="0" timestamp="05 Apr 2021 11:31:51 GMT" skipped="0">
  <testcase classname="jl.project.EdgeTests.UserRequirement4_2_Test" name="createAndDeleteACategoryWithKeyboardOnly_SpaceKey" time="21.650"/>
  <testcase classname="jl.project.EdgeTests.UserRequirement4_2_Test" name="createAndDeleteItemWithKeyboardOnly_SpaceKey" time="17.503"/>
  <testcase classname="jl.project.EdgeTests.UserRequirement4_2_Test" name="HideAndDisplayItemsWithKeyboardOnly_SpaceKey" time="40.446"/>
</testsuite> <!-- jl.project.EdgeTests.UserRequirement4_2_Test -->
