<?xml version="1.0" encoding="UTF-8"?>
<!-- Generated by org.testng.reporters.JUnitReportReporter -->
<testsuite hostname="DESKTOP-CL5VKH3" failures="0" tests="3" name="jl.project.FirefoxTests.UserRequirement4_1_Test" time="99.867" errors="0" timestamp="02 Apr 2021 07:34:00 GMT" skipped="0">
  <testcase classname="jl.project.FirefoxTests.UserRequirement4_1_Test" name="HideAndDisplayItemsWithKeyboardOnly_EnterKey" time="56.557"/>
  <testcase classname="jl.project.FirefoxTests.UserRequirement4_1_Test" name="createAndDeleteACategoryWithKeyboardOnly_EnterKey" time="23.183"/>
  <testcase classname="jl.project.FirefoxTests.UserRequirement4_1_Test" name="createAndDeleteItemWithKeyboardOnly_EnterKey" time="20.127"/>
</testsuite> <!-- jl.project.FirefoxTests.UserRequirement4_1_Test -->
