<?xml version="1.0" encoding="UTF-8"?>
<!-- Generated by org.testng.reporters.JUnitReportReporter -->
<<<<<<< HEAD
<testsuite hostname="mm.home" failures="0" tests="2" name="jl.project.EdgeTests.UserRequirement2_Test" time="6.329" errors="0" timestamp="04 Apr 2021 02:33:29 GMT" skipped="0">
  <testcase classname="jl.project.EdgeTests.UserRequirement2_Test" name="deleteItem" time="5.828"/>
  <testcase classname="jl.project.EdgeTests.UserRequirement2_Test" name="createItem" time="0.501"/>
=======
<testsuite hostname="DESKTOP-CL5VKH3" failures="0" tests="2" name="jl.project.EdgeTests.UserRequirement2_Test" time="10.443" errors="0" timestamp="04 Apr 2021 13:55:18 GMT" skipped="0">
  <testcase classname="jl.project.EdgeTests.UserRequirement2_Test" name="deleteItem" time="3.558"/>
  <testcase classname="jl.project.EdgeTests.UserRequirement2_Test" name="createItem" time="6.885"/>
>>>>>>> 18309756c8d01fd2e6d36c2571d49f6f0ddb4990
</testsuite> <!-- jl.project.EdgeTests.UserRequirement2_Test -->
