<?xml version="1.0" encoding="UTF-8"?>
<!-- Generated by org.testng.reporters.JUnitReportReporter -->
<testsuite hostname="jl-Ubuntu" failures="0" tests="2" name="jl.project.ChromeTests.UserRequirement2_Test" time="22.372" errors="0" timestamp="07 Apr 2021 17:11:40 GMT" skipped="0">
  <testcase classname="jl.project.ChromeTests.UserRequirement2_Test" name="createItem" time="10.302"/>
  <testcase classname="jl.project.ChromeTests.UserRequirement2_Test" name="deleteItem" time="12.070"/>
</testsuite> <!-- jl.project.ChromeTests.UserRequirement2_Test -->
