<?xml version="1.0" encoding="UTF-8"?>
<!-- Generated by org.testng.reporters.JUnitReportReporter -->
<testsuite hostname="DESKTOP-CL5VKH3" failures="0" tests="2" name="jl.project._edgetests.UserRequirement1_Test" time="20.625" errors="0" timestamp="19 Apr 2021 10:10:39 GMT" skipped="0">
  <testcase classname="jl.project._edgetests.UserRequirement1_Test" name="createCategory" time="7.954"/>
  <testcase classname="jl.project._edgetests.UserRequirement1_Test" name="deleteCategory" time="12.671"/>
</testsuite> <!-- jl.project._edgetests.UserRequirement1_Test -->
