<?xml version="1.0" encoding="UTF-8"?>
<!-- Generated by org.testng.reporters.JUnitReportReporter -->
<testsuite hostname="mm.home" failures="0" tests="1" name="jl.project.ChromeTests.UserRequirement3_Test" time="1.272" errors="1" timestamp="02 Apr 2021 11:08:42 GMT" skipped="0">
  <testcase classname="jl.project.ChromeTests.UserRequirement3_Test" name="hideAndDisplayItem" time="1.272">
    <error message="Unable to load library &#039;tesseract&#039;:
dlopen(libtesseract.dylib, 9): image not found
dlopen(libtesseract.dylib, 9): image not found
Native library (darwin/libtesseract.dylib) not found in resource path (/Users/jean-louis/Desktop/AccessibleTodoList_End2endTests/target/test-classes:/Users/jean-louis/Desktop/AccessibleTodoList_End2endTests/target/classes:/Users/jean-louis/.m2/repository/org/seleniumhq/selenium/selenium-java/3.13.0/selenium-java-3.13.0.jar:/Users/jean-louis/.m2/repository/org/seleniumhq/selenium/selenium-api/3.13.0/selenium-api-3.13.0.jar:/Users/jean-louis/.m2/repository/org/seleniumhq/selenium/selenium-chrome-driver/3.13.0/selenium-chrome-driver-3.13.0.jar:/Users/jean-louis/.m2/repository/org/seleniumhq/selenium/selenium-edge-driver/3.13.0/selenium-edge-driver-3.13.0.jar:/Users/jean-louis/.m2/repository/org/seleniumhq/selenium/selenium-firefox-driver/3.13.0/selenium-firefox-driver-3.13.0.jar:/Users/jean-louis/.m2/repository/org/seleniumhq/selenium/selenium-ie-driver/3.13.0/selenium-ie-driver-3.13.0.jar:/Users/jean-louis/.m2/repository/org/seleniumhq/selenium/selenium-opera-driver/3.13.0/selenium-opera-driver-3.13.0.jar:/Users/jean-louis/.m2/repository/org/seleniumhq/selenium/selenium-remote-driver/3.13.0/selenium-remote-driver-3.13.0.jar:/Users/jean-louis/.m2/repository/org/seleniumhq/selenium/selenium-safari-driver/3.13.0/selenium-safari-driver-3.13.0.jar:/Users/jean-louis/.m2/repository/org/seleniumhq/selenium/selenium-support/3.13.0/selenium-support-3.13.0.jar:/Users/jean-louis/.m2/repository/net/bytebuddy/byte-buddy/1.8.3/byte-buddy-1.8.3.jar:/Users/jean-louis/.m2/repository/org/apache/commons/commons-exec/1.3/commons-exec-1.3.jar:/Users/jean-louis/.m2/repository/commons-codec/commons-codec/1.10/commons-codec-1.10.jar:/Users/jean-louis/.m2/repository/commons-logging/commons-logging/1.2/commons-logging-1.2.jar:/Users/jean-louis/.m2/repository/com/google/code/gson/gson/2.8.4/gson-2.8.4.jar:/Users/jean-louis/.m2/repository/com/google/guava/guava/25.0-jre/guava-25.0-jre.jar:/Users/jean-louis/.m2/repository/com/google/code/findbugs/jsr305/1.3.9/jsr305-1.3.9.jar:/Users/jean-louis/.m2/repository/org/checkerframework/checker-compat-qual/2.0.0/checker-compat-qual-2.0.0.jar:/Users/jean-louis/.m2/repository/com/google/errorprone/error_prone_annotations/2.1.3/error_prone_annotations-2.1.3.jar:/Users/jean-louis/.m2/repository/com/google/j2objc/j2objc-annotations/1.1/j2objc-annotations-1.1.jar:/Users/jean-louis/.m2/repository/org/codehaus/mojo/animal-sniffer-annotations/1.14/animal-sniffer-annotations-1.14.jar:/Users/jean-louis/.m2/repository/org/apache/httpcomponents/httpclient/4.5.5/httpclient-4.5.5.jar:/Users/jean-louis/.m2/repository/org/apache/httpcomponents/httpcore/4.4.9/httpcore-4.4.9.jar:/Users/jean-louis/.m2/repository/com/squareup/okhttp3/okhttp/3.10.0/okhttp-3.10.0.jar:/Users/jean-louis/.m2/repository/com/squareup/okio/okio/1.14.1/okio-1.14.1.jar:/Users/jean-louis/.m2/repository/com/beust/jcommander/1.72/jcommander-1.72.jar:/Users/jean-louis/.m2/repository/org/testng/testng/6.13.1/testng-6.13.1.jar:/Users/jean-louis/.m2/repository/junit/junit/4.13.2/junit-4.13.2.jar:/Users/jean-louis/.m2/repository/org/hamcrest/hamcrest-core/1.3/hamcrest-core-1.3.jar:/Users/jean-louis/.m2/repository/org/assertj/assertj-core/3.8.0/assertj-core-3.8.0.jar:/Users/jean-louis/.m2/repository/com/itextpdf/pdfocr-tesseract4/1.0.2/pdfocr-tesseract4-1.0.2.jar:/Users/jean-louis/.m2/repository/com/itextpdf/pdfocr-api/1.0.2/pdfocr-api-1.0.2.jar:/Users/jean-louis/.m2/repository/com/itextpdf/layout/7.1.13/layout-7.1.13.jar:/Users/jean-louis/.m2/repository/com/itextpdf/pdfa/7.1.13/pdfa-7.1.13.jar:/Users/jean-louis/.m2/repository/org/apache/commons/commons-imaging/1.0-alpha1/commons-imaging-1.0-alpha1.jar:/Users/jean-louis/.m2/repository/com/itextpdf/styled-xml-parser/7.1.13/styled-xml-parser-7.1.13.jar:/Users/jean-louis/.m2/repository/com/itextpdf/io/7.1.13/io-7.1.13.jar:/Users/jean-louis/.m2/repository/com/itextpdf/kernel/7.1.13/kernel-7.1.13.jar:/Users/jean-louis/.m2/repository/org/bouncycastle/bcpkix-jdk15on/1.64/bcpkix-jdk15on-1.64.jar:/Users/jean-louis/.m2/repository/org/bouncycastle/bcprov-jdk15on/1.64/bcprov-jdk15on-1.64.jar:/Users/jean-louis/.m2/repository/net/sourceforge/tess4j/tess4j/4.5.1/tess4j-4.5.1.jar:/Users/jean-louis/.m2/repository/net/java/dev/jna/jna/5.5.0/jna-5.5.0.jar:/Users/jean-louis/.m2/repository/com/github/jai-imageio/jai-imageio-core/1.4.0/jai-imageio-core-1.4.0.jar:/Users/jean-louis/.m2/repository/org/apache/pdfbox/pdfbox/2.0.18/pdfbox-2.0.18.jar:/Users/jean-louis/.m2/repository/org/apache/pdfbox/fontbox/2.0.18/fontbox-2.0.18.jar:/Users/jean-louis/.m2/repository/org/apache/pdfbox/pdfbox-tools/2.0.18/pdfbox-tools-2.0.18.jar:/Users/jean-louis/.m2/repository/org/apache/pdfbox/pdfbox-debugger/2.0.18/pdfbox-debugger-2.0.18.jar:/Users/jean-louis/.m2/repository/org/apache/pdfbox/jbig2-imageio/3.0.3/jbig2-imageio-3.0.3.jar:/Users/jean-louis/.m2/repository/commons-io/commons-io/2.6/commons-io-2.6.jar:/Users/jean-louis/.m2/repository/net/sourceforge/lept4j/lept4j/1.13.0/lept4j-1.13.0.jar:/Users/jean-louis/.m2/repository/org/jboss/jboss-vfs/3.2.15.Final/jboss-vfs-3.2.15.Final.jar:/Users/jean-louis/.m2/repository/org/jboss/logging/jboss-logging/3.1.4.GA/jboss-logging-3.1.4.GA.jar:/Users/jean-louis/.m2/repository/ch/qos/logback/logback-classic/1.2.3/logback-classic-1.2.3.jar:/Users/jean-louis/.m2/repository/ch/qos/logback/logback-core/1.2.3/logback-core-1.2.3.jar:/Users/jean-louis/.m2/repository/org/slf4j/jul-to-slf4j/1.7.30/jul-to-slf4j-1.7.30.jar:/Users/jean-louis/.m2/repository/org/slf4j/jcl-over-slf4j/1.7.30/jcl-over-slf4j-1.7.30.jar:/Users/jean-louis/.m2/repository/org/slf4j/slf4j-api/1.7.13/slf4j-api-1.7.13.jar:/Users/jean-louis/.m2/repository/org/sonarsource/scanner/maven/sonar-maven-plugin/3.8.0.2131/sonar-maven-plugin-3.8.0.2131.jar:/Users/jean-louis/.m2/repository/org/sonatype/plexus/plexus-sec-dispatcher/1.4/plexus-sec-dispatcher-1.4.jar:/Users/jean-louis/.m2/repository/org/sonatype/plexus/plexus-cipher/1.4/plexus-cipher-1.4.jar:/Users/jean-louis/.m2/repository/org/codehaus/plexus/plexus-utils/3.2.1/plexus-utils-3.2.1.jar:/Users/jean-louis/.m2/repository/org/sonarsource/scanner/api/sonar-scanner-api/2.16.0.226/sonar-scanner-api-2.16.0.226.jar:/Users/jean-louis/.m2/repository/commons-lang/commons-lang/2.6/commons-lang-2.6.jar:/Users/jean-louis/.m2/repository/org/awaitility/awaitility/4.0.0/awaitility-4.0.0.jar:/Users/jean-louis/.m2/repository/org/hamcrest/hamcrest/2.1/hamcrest-2.1.jar:/Users/jean-louis/.m2/repository/org/objenesis/objenesis/2.6/objenesis-2.6.jar:/Users/jean-louis/.m2/repository/org/apache/maven/plugins/maven-compiler-plugin/3.8.1/maven-compiler-plugin-3.8.1.jar:/Users/jean-louis/.m2/repository/org/apache/maven/maven-plugin-api/3.0/maven-plugin-api-3.0.jar:/Users/jean-louis/.m2/repository/org/apache/maven/maven-model/3.0/maven-model-3.0.jar:/Users/jean-louis/.m2/repository/org/sonatype/sisu/sisu-inject-plexus/1.4.2/sisu-inject-plexus-1.4.2.jar:/Users/jean-louis/.m2/repository/org/sonatype/sisu/sisu-inject-bean/1.4.2/sisu-inject-bean-1.4.2.jar:/Users/jean-louis/.m2/repository/org/sonatype/sisu/sisu-guice/2.1.7/sisu-guice-2.1.7-noaop.jar:/Users/jean-louis/.m2/repository/org/apache/maven/maven-artifact/3.0/maven-artifact-3.0.jar:/Users/jean-louis/.m2/repository/org/apache/maven/maven-core/3.0/maven-core-3.0.jar:/Users/jean-louis/.m2/repository/org/apache/maven/maven-settings/3.0/maven-settings-3.0.jar:/Users/jean-louis/.m2/repository/org/apache/maven/maven-settings-builder/3.0/maven-settings-builder-3.0.jar:/Users/jean-louis/.m2/repository/org/apache/maven/maven-repository-metadata/3.0/maven-repository-metadata-3.0.jar:/Users/jean-louis/.m2/repository/org/apache/maven/maven-model-builder/3.0/maven-model-builder-3.0.jar:/Users/jean-louis/.m2/repository/org/apache/maven/maven-aether-provider/3.0/maven-aether-provider-3.0.jar:/Users/jean-louis/.m2/repository/org/sonatype/aether/aether-impl/1.7/aether-impl-1.7.jar:/Users/jean-louis/.m2/repository/org/sonatype/aether/aether-spi/1.7/aether-spi-1.7.jar:/Users/jean-louis/.m2/repository/org/sonatype/aether/aether-api/1.7/aether-api-1.7.jar:/Users/jean-louis/.m2/repository/org/sonatype/aether/aether-util/1.7/aether-util-1.7.jar:/Users/jean-louis/.m2/repository/org/codehaus/plexus/plexus-interpolation/1.14/plexus-interpolation-1.14.jar:/Users/jean-louis/.m2/repository/org/codehaus/plexus/plexus-classworlds/2.2.3/plexus-classworlds-2.2.3.jar:/Users/jean-louis/.m2/repository/org/codehaus/plexus/plexus-component-annotations/1.5.5/plexus-component-annotations-1.5.5.jar:/Users/jean-louis/.m2/repository/org/apache/maven/shared/maven-shared-utils/3.2.1/maven-shared-utils-3.2.1.jar:/Users/jean-louis/.m2/repository/org/apache/maven/shared/maven-shared-incremental/1.1/maven-shared-incremental-1.1.jar:/Users/jean-louis/.m2/repository/org/codehaus/plexus/plexus-java/0.9.10/plexus-java-0.9.10.jar:/Users/jean-louis/.m2/repository/org/ow2/asm/asm/6.2/asm-6.2.jar:/Users/jean-louis/.m2/repository/com/thoughtworks/qdox/qdox/2.0-M8/qdox-2.0-M8.jar:/Users/jean-louis/.m2/repository/org/codehaus/plexus/plexus-compiler-api/2.8.4/plexus-compiler-api-2.8.4.jar:/Users/jean-louis/.m2/repository/org/codehaus/plexus/plexus-compiler-manager/2.8.4/plexus-compiler-manager-2.8.4.jar:/Users/jean-louis/.m2/repository/org/codehaus/plexus/plexus-compiler-javac/2.8.4/plexus-compiler-javac-2.8.4.jar:)" type="java.lang.UnsatisfiedLinkError">
      <![CDATA[java.lang.UnsatisfiedLinkError: Unable to load library 'tesseract':dlopen(libtesseract.dylib, 9): image not founddlopen(libtesseract.dylib, 9): image not foundNative library (darwin/libtesseract.dylib) not found in resource path (/Users/jean-louis/Desktop/AccessibleTodoList_End2endTests/target/test-classes:/Users/jean-louis/Desktop/AccessibleTodoList_End2endTests/target/classes:/Users/jean-louis/.m2/repository/org/seleniumhq/selenium/selenium-java/3.13.0/selenium-java-3.13.0.jar:/Users/jean-louis/.m2/repository/org/seleniumhq/selenium/selenium-api/3.13.0/selenium-api-3.13.0.jar:/Users/jean-louis/.m2/repository/org/seleniumhq/selenium/selenium-chrome-driver/3.13.0/selenium-chrome-driver-3.13.0.jar:/Users/jean-louis/.m2/repository/org/seleniumhq/selenium/selenium-edge-driver/3.13.0/selenium-edge-driver-3.13.0.jar:/Users/jean-louis/.m2/repository/org/seleniumhq/selenium/selenium-firefox-driver/3.13.0/selenium-firefox-driver-3.13.0.jar:/Users/jean-louis/.m2/repository/org/seleniumhq/selenium/selenium-ie-driver/3.13.0/selenium-ie-driver-3.13.0.jar:/Users/jean-louis/.m2/repository/org/seleniumhq/selenium/selenium-opera-driver/3.13.0/selenium-opera-driver-3.13.0.jar:/Users/jean-louis/.m2/repository/org/seleniumhq/selenium/selenium-remote-driver/3.13.0/selenium-remote-driver-3.13.0.jar:/Users/jean-louis/.m2/repository/org/seleniumhq/selenium/selenium-safari-driver/3.13.0/selenium-safari-driver-3.13.0.jar:/Users/jean-louis/.m2/repository/org/seleniumhq/selenium/selenium-support/3.13.0/selenium-support-3.13.0.jar:/Users/jean-louis/.m2/repository/net/bytebuddy/byte-buddy/1.8.3/byte-buddy-1.8.3.jar:/Users/jean-louis/.m2/repository/org/apache/commons/commons-exec/1.3/commons-exec-1.3.jar:/Users/jean-louis/.m2/repository/commons-codec/commons-codec/1.10/commons-codec-1.10.jar:/Users/jean-louis/.m2/repository/commons-logging/commons-logging/1.2/commons-logging-1.2.jar:/Users/jean-louis/.m2/repository/com/google/code/gson/gson/2.8.4/gson-2.8.4.jar:/Users/jean-louis/.m2/repository/com/google/guava/guava/25.0-jre/guava-25.0-jre.jar:/Users/jean-louis/.m2/repository/com/google/code/findbugs/jsr305/1.3.9/jsr305-1.3.9.jar:/Users/jean-louis/.m2/repository/org/checkerframework/checker-compat-qual/2.0.0/checker-compat-qual-2.0.0.jar:/Users/jean-louis/.m2/repository/com/google/errorprone/error_prone_annotations/2.1.3/error_prone_annotations-2.1.3.jar:/Users/jean-louis/.m2/repository/com/google/j2objc/j2objc-annotations/1.1/j2objc-annotations-1.1.jar:/Users/jean-louis/.m2/repository/org/codehaus/mojo/animal-sniffer-annotations/1.14/animal-sniffer-annotations-1.14.jar:/Users/jean-louis/.m2/repository/org/apache/httpcomponents/httpclient/4.5.5/httpclient-4.5.5.jar:/Users/jean-louis/.m2/repository/org/apache/httpcomponents/httpcore/4.4.9/httpcore-4.4.9.jar:/Users/jean-louis/.m2/repository/com/squareup/okhttp3/okhttp/3.10.0/okhttp-3.10.0.jar:/Users/jean-louis/.m2/repository/com/squareup/okio/okio/1.14.1/okio-1.14.1.jar:/Users/jean-louis/.m2/repository/com/beust/jcommander/1.72/jcommander-1.72.jar:/Users/jean-louis/.m2/repository/org/testng/testng/6.13.1/testng-6.13.1.jar:/Users/jean-louis/.m2/repository/junit/junit/4.13.2/junit-4.13.2.jar:/Users/jean-louis/.m2/repository/org/hamcrest/hamcrest-core/1.3/hamcrest-core-1.3.jar:/Users/jean-louis/.m2/repository/org/assertj/assertj-core/3.8.0/assertj-core-3.8.0.jar:/Users/jean-louis/.m2/repository/com/itextpdf/pdfocr-tesseract4/1.0.2/pdfocr-tesseract4-1.0.2.jar:/Users/jean-louis/.m2/repository/com/itextpdf/pdfocr-api/1.0.2/pdfocr-api-1.0.2.jar:/Users/jean-louis/.m2/repository/com/itextpdf/layout/7.1.13/layout-7.1.13.jar:/Users/jean-louis/.m2/repository/com/itextpdf/pdfa/7.1.13/pdfa-7.1.13.jar:/Users/jean-louis/.m2/repository/org/apache/commons/commons-imaging/1.0-alpha1/commons-imaging-1.0-alpha1.jar:/Users/jean-louis/.m2/repository/com/itextpdf/styled-xml-parser/7.1.13/styled-xml-parser-7.1.13.jar:/Users/jean-louis/.m2/repository/com/itextpdf/io/7.1.13/io-7.1.13.jar:/Users/jean-louis/.m2/repository/com/itextpdf/kernel/7.1.13/kernel-7.1.13.jar:/Users/jean-louis/.m2/repository/org/bouncycastle/bcpkix-jdk15on/1.64/bcpkix-jdk15on-1.64.jar:/Users/jean-louis/.m2/repository/org/bouncycastle/bcprov-jdk15on/1.64/bcprov-jdk15on-1.64.jar:/Users/jean-louis/.m2/repository/net/sourceforge/tess4j/tess4j/4.5.1/tess4j-4.5.1.jar:/Users/jean-louis/.m2/repository/net/java/dev/jna/jna/5.5.0/jna-5.5.0.jar:/Users/jean-louis/.m2/repository/com/github/jai-imageio/jai-imageio-core/1.4.0/jai-imageio-core-1.4.0.jar:/Users/jean-louis/.m2/repository/org/apache/pdfbox/pdfbox/2.0.18/pdfbox-2.0.18.jar:/Users/jean-louis/.m2/repository/org/apache/pdfbox/fontbox/2.0.18/fontbox-2.0.18.jar:/Users/jean-louis/.m2/repository/org/apache/pdfbox/pdfbox-tools/2.0.18/pdfbox-tools-2.0.18.jar:/Users/jean-louis/.m2/repository/org/apache/pdfbox/pdfbox-debugger/2.0.18/pdfbox-debugger-2.0.18.jar:/Users/jean-louis/.m2/repository/org/apache/pdfbox/jbig2-imageio/3.0.3/jbig2-imageio-3.0.3.jar:/Users/jean-louis/.m2/repository/commons-io/commons-io/2.6/commons-io-2.6.jar:/Users/jean-louis/.m2/repository/net/sourceforge/lept4j/lept4j/1.13.0/lept4j-1.13.0.jar:/Users/jean-louis/.m2/repository/org/jboss/jboss-vfs/3.2.15.Final/jboss-vfs-3.2.15.Final.jar:/Users/jean-louis/.m2/repository/org/jboss/logging/jboss-logging/3.1.4.GA/jboss-logging-3.1.4.GA.jar:/Users/jean-louis/.m2/repository/ch/qos/logback/logback-classic/1.2.3/logback-classic-1.2.3.jar:/Users/jean-louis/.m2/repository/ch/qos/logback/logback-core/1.2.3/logback-core-1.2.3.jar:/Users/jean-louis/.m2/repository/org/slf4j/jul-to-slf4j/1.7.30/jul-to-slf4j-1.7.30.jar:/Users/jean-louis/.m2/repository/org/slf4j/jcl-over-slf4j/1.7.30/jcl-over-slf4j-1.7.30.jar:/Users/jean-louis/.m2/repository/org/slf4j/slf4j-api/1.7.13/slf4j-api-1.7.13.jar:/Users/jean-louis/.m2/repository/org/sonarsource/scanner/maven/sonar-maven-plugin/3.8.0.2131/sonar-maven-plugin-3.8.0.2131.jar:/Users/jean-louis/.m2/repository/org/sonatype/plexus/plexus-sec-dispatcher/1.4/plexus-sec-dispatcher-1.4.jar:/Users/jean-louis/.m2/repository/org/sonatype/plexus/plexus-cipher/1.4/plexus-cipher-1.4.jar:/Users/jean-louis/.m2/repository/org/codehaus/plexus/plexus-utils/3.2.1/plexus-utils-3.2.1.jar:/Users/jean-louis/.m2/repository/org/sonarsource/scanner/api/sonar-scanner-api/2.16.0.226/sonar-scanner-api-2.16.0.226.jar:/Users/jean-louis/.m2/repository/commons-lang/commons-lang/2.6/commons-lang-2.6.jar:/Users/jean-louis/.m2/repository/org/awaitility/awaitility/4.0.0/awaitility-4.0.0.jar:/Users/jean-louis/.m2/repository/org/hamcrest/hamcrest/2.1/hamcrest-2.1.jar:/Users/jean-louis/.m2/repository/org/objenesis/objenesis/2.6/objenesis-2.6.jar:/Users/jean-louis/.m2/repository/org/apache/maven/plugins/maven-compiler-plugin/3.8.1/maven-compiler-plugin-3.8.1.jar:/Users/jean-louis/.m2/repository/org/apache/maven/maven-plugin-api/3.0/maven-plugin-api-3.0.jar:/Users/jean-louis/.m2/repository/org/apache/maven/maven-model/3.0/maven-model-3.0.jar:/Users/jean-louis/.m2/repository/org/sonatype/sisu/sisu-inject-plexus/1.4.2/sisu-inject-plexus-1.4.2.jar:/Users/jean-louis/.m2/repository/org/sonatype/sisu/sisu-inject-bean/1.4.2/sisu-inject-bean-1.4.2.jar:/Users/jean-louis/.m2/repository/org/sonatype/sisu/sisu-guice/2.1.7/sisu-guice-2.1.7-noaop.jar:/Users/jean-louis/.m2/repository/org/apache/maven/maven-artifact/3.0/maven-artifact-3.0.jar:/Users/jean-louis/.m2/repository/org/apache/maven/maven-core/3.0/maven-core-3.0.jar:/Users/jean-louis/.m2/repository/org/apache/maven/maven-settings/3.0/maven-settings-3.0.jar:/Users/jean-louis/.m2/repository/org/apache/maven/maven-settings-builder/3.0/maven-settings-builder-3.0.jar:/Users/jean-louis/.m2/repository/org/apache/maven/maven-repository-metadata/3.0/maven-repository-metadata-3.0.jar:/Users/jean-louis/.m2/repository/org/apache/maven/maven-model-builder/3.0/maven-model-builder-3.0.jar:/Users/jean-louis/.m2/repository/org/apache/maven/maven-aether-provider/3.0/maven-aether-provider-3.0.jar:/Users/jean-louis/.m2/repository/org/sonatype/aether/aether-impl/1.7/aether-impl-1.7.jar:/Users/jean-louis/.m2/repository/org/sonatype/aether/aether-spi/1.7/aether-spi-1.7.jar:/Users/jean-louis/.m2/repository/org/sonatype/aether/aether-api/1.7/aether-api-1.7.jar:/Users/jean-louis/.m2/repository/org/sonatype/aether/aether-util/1.7/aether-util-1.7.jar:/Users/jean-louis/.m2/repository/org/codehaus/plexus/plexus-interpolation/1.14/plexus-interpolation-1.14.jar:/Users/jean-louis/.m2/repository/org/codehaus/plexus/plexus-classworlds/2.2.3/plexus-classworlds-2.2.3.jar:/Users/jean-louis/.m2/repository/org/codehaus/plexus/plexus-component-annotations/1.5.5/plexus-component-annotations-1.5.5.jar:/Users/jean-louis/.m2/repository/org/apache/maven/shared/maven-shared-utils/3.2.1/maven-shared-utils-3.2.1.jar:/Users/jean-louis/.m2/repository/org/apache/maven/shared/maven-shared-incremental/1.1/maven-shared-incremental-1.1.jar:/Users/jean-louis/.m2/repository/org/codehaus/plexus/plexus-java/0.9.10/plexus-java-0.9.10.jar:/Users/jean-louis/.m2/repository/org/ow2/asm/asm/6.2/asm-6.2.jar:/Users/jean-louis/.m2/repository/com/thoughtworks/qdox/qdox/2.0-M8/qdox-2.0-M8.jar:/Users/jean-louis/.m2/repository/org/codehaus/plexus/plexus-compiler-api/2.8.4/plexus-compiler-api-2.8.4.jar:/Users/jean-louis/.m2/repository/org/codehaus/plexus/plexus-compiler-manager/2.8.4/plexus-compiler-manager-2.8.4.jar:/Users/jean-louis/.m2/repository/org/codehaus/plexus/plexus-compiler-javac/2.8.4/plexus-compiler-javac-2.8.4.jar:)at com.sun.jna.NativeLibrary.loadLibrary(NativeLibrary.java:302)at com.sun.jna.NativeLibrary.getInstance(NativeLibrary.java:455)at com.sun.jna.Library$Handler.<init>(Library.java:192)at com.sun.jna.Native.loadLibrary(Native.java:646)at com.sun.jna.Native.loadLibrary(Native.java:630)at net.sourceforge.tess4j.util.LoadLibs.getTessAPIInstance(LoadLibs.java:85)at net.sourceforge.tess4j.TessAPI.<clinit>(TessAPI.java:42)at net.sourceforge.tess4j.Tesseract.init(Tesseract.java:427)at net.sourceforge.tess4j.Tesseract.doOCR(Tesseract.java:223)at net.sourceforge.tess4j.Tesseract.doOCR(Tesseract.java:195)at jl.project.ChromeTests.UserRequirement3_Test.hideAndDisplayItem(UserRequirement3_Test.java:117)at java.base/jdk.internal.reflect.NativeMethodAccessorImpl.invoke0(Native Method)at java.base/jdk.internal.reflect.NativeMethodAccessorImpl.invoke(NativeMethodAccessorImpl.java:62)at java.base/jdk.internal.reflect.DelegatingMethodAccessorImpl.invoke(DelegatingMethodAccessorImpl.java:43)at java.base/java.lang.reflect.Method.invoke(Method.java:566)at org.testng.internal.MethodInvocationHelper.invokeMethod(MethodInvocationHelper.java:124)at org.testng.internal.Invoker.invokeMethod(Invoker.java:571)at org.testng.internal.Invoker.invokeTestMethod(Invoker.java:707)at org.testng.internal.Invoker.invokeTestMethods(Invoker.java:979)at org.testng.internal.TestMethodWorker.invokeTestMethods(TestMethodWorker.java:125)at org.testng.internal.TestMethodWorker.run(TestMethodWorker.java:109)at org.testng.TestRunner.privateRun(TestRunner.java:648)at org.testng.TestRunner.run(TestRunner.java:505)at org.testng.SuiteRunner.runTest(SuiteRunner.java:455)at org.testng.SuiteRunner.runSequentially(SuiteRunner.java:450)at org.testng.SuiteRunner.privateRun(SuiteRunner.java:415)at org.testng.SuiteRunner.run(SuiteRunner.java:364)at org.testng.SuiteRunnerWorker.runSuite(SuiteRunnerWorker.java:52)at org.testng.SuiteRunnerWorker.run(SuiteRunnerWorker.java:84)at org.testng.TestNG.runSuitesSequentially(TestNG.java:1187)at org.testng.TestNG.runSuitesLocally(TestNG.java:1116)at org.testng.TestNG.runSuites(TestNG.java:1028)at org.testng.TestNG.run(TestNG.java:996)at org.apache.maven.surefire.testng.TestNGExecutor.run(TestNGExecutor.java:283)at org.apache.maven.surefire.testng.TestNGXmlTestSuite.execute(TestNGXmlTestSuite.java:75)at org.apache.maven.surefire.testng.TestNGProvider.invoke(TestNGProvider.java:120)at org.apache.maven.surefire.booter.ForkedBooter.invokeProviderInSameClassLoader(ForkedBooter.java:384)at org.apache.maven.surefire.booter.ForkedBooter.runSuitesInProcess(ForkedBooter.java:345)at org.apache.maven.surefire.booter.ForkedBooter.execute(ForkedBooter.java:126)at org.apache.maven.surefire.booter.ForkedBooter.main(ForkedBooter.java:418)Suppressed: java.lang.UnsatisfiedLinkError: dlopen(libtesseract.dylib, 9): image not foundat com.sun.jna.Native.open(Native Method)at com.sun.jna.NativeLibrary.loadLibrary(NativeLibrary.java:191)... 39 moreSuppressed: java.lang.UnsatisfiedLinkError: dlopen(libtesseract.dylib, 9): image not foundat com.sun.jna.Native.open(Native Method)at com.sun.jna.NativeLibrary.loadLibrary(NativeLibrary.java:204)... 39 moreSuppressed: java.io.IOException: Native library (darwin/libtesseract.dylib) not found in resource path (/Users/jean-louis/Desktop/AccessibleTodoList_End2endTests/target/test-classes:/Users/jean-louis/Desktop/AccessibleTodoList_End2endTests/target/classes:/Users/jean-louis/.m2/repository/org/seleniumhq/selenium/selenium-java/3.13.0/selenium-java-3.13.0.jar:/Users/jean-louis/.m2/repository/org/seleniumhq/selenium/selenium-api/3.13.0/selenium-api-3.13.0.jar:/Users/jean-louis/.m2/repository/org/seleniumhq/selenium/selenium-chrome-driver/3.13.0/selenium-chrome-driver-3.13.0.jar:/Users/jean-louis/.m2/repository/org/seleniumhq/selenium/selenium-edge-driver/3.13.0/selenium-edge-driver-3.13.0.jar:/Users/jean-louis/.m2/repository/org/seleniumhq/selenium/selenium-firefox-driver/3.13.0/selenium-firefox-driver-3.13.0.jar:/Users/jean-louis/.m2/repository/org/seleniumhq/selenium/selenium-ie-driver/3.13.0/selenium-ie-driver-3.13.0.jar:/Users/jean-louis/.m2/repository/org/seleniumhq/selenium/selenium-opera-driver/3.13.0/selenium-opera-driver-3.13.0.jar:/Users/jean-louis/.m2/repository/org/seleniumhq/selenium/selenium-remote-driver/3.13.0/selenium-remote-driver-3.13.0.jar:/Users/jean-louis/.m2/repository/org/seleniumhq/selenium/selenium-safari-driver/3.13.0/selenium-safari-driver-3.13.0.jar:/Users/jean-louis/.m2/repository/org/seleniumhq/selenium/selenium-support/3.13.0/selenium-support-3.13.0.jar:/Users/jean-louis/.m2/repository/net/bytebuddy/byte-buddy/1.8.3/byte-buddy-1.8.3.jar:/Users/jean-louis/.m2/repository/org/apache/commons/commons-exec/1.3/commons-exec-1.3.jar:/Users/jean-louis/.m2/repository/commons-codec/commons-codec/1.10/commons-codec-1.10.jar:/Users/jean-louis/.m2/repository/commons-logging/commons-logging/1.2/commons-logging-1.2.jar:/Users/jean-louis/.m2/repository/com/google/code/gson/gson/2.8.4/gson-2.8.4.jar:/Users/jean-louis/.m2/repository/com/google/guava/guava/25.0-jre/guava-25.0-jre.jar:/Users/jean-louis/.m2/repository/com/google/code/findbugs/jsr305/1.3.9/jsr305-1.3.9.jar:/Users/jean-louis/.m2/repository/org/checkerframework/checker-compat-qual/2.0.0/checker-compat-qual-2.0.0.jar:/Users/jean-louis/.m2/repository/com/google/errorprone/error_prone_annotations/2.1.3/error_prone_annotations-2.1.3.jar:/Users/jean-louis/.m2/repository/com/google/j2objc/j2objc-annotations/1.1/j2objc-annotations-1.1.jar:/Users/jean-louis/.m2/repository/org/codehaus/mojo/animal-sniffer-annotations/1.14/animal-sniffer-annotations-1.14.jar:/Users/jean-louis/.m2/repository/org/apache/httpcomponents/httpclient/4.5.5/httpclient-4.5.5.jar:/Users/jean-louis/.m2/repository/org/apache/httpcomponents/httpcore/4.4.9/httpcore-4.4.9.jar:/Users/jean-louis/.m2/repository/com/squareup/okhttp3/okhttp/3.10.0/okhttp-3.10.0.jar:/Users/jean-louis/.m2/repository/com/squareup/okio/okio/1.14.1/okio-1.14.1.jar:/Users/jean-louis/.m2/repository/com/beust/jcommander/1.72/jcommander-1.72.jar:/Users/jean-louis/.m2/repository/org/testng/testng/6.13.1/testng-6.13.1.jar:/Users/jean-louis/.m2/repository/junit/junit/4.13.2/junit-4.13.2.jar:/Users/jean-louis/.m2/repository/org/hamcrest/hamcrest-core/1.3/hamcrest-core-1.3.jar:/Users/jean-louis/.m2/repository/org/assertj/assertj-core/3.8.0/assertj-core-3.8.0.jar:/Users/jean-louis/.m2/repository/com/itextpdf/pdfocr-tesseract4/1.0.2/pdfocr-tesseract4-1.0.2.jar:/Users/jean-louis/.m2/repository/com/itextpdf/pdfocr-api/1.0.2/pdfocr-api-1.0.2.jar:/Users/jean-louis/.m2/repository/com/itextpdf/layout/7.1.13/layout-7.1.13.jar:/Users/jean-louis/.m2/repository/com/itextpdf/pdfa/7.1.13/pdfa-7.1.13.jar:/Users/jean-louis/.m2/repository/org/apache/commons/commons-imaging/1.0-alpha1/commons-imaging-1.0-alpha1.jar:/Users/jean-louis/.m2/repository/com/itextpdf/styled-xml-parser/7.1.13/styled-xml-parser-7.1.13.jar:/Users/jean-louis/.m2/repository/com/itextpdf/io/7.1.13/io-7.1.13.jar:/Users/jean-louis/.m2/repository/com/itextpdf/kernel/7.1.13/kernel-7.1.13.jar:/Users/jean-louis/.m2/repository/org/bouncycastle/bcpkix-jdk15on/1.64/bcpkix-jdk15on-1.64.jar:/Users/jean-louis/.m2/repository/org/bouncycastle/bcprov-jdk15on/1.64/bcprov-jdk15on-1.64.jar:/Users/jean-louis/.m2/repository/net/sourceforge/tess4j/tess4j/4.5.1/tess4j-4.5.1.jar:/Users/jean-louis/.m2/repository/net/java/dev/jna/jna/5.5.0/jna-5.5.0.jar:/Users/jean-louis/.m2/repository/com/github/jai-imageio/jai-imageio-core/1.4.0/jai-imageio-core-1.4.0.jar:/Users/jean-louis/.m2/repository/org/apache/pdfbox/pdfbox/2.0.18/pdfbox-2.0.18.jar:/Users/jean-louis/.m2/repository/org/apache/pdfbox/fontbox/2.0.18/fontbox-2.0.18.jar:/Users/jean-louis/.m2/repository/org/apache/pdfbox/pdfbox-tools/2.0.18/pdfbox-tools-2.0.18.jar:/Users/jean-louis/.m2/repository/org/apache/pdfbox/pdfbox-debugger/2.0.18/pdfbox-debugger-2.0.18.jar:/Users/jean-louis/.m2/repository/org/apache/pdfbox/jbig2-imageio/3.0.3/jbig2-imageio-3.0.3.jar:/Users/jean-louis/.m2/repository/commons-io/commons-io/2.6/commons-io-2.6.jar:/Users/jean-louis/.m2/repository/net/sourceforge/lept4j/lept4j/1.13.0/lept4j-1.13.0.jar:/Users/jean-louis/.m2/repository/org/jboss/jboss-vfs/3.2.15.Final/jboss-vfs-3.2.15.Final.jar:/Users/jean-louis/.m2/repository/org/jboss/logging/jboss-logging/3.1.4.GA/jboss-logging-3.1.4.GA.jar:/Users/jean-louis/.m2/repository/ch/qos/logback/logback-classic/1.2.3/logback-classic-1.2.3.jar:/Users/jean-louis/.m2/repository/ch/qos/logback/logback-core/1.2.3/logback-core-1.2.3.jar:/Users/jean-louis/.m2/repository/org/slf4j/jul-to-slf4j/1.7.30/jul-to-slf4j-1.7.30.jar:/Users/jean-louis/.m2/repository/org/slf4j/jcl-over-slf4j/1.7.30/jcl-over-slf4j-1.7.30.jar:/Users/jean-louis/.m2/repository/org/slf4j/slf4j-api/1.7.13/slf4j-api-1.7.13.jar:/Users/jean-louis/.m2/repository/org/sonarsource/scanner/maven/sonar-maven-plugin/3.8.0.2131/sonar-maven-plugin-3.8.0.2131.jar:/Users/jean-louis/.m2/repository/org/sonatype/plexus/plexus-sec-dispatcher/1.4/plexus-sec-dispatcher-1.4.jar:/Users/jean-louis/.m2/repository/org/sonatype/plexus/plexus-cipher/1.4/plexus-cipher-1.4.jar:/Users/jean-louis/.m2/repository/org/codehaus/plexus/plexus-utils/3.2.1/plexus-utils-3.2.1.jar:/Users/jean-louis/.m2/repository/org/sonarsource/scanner/api/sonar-scanner-api/2.16.0.226/sonar-scanner-api-2.16.0.226.jar:/Users/jean-louis/.m2/repository/commons-lang/commons-lang/2.6/commons-lang-2.6.jar:/Users/jean-louis/.m2/repository/org/awaitility/awaitility/4.0.0/awaitility-4.0.0.jar:/Users/jean-louis/.m2/repository/org/hamcrest/hamcrest/2.1/hamcrest-2.1.jar:/Users/jean-louis/.m2/repository/org/objenesis/objenesis/2.6/objenesis-2.6.jar:/Users/jean-louis/.m2/repository/org/apache/maven/plugins/maven-compiler-plugin/3.8.1/maven-compiler-plugin-3.8.1.jar:/Users/jean-louis/.m2/repository/org/apache/maven/maven-plugin-api/3.0/maven-plugin-api-3.0.jar:/Users/jean-louis/.m2/repository/org/apache/maven/maven-model/3.0/maven-model-3.0.jar:/Users/jean-louis/.m2/repository/org/sonatype/sisu/sisu-inject-plexus/1.4.2/sisu-inject-plexus-1.4.2.jar:/Users/jean-louis/.m2/repository/org/sonatype/sisu/sisu-inject-bean/1.4.2/sisu-inject-bean-1.4.2.jar:/Users/jean-louis/.m2/repository/org/sonatype/sisu/sisu-guice/2.1.7/sisu-guice-2.1.7-noaop.jar:/Users/jean-louis/.m2/repository/org/apache/maven/maven-artifact/3.0/maven-artifact-3.0.jar:/Users/jean-louis/.m2/repository/org/apache/maven/maven-core/3.0/maven-core-3.0.jar:/Users/jean-louis/.m2/repository/org/apache/maven/maven-settings/3.0/maven-settings-3.0.jar:/Users/jean-louis/.m2/repository/org/apache/maven/maven-settings-builder/3.0/maven-settings-builder-3.0.jar:/Users/jean-louis/.m2/repository/org/apache/maven/maven-repository-metadata/3.0/maven-repository-metadata-3.0.jar:/Users/jean-louis/.m2/repository/org/apache/maven/maven-model-builder/3.0/maven-model-builder-3.0.jar:/Users/jean-louis/.m2/repository/org/apache/maven/maven-aether-provider/3.0/maven-aether-provider-3.0.jar:/Users/jean-louis/.m2/repository/org/sonatype/aether/aether-impl/1.7/aether-impl-1.7.jar:/Users/jean-louis/.m2/repository/org/sonatype/aether/aether-spi/1.7/aether-spi-1.7.jar:/Users/jean-louis/.m2/repository/org/sonatype/aether/aether-api/1.7/aether-api-1.7.jar:/Users/jean-louis/.m2/repository/org/sonatype/aether/aether-util/1.7/aether-util-1.7.jar:/Users/jean-louis/.m2/repository/org/codehaus/plexus/plexus-interpolation/1.14/plexus-interpolation-1.14.jar:/Users/jean-louis/.m2/repository/org/codehaus/plexus/plexus-classworlds/2.2.3/plexus-classworlds-2.2.3.jar:/Users/jean-louis/.m2/repository/org/codehaus/plexus/plexus-component-annotations/1.5.5/plexus-component-annotations-1.5.5.jar:/Users/jean-louis/.m2/repository/org/apache/maven/shared/maven-shared-utils/3.2.1/maven-shared-utils-3.2.1.jar:/Users/jean-louis/.m2/repository/org/apache/maven/shared/maven-shared-incremental/1.1/maven-shared-incremental-1.1.jar:/Users/jean-louis/.m2/repository/org/codehaus/plexus/plexus-java/0.9.10/plexus-java-0.9.10.jar:/Users/jean-louis/.m2/repository/org/ow2/asm/asm/6.2/asm-6.2.jar:/Users/jean-louis/.m2/repository/com/thoughtworks/qdox/qdox/2.0-M8/qdox-2.0-M8.jar:/Users/jean-louis/.m2/repository/org/codehaus/plexus/plexus-compiler-api/2.8.4/plexus-compiler-api-2.8.4.jar:/Users/jean-louis/.m2/repository/org/codehaus/plexus/plexus-compiler-manager/2.8.4/plexus-compiler-manager-2.8.4.jar:/Users/jean-louis/.m2/repository/org/codehaus/plexus/plexus-compiler-javac/2.8.4/plexus-compiler-javac-2.8.4.jar:)at com.sun.jna.Native.extractFromResourcePath(Native.java:1095)at com.sun.jna.NativeLibrary.loadLibrary(NativeLibrary.java:276)... 39 more]]>
    </error>
  </testcase> <!-- hideAndDisplayItem -->
</testsuite> <!-- jl.project.ChromeTests.UserRequirement3_Test -->
