<?xml version="1.0" encoding="UTF-8"?>
<!-- Generated by org.testng.reporters.JUnitReportReporter -->
<testsuite hostname="jl-Ubuntu" failures="0" tests="3" name="jl.project.EdgeTests.UserRequirement4_2_Test" time="91.263" errors="0" timestamp="04 Apr 2021 09:17:33 GMT" skipped="0">
  <testcase classname="jl.project.EdgeTests.UserRequirement4_2_Test" name="HideAndDisplayItemsWithKeyboardOnly_SpaceKey" time="49.390"/>
  <testcase classname="jl.project.EdgeTests.UserRequirement4_2_Test" name="createAndDeleteACategoryWithKeyboardOnly_SpaceKey" time="23.623"/>
  <testcase classname="jl.project.EdgeTests.UserRequirement4_2_Test" name="createAndDeleteItemWithKeyboardOnly_SpaceKey" time="18.250"/>
</testsuite> <!-- jl.project.EdgeTests.UserRequirement4_2_Test -->
