<?xml version="1.0" encoding="UTF-8"?>
<!-- Generated by org.testng.reporters.JUnitReportReporter -->
<testsuite hostname="DESKTOP-CL5VKH3" failures="0" tests="3" name="jl.project.edgetests.UserRequirement4_2_Test" time="154.681" errors="0" timestamp="14 Apr 2021 13:04:17 GMT" skipped="0">
  <testcase classname="jl.project.edgetests.UserRequirement4_2_Test" name="HideAndDisplayItemsWithKeyboardOnly_SpaceKey" time="93.710"/>
  <testcase classname="jl.project.edgetests.UserRequirement4_2_Test" name="createAndDeleteACategoryWithKeyboardOnly_SpaceKey" time="29.740"/>
  <testcase classname="jl.project.edgetests.UserRequirement4_2_Test" name="createAndDeleteItemWithKeyboardOnly_SpaceKey" time="31.231"/>
</testsuite> <!-- jl.project.edgetests.UserRequirement4_2_Test -->
