<?xml version="1.0" encoding="UTF-8"?>
<!-- Generated by org.testng.reporters.JUnitReportReporter -->
<testsuite hostname="jl-Ubuntu" failures="0" tests="2" name="jl.project.EdgeTests.UserRequirement2_Test" time="18.511" errors="0" timestamp="06 Apr 2021 00:39:03 GMT" skipped="0">
  <testcase classname="jl.project.EdgeTests.UserRequirement2_Test" name="createItem" time="9.372"/>
  <testcase classname="jl.project.EdgeTests.UserRequirement2_Test" name="deleteItem" time="9.139"/>
</testsuite> <!-- jl.project.EdgeTests.UserRequirement2_Test -->
