<?xml version="1.0" encoding="UTF-8"?>
<!-- Generated by org.testng.reporters.JUnitReportReporter -->
<testsuite hostname="mm.home" failures="0" tests="2" name="jl.project.EdgeTests.UserRequirement1_Test" time="9.895" errors="0" timestamp="04 Apr 2021 02:33:29 GMT" skipped="0">
  <testcase classname="jl.project.EdgeTests.UserRequirement1_Test" name="createCategory" time="4.476"/>
  <testcase classname="jl.project.EdgeTests.UserRequirement1_Test" name="deleteCategory" time="5.419"/>
</testsuite> <!-- jl.project.EdgeTests.UserRequirement1_Test -->
