<?xml version="1.0" encoding="UTF-8"?>
<!-- Generated by org.testng.reporters.JUnitReportReporter -->
<testsuite hostname="DESKTOP-CL5VKH3" failures="0" tests="3" name="jl.project.chrometests.UserRequirement4_1_Test" time="119.572" errors="0" timestamp="14 Apr 2021 13:04:17 GMT" skipped="0">
  <testcase classname="jl.project.chrometests.UserRequirement4_1_Test" name="HideAndDisplayItemsWithKeyboardOnly_EnterKey" time="59.872"/>
  <testcase classname="jl.project.chrometests.UserRequirement4_1_Test" name="createAndDeleteItemWithKeyboardOnly_EnterKey" time="32.926"/>
  <testcase classname="jl.project.chrometests.UserRequirement4_1_Test" name="createAndDeleteACategoryWithKeyboardOnly_EnterKey" time="26.774"/>
</testsuite> <!-- jl.project.chrometests.UserRequirement4_1_Test -->
