<?xml version="1.0" encoding="UTF-8"?>
<!-- Generated by org.testng.reporters.JUnitReportReporter -->
<testsuite hostname="jl-Ubuntu" failures="0" tests="3" name="jl.project.ChromeTests.UserRequirement4_2_Test" time="89.314" errors="0" timestamp="30 Mar 2021 14:53:04 GMT" skipped="0">
  <testcase classname="jl.project.ChromeTests.UserRequirement4_2_Test" name="HideAndDisplayItemsWithKeyboardOnly_SpaceKey" time="50.007"/>
  <testcase classname="jl.project.ChromeTests.UserRequirement4_2_Test" name="createAndDeleteItemWithKeyboardOnly_SpaceKey" time="18.170"/>
  <testcase classname="jl.project.ChromeTests.UserRequirement4_2_Test" name="createAndDeleteACategoryWithKeyboardOnly_SpaceKey" time="21.137"/>
</testsuite> <!-- jl.project.ChromeTests.UserRequirement4_2_Test -->
