<?xml version="1.0" encoding="UTF-8"?>
<!-- Generated by org.testng.reporters.JUnitReportReporter -->
<testsuite hostname="DESKTOP-CL5VKH3" failures="0" tests="2" name="jl.project.edgetests.UserRequirement2_Test" time="23.378" errors="0" timestamp="14 Apr 2021 13:04:17 GMT" skipped="0">
  <testcase classname="jl.project.edgetests.UserRequirement2_Test" name="deleteItem" time="12.168"/>
  <testcase classname="jl.project.edgetests.UserRequirement2_Test" name="createItem" time="11.210"/>
</testsuite> <!-- jl.project.edgetests.UserRequirement2_Test -->
