<?xml version="1.0" encoding="UTF-8"?>
<!-- Generated by org.testng.reporters.JUnitReportReporter -->
<testsuite hostname="jl-Ubuntu" failures="0" tests="1" name="jl.project.Pa11yTest.UserRequirement5_Pa11yTest" time="0.019" errors="0" timestamp="06 Apr 2021 00:56:06 GMT" skipped="0">
  <testcase classname="jl.project.Pa11yTest.UserRequirement5_Pa11yTest" name="pa11yTest" time="0.019"/>
</testsuite> <!-- jl.project.Pa11yTest.UserRequirement5_Pa11yTest -->
