<?xml version="1.0" encoding="UTF-8"?>
<!-- Generated by org.testng.reporters.JUnitReportReporter -->
<testsuite hostname="DESKTOP-CL5VKH3" failures="0" tests="3" name="jl.project.chrometests.UserRequirement4_2_Test" time="157.359" errors="0" timestamp="14 Apr 2021 13:04:17 GMT" skipped="0">
  <testcase classname="jl.project.chrometests.UserRequirement4_2_Test" name="HideAndDisplayItemsWithKeyboardOnly_SpaceKey" time="97.576"/>
  <testcase classname="jl.project.chrometests.UserRequirement4_2_Test" name="createAndDeleteItemWithKeyboardOnly_SpaceKey" time="35.003"/>
  <testcase classname="jl.project.chrometests.UserRequirement4_2_Test" name="createAndDeleteACategoryWithKeyboardOnly_SpaceKey" time="24.780"/>
</testsuite> <!-- jl.project.chrometests.UserRequirement4_2_Test -->
