<?xml version="1.0" encoding="UTF-8"?>
<!-- Generated by org.testng.reporters.JUnitReportReporter -->
<testsuite hostname="DESKTOP-CL5VKH3" failures="0" tests="2" name="jl.project._edgetests.UserRequirement2_Test" time="25.363" errors="0" timestamp="19 Apr 2021 10:10:39 GMT" skipped="0">
  <testcase classname="jl.project._edgetests.UserRequirement2_Test" name="deleteItem_UsingClicks" time="15.766"/>
  <testcase classname="jl.project._edgetests.UserRequirement2_Test" name="createItem" time="9.597"/>
</testsuite> <!-- jl.project._edgetests.UserRequirement2_Test -->
