<?xml version="1.0" encoding="UTF-8"?>
<!-- Generated by org.testng.reporters.JUnitReportReporter -->
<testsuite hostname="jl-Ubuntu" failures="0" tests="1" name="jl.project.ChromeTests.UserRequirement3_Test" time="21.913" errors="0" timestamp="07 Apr 2021 17:11:40 GMT" skipped="0">
  <testcase classname="jl.project.ChromeTests.UserRequirement3_Test" name="hideAndDisplayItem" time="21.913"/>
</testsuite> <!-- jl.project.ChromeTests.UserRequirement3_Test -->
