<?xml version="1.0" encoding="UTF-8"?>
<!-- Generated by org.testng.reporters.JUnitReportReporter -->
<testsuite hostname="jl-Ubuntu" failures="0" tests="2" name="jl.project.EdgeTests.UserRequirement2_Test" time="3.146" errors="0" timestamp="04 Apr 2021 09:17:33 GMT" skipped="0">
  <testcase classname="jl.project.EdgeTests.UserRequirement2_Test" name="createItem" time="2.308"/>
  <testcase classname="jl.project.EdgeTests.UserRequirement2_Test" name="deleteItem" time="0.838"/>
</testsuite> <!-- jl.project.EdgeTests.UserRequirement2_Test -->
