<?xml version="1.0" encoding="UTF-8"?>
<!-- Generated by org.testng.reporters.JUnitReportReporter -->
<testsuite hostname="DESKTOP-CL5VKH3" failures="0" tests="1" name="jl.project.edgetests.UserRequirement3_Test" time="36.689" errors="0" timestamp="14 Apr 2021 13:04:17 GMT" skipped="0">
  <testcase classname="jl.project.edgetests.UserRequirement3_Test" name="hideAndDisplayItem" time="36.689"/>
</testsuite> <!-- jl.project.edgetests.UserRequirement3_Test -->
