<?xml version="1.0" encoding="UTF-8"?>
<!-- Generated by org.testng.reporters.JUnitReportReporter -->
<testsuite hostname="jl-Ubuntu" failures="0" tests="3" name="jl.project.EdgeTests.UserRequirement4_2_Test" time="90.274" errors="0" timestamp="02 Apr 2021 16:21:24 GMT" skipped="0">
  <testcase classname="jl.project.EdgeTests.UserRequirement4_2_Test" name="HideAndDisplayItemsWithKeyboardOnly_SpaceKey" time="48.184"/>
  <testcase classname="jl.project.EdgeTests.UserRequirement4_2_Test" name="createAndDeleteACategoryWithKeyboardOnly_SpaceKey" time="23.807"/>
  <testcase classname="jl.project.EdgeTests.UserRequirement4_2_Test" name="createAndDeleteItemWithKeyboardOnly_SpaceKey" time="18.283"/>
</testsuite> <!-- jl.project.EdgeTests.UserRequirement4_2_Test -->
