<?xml version="1.0" encoding="UTF-8"?>
<!-- Generated by org.testng.reporters.JUnitReportReporter -->
<testsuite hostname="jl-Ubuntu" failures="0" tests="3" name="jl.project.EdgeTests.UserRequirement4_2_Test" time="119.267" errors="0" timestamp="07 Apr 2021 17:11:40 GMT" skipped="0">
  <testcase classname="jl.project.EdgeTests.UserRequirement4_2_Test" name="createAndDeleteACategoryWithKeyboardOnly_SpaceKey" time="30.268"/>
  <testcase classname="jl.project.EdgeTests.UserRequirement4_2_Test" name="HideAndDisplayItemsWithKeyboardOnly_SpaceKey" time="56.751"/>
  <testcase classname="jl.project.EdgeTests.UserRequirement4_2_Test" name="createAndDeleteItemWithKeyboardOnly_SpaceKey" time="32.248"/>
</testsuite> <!-- jl.project.EdgeTests.UserRequirement4_2_Test -->
