<?xml version="1.0" encoding="UTF-8"?>
<!-- Generated by org.testng.reporters.JUnitReportReporter -->
<testsuite hostname="mm.home" failures="0" tests="1" name="jl.project.ChromeTests.UserRequirement3_Test" time="16.302" errors="0" timestamp="05 Apr 2021 12:12:40 GMT" skipped="0">
  <testcase classname="jl.project.ChromeTests.UserRequirement3_Test" name="hideAndDisplayItem" time="16.302"/>
</testsuite> <!-- jl.project.ChromeTests.UserRequirement3_Test -->
