<?xml version="1.0" encoding="UTF-8"?>
<!-- Generated by org.testng.reporters.JUnitReportReporter -->
<testsuite hostname="DESKTOP-CL5VKH3" failures="0" tests="2" name="jl.project.ChromeTests.UserRequirement1_Test" time="22.072" errors="0" timestamp="05 Apr 2021 17:05:50 GMT" skipped="0">
  <testcase classname="jl.project.ChromeTests.UserRequirement1_Test" name="createCategory" time="8.337"/>
  <testcase classname="jl.project.ChromeTests.UserRequirement1_Test" name="deleteCategory" time="13.735"/>
</testsuite> <!-- jl.project.ChromeTests.UserRequirement1_Test -->
