<?xml version="1.0" encoding="UTF-8"?>
<!-- Generated by org.testng.reporters.JUnitReportReporter -->
<testsuite hostname="mm.home" failures="0" tests="2" name="jl.project.ChromeTests.UserRequirement1_Test" time="20.807" errors="0" timestamp="05 Apr 2021 12:12:40 GMT" skipped="0">
  <testcase classname="jl.project.ChromeTests.UserRequirement1_Test" name="deleteCategory" time="13.531"/>
  <testcase classname="jl.project.ChromeTests.UserRequirement1_Test" name="createCategory" time="7.276"/>
</testsuite> <!-- jl.project.ChromeTests.UserRequirement1_Test -->
