<?xml version="1.0" encoding="UTF-8"?>
<!-- Generated by org.testng.reporters.JUnitReportReporter -->
<testsuite hostname="jl-Ubuntu" failures="0" tests="2" name="jl.project.ChromeTests.UserRequirement2_Test" time="2.782" errors="0" timestamp="31 Mar 2021 03:10:30 GMT" skipped="0">
  <testcase classname="jl.project.ChromeTests.UserRequirement2_Test" name="deleteItem" time="0.828"/>
  <testcase classname="jl.project.ChromeTests.UserRequirement2_Test" name="createItem" time="1.954"/>
</testsuite> <!-- jl.project.ChromeTests.UserRequirement2_Test -->
