<?xml version="1.0" encoding="UTF-8"?>
<!-- Generated by org.testng.reporters.JUnitReportReporter -->
<testsuite hostname="DESKTOP-CL5VKH3" failures="0" tests="2" name="jl.project.edgetests.UserRequirement1_Test" time="26.244" errors="0" timestamp="14 Apr 2021 13:04:17 GMT" skipped="0">
  <testcase classname="jl.project.edgetests.UserRequirement1_Test" name="createCategory" time="13.252"/>
  <testcase classname="jl.project.edgetests.UserRequirement1_Test" name="deleteCategory" time="12.992"/>
</testsuite> <!-- jl.project.edgetests.UserRequirement1_Test -->
