<?xml version="1.0" encoding="UTF-8"?>
<!-- Generated by org.testng.reporters.JUnitReportReporter -->
<testsuite hostname="mm.home" failures="0" tests="2" name="jl.project.chrometests.UserRequirement1_Test" time="16.797" errors="0" timestamp="16 Apr 2021 15:02:51 GMT" skipped="0">
  <testcase classname="jl.project.chrometests.UserRequirement1_Test" name="deleteCategory" time="8.575"/>
  <testcase classname="jl.project.chrometests.UserRequirement1_Test" name="createCategory" time="8.222"/>
</testsuite> <!-- jl.project.chrometests.UserRequirement1_Test -->
