<?xml version="1.0" encoding="UTF-8"?>
<!-- Generated by org.testng.reporters.JUnitReportReporter -->
<testsuite hostname="jl-Ubuntu" failures="0" tests="1" name="jl.project.ChromeTests.UserRequirement3_Test" time="13.259" errors="0" timestamp="04 Apr 2021 09:17:33 GMT" skipped="0">
  <testcase classname="jl.project.ChromeTests.UserRequirement3_Test" name="hideAndDisplayItem" time="13.259"/>
</testsuite> <!-- jl.project.ChromeTests.UserRequirement3_Test -->
